<?xml version="1.0" encoding="UTF-8"?>
<testsuite xmlns:xsi="http://www.w3.org/2001/XMLSchema-instance" xsi:noNamespaceSchemaLocation="https://maven.apache.org/surefire/maven-surefire-plugin/xsd/surefire-test-report-3.0.xsd" version="3.0" name="com.example.FlipkartElementTest" time="17.048" tests="1" errors="0" skipped="0" failures="0">
  <properties>
    <property name="java.specification.version" value="21"/>
    <property name="webdriver.chrome.driver" value="/Users/sagartripathi/.cache/selenium/chromedriver/mac-arm64/124.0.6367.91/chromedriver"/>
    <property name="sun.jnu.encoding" value="UTF-8"/>
    <property name="java.class.path" value="/Users/sagartripathi/Documents/selenium-test-framework/target/test-classes:/Users/sagartripathi/Documents/selenium-test-framework/target/classes:/Users/sagartripathi/.m2/repository/junit/junit/3.8.1/junit-3.8.1.jar:/Users/sagartripathi/.m2/repository/org/seleniumhq/selenium/selenium-java/3.141.59/selenium-java-3.141.59.jar:/Users/sagartripathi/.m2/repository/org/seleniumhq/selenium/selenium-api/3.141.59/selenium-api-3.141.59.jar:/Users/sagartripathi/.m2/repository/org/seleniumhq/selenium/selenium-chrome-driver/3.141.59/selenium-chrome-driver-3.141.59.jar:/Users/sagartripathi/.m2/repository/org/seleniumhq/selenium/selenium-edge-driver/3.141.59/selenium-edge-driver-3.141.59.jar:/Users/sagartripathi/.m2/repository/org/seleniumhq/selenium/selenium-firefox-driver/3.141.59/selenium-firefox-driver-3.141.59.jar:/Users/sagartripathi/.m2/repository/org/seleniumhq/selenium/selenium-ie-driver/3.141.59/selenium-ie-driver-3.141.59.jar:/Users/sagartripathi/.m2/repository/org/seleniumhq/selenium/selenium-opera-driver/3.141.59/selenium-opera-driver-3.141.59.jar:/Users/sagartripathi/.m2/repository/org/seleniumhq/selenium/selenium-remote-driver/3.141.59/selenium-remote-driver-3.141.59.jar:/Users/sagartripathi/.m2/repository/org/seleniumhq/selenium/selenium-safari-driver/3.141.59/selenium-safari-driver-3.141.59.jar:/Users/sagartripathi/.m2/repository/org/seleniumhq/selenium/selenium-support/3.141.59/selenium-support-3.141.59.jar:/Users/sagartripathi/.m2/repository/net/bytebuddy/byte-buddy/1.8.15/byte-buddy-1.8.15.jar:/Users/sagartripathi/.m2/repository/org/apache/commons/commons-exec/1.3/commons-exec-1.3.jar:/Users/sagartripathi/.m2/repository/com/google/guava/guava/25.0-jre/guava-25.0-jre.jar:/Users/sagartripathi/.m2/repository/com/google/code/findbugs/jsr305/1.3.9/jsr305-1.3.9.jar:/Users/sagartripathi/.m2/repository/org/checkerframework/checker-compat-qual/2.0.0/checker-compat-qual-2.0.0.jar:/Users/sagartripathi/.m2/repository/com/google/errorprone/error_prone_annotations/2.1.3/error_prone_annotations-2.1.3.jar:/Users/sagartripathi/.m2/repository/com/google/j2objc/j2objc-annotations/1.1/j2objc-annotations-1.1.jar:/Users/sagartripathi/.m2/repository/org/codehaus/mojo/animal-sniffer-annotations/1.14/animal-sniffer-annotations-1.14.jar:/Users/sagartripathi/.m2/repository/com/squareup/okhttp3/okhttp/3.11.0/okhttp-3.11.0.jar:/Users/sagartripathi/.m2/repository/com/squareup/okio/okio/1.14.0/okio-1.14.0.jar:/Users/sagartripathi/.m2/repository/io/github/bonigarcia/webdrivermanager/5.8.0/webdrivermanager-5.8.0.jar:/Users/sagartripathi/.m2/repository/org/slf4j/slf4j-api/2.0.12/slf4j-api-2.0.12.jar:/Users/sagartripathi/.m2/repository/com/google/code/gson/gson/2.10.1/gson-2.10.1.jar:/Users/sagartripathi/.m2/repository/com/github/docker-java/docker-java/3.3.6/docker-java-3.3.6.jar:/Users/sagartripathi/.m2/repository/com/github/docker-java/docker-java-core/3.3.6/docker-java-core-3.3.6.jar:/Users/sagartripathi/.m2/repository/com/github/docker-java/docker-java-api/3.3.6/docker-java-api-3.3.6.jar:/Users/sagartripathi/.m2/repository/com/fasterxml/jackson/core/jackson-annotations/2.10.3/jackson-annotations-2.10.3.jar:/Users/sagartripathi/.m2/repository/com/fasterxml/jackson/core/jackson-databind/2.10.3/jackson-databind-2.10.3.jar:/Users/sagartripathi/.m2/repository/com/fasterxml/jackson/core/jackson-core/2.10.3/jackson-core-2.10.3.jar:/Users/sagartripathi/.m2/repository/org/bouncycastle/bcpkix-jdk18on/1.76/bcpkix-jdk18on-1.76.jar:/Users/sagartripathi/.m2/repository/org/bouncycastle/bcprov-jdk18on/1.76/bcprov-jdk18on-1.76.jar:/Users/sagartripathi/.m2/repository/org/bouncycastle/bcutil-jdk18on/1.76/bcutil-jdk18on-1.76.jar:/Users/sagartripathi/.m2/repository/org/slf4j/jcl-over-slf4j/1.7.30/jcl-over-slf4j-1.7.30.jar:/Users/sagartripathi/.m2/repository/com/github/docker-java/docker-java-transport-httpclient5/3.3.6/docker-java-transport-httpclient5-3.3.6.jar:/Users/sagartripathi/.m2/repository/com/github/docker-java/docker-java-transport/3.3.6/docker-java-transport-3.3.6.jar:/Users/sagartripathi/.m2/repository/net/java/dev/jna/jna/5.13.0/jna-5.13.0.jar:/Users/sagartripathi/.m2/repository/org/brotli/dec/0.1.2/dec-0.1.2.jar:/Users/sagartripathi/.m2/repository/org/apache/commons/commons-lang3/3.14.0/commons-lang3-3.14.0.jar:/Users/sagartripathi/.m2/repository/org/apache/commons/commons-compress/1.26.1/commons-compress-1.26.1.jar:/Users/sagartripathi/.m2/repository/commons-codec/commons-codec/1.16.1/commons-codec-1.16.1.jar:/Users/sagartripathi/.m2/repository/commons-io/commons-io/2.15.1/commons-io-2.15.1.jar:/Users/sagartripathi/.m2/repository/org/apache/httpcomponents/client5/httpclient5/5.2.1/httpclient5-5.2.1.jar:/Users/sagartripathi/.m2/repository/org/apache/httpcomponents/core5/httpcore5/5.2/httpcore5-5.2.jar:/Users/sagartripathi/.m2/repository/org/apache/httpcomponents/core5/httpcore5-h2/5.2/httpcore5-h2-5.2.jar:/Users/sagartripathi/.m2/repository/org/testng/testng/7.4.0/testng-7.4.0.jar:/Users/sagartripathi/.m2/repository/com/beust/jcommander/1.78/jcommander-1.78.jar:/Users/sagartripathi/.m2/repository/org/webjars/jquery/3.5.1/jquery-3.5.1.jar:"/>
    <property name="java.vm.vendor" value="Homebrew"/>
    <property name="sun.arch.data.model" value="64"/>
    <property name="java.vendor.url" value="https://github.com/Homebrew/homebrew-core/issues"/>
    <property name="user.timezone" value="Asia/Kuala_Lumpur"/>
    <property name="os.name" value="Mac OS X"/>
    <property name="java.vm.specification.version" value="21"/>
    <property name="sun.java.launcher" value="SUN_STANDARD"/>
    <property name="user.country" value="IN"/>
    <property name="sun.boot.library.path" value="/opt/homebrew/Cellar/openjdk/21.0.1/libexec/openjdk.jdk/Contents/Home/lib"/>
    <property name="sun.java.command" value="/Users/sagartripathi/Documents/selenium-test-framework/target/surefire/surefirebooter-20240501155533447_3.jar /Users/sagartripathi/Documents/selenium-test-framework/target/surefire 2024-05-01T15-55-33_412-jvmRun1 surefire-20240501155533447_1tmp surefire_0-20240501155533447_2tmp"/>
    <property name="http.nonProxyHosts" value="local|*.local|169.254/16|*.169.254/16"/>
    <property name="jdk.debug" value="release"/>
    <property name="surefire.test.class.path" value="/Users/sagartripathi/Documents/selenium-test-framework/target/test-classes:/Users/sagartripathi/Documents/selenium-test-framework/target/classes:/Users/sagartripathi/.m2/repository/junit/junit/3.8.1/junit-3.8.1.jar:/Users/sagartripathi/.m2/repository/org/seleniumhq/selenium/selenium-java/3.141.59/selenium-java-3.141.59.jar:/Users/sagartripathi/.m2/repository/org/seleniumhq/selenium/selenium-api/3.141.59/selenium-api-3.141.59.jar:/Users/sagartripathi/.m2/repository/org/seleniumhq/selenium/selenium-chrome-driver/3.141.59/selenium-chrome-driver-3.141.59.jar:/Users/sagartripathi/.m2/repository/org/seleniumhq/selenium/selenium-edge-driver/3.141.59/selenium-edge-driver-3.141.59.jar:/Users/sagartripathi/.m2/repository/org/seleniumhq/selenium/selenium-firefox-driver/3.141.59/selenium-firefox-driver-3.141.59.jar:/Users/sagartripathi/.m2/repository/org/seleniumhq/selenium/selenium-ie-driver/3.141.59/selenium-ie-driver-3.141.59.jar:/Users/sagartripathi/.m2/repository/org/seleniumhq/selenium/selenium-opera-driver/3.141.59/selenium-opera-driver-3.141.59.jar:/Users/sagartripathi/.m2/repository/org/seleniumhq/selenium/selenium-remote-driver/3.141.59/selenium-remote-driver-3.141.59.jar:/Users/sagartripathi/.m2/repository/org/seleniumhq/selenium/selenium-safari-driver/3.141.59/selenium-safari-driver-3.141.59.jar:/Users/sagartripathi/.m2/repository/org/seleniumhq/selenium/selenium-support/3.141.59/selenium-support-3.141.59.jar:/Users/sagartripathi/.m2/repository/net/bytebuddy/byte-buddy/1.8.15/byte-buddy-1.8.15.jar:/Users/sagartripathi/.m2/repository/org/apache/commons/commons-exec/1.3/commons-exec-1.3.jar:/Users/sagartripathi/.m2/repository/com/google/guava/guava/25.0-jre/guava-25.0-jre.jar:/Users/sagartripathi/.m2/repository/com/google/code/findbugs/jsr305/1.3.9/jsr305-1.3.9.jar:/Users/sagartripathi/.m2/repository/org/checkerframework/checker-compat-qual/2.0.0/checker-compat-qual-2.0.0.jar:/Users/sagartripathi/.m2/repository/com/google/errorprone/error_prone_annotations/2.1.3/error_prone_annotations-2.1.3.jar:/Users/sagartripathi/.m2/repository/com/google/j2objc/j2objc-annotations/1.1/j2objc-annotations-1.1.jar:/Users/sagartripathi/.m2/repository/org/codehaus/mojo/animal-sniffer-annotations/1.14/animal-sniffer-annotations-1.14.jar:/Users/sagartripathi/.m2/repository/com/squareup/okhttp3/okhttp/3.11.0/okhttp-3.11.0.jar:/Users/sagartripathi/.m2/repository/com/squareup/okio/okio/1.14.0/okio-1.14.0.jar:/Users/sagartripathi/.m2/repository/io/github/bonigarcia/webdrivermanager/5.8.0/webdrivermanager-5.8.0.jar:/Users/sagartripathi/.m2/repository/org/slf4j/slf4j-api/2.0.12/slf4j-api-2.0.12.jar:/Users/sagartripathi/.m2/repository/com/google/code/gson/gson/2.10.1/gson-2.10.1.jar:/Users/sagartripathi/.m2/repository/com/github/docker-java/docker-java/3.3.6/docker-java-3.3.6.jar:/Users/sagartripathi/.m2/repository/com/github/docker-java/docker-java-core/3.3.6/docker-java-core-3.3.6.jar:/Users/sagartripathi/.m2/repository/com/github/docker-java/docker-java-api/3.3.6/docker-java-api-3.3.6.jar:/Users/sagartripathi/.m2/repository/com/fasterxml/jackson/core/jackson-annotations/2.10.3/jackson-annotations-2.10.3.jar:/Users/sagartripathi/.m2/repository/com/fasterxml/jackson/core/jackson-databind/2.10.3/jackson-databind-2.10.3.jar:/Users/sagartripathi/.m2/repository/com/fasterxml/jackson/core/jackson-core/2.10.3/jackson-core-2.10.3.jar:/Users/sagartripathi/.m2/repository/org/bouncycastle/bcpkix-jdk18on/1.76/bcpkix-jdk18on-1.76.jar:/Users/sagartripathi/.m2/repository/org/bouncycastle/bcprov-jdk18on/1.76/bcprov-jdk18on-1.76.jar:/Users/sagartripathi/.m2/repository/org/bouncycastle/bcutil-jdk18on/1.76/bcutil-jdk18on-1.76.jar:/Users/sagartripathi/.m2/repository/org/slf4j/jcl-over-slf4j/1.7.30/jcl-over-slf4j-1.7.30.jar:/Users/sagartripathi/.m2/repository/com/github/docker-java/docker-java-transport-httpclient5/3.3.6/docker-java-transport-httpclient5-3.3.6.jar:/Users/sagartripathi/.m2/repository/com/github/docker-java/docker-java-transport/3.3.6/docker-java-transport-3.3.6.jar:/Users/sagartripathi/.m2/repository/net/java/dev/jna/jna/5.13.0/jna-5.13.0.jar:/Users/sagartripathi/.m2/repository/org/brotli/dec/0.1.2/dec-0.1.2.jar:/Users/sagartripathi/.m2/repository/org/apache/commons/commons-lang3/3.14.0/commons-lang3-3.14.0.jar:/Users/sagartripathi/.m2/repository/org/apache/commons/commons-compress/1.26.1/commons-compress-1.26.1.jar:/Users/sagartripathi/.m2/repository/commons-codec/commons-codec/1.16.1/commons-codec-1.16.1.jar:/Users/sagartripathi/.m2/repository/commons-io/commons-io/2.15.1/commons-io-2.15.1.jar:/Users/sagartripathi/.m2/repository/org/apache/httpcomponents/client5/httpclient5/5.2.1/httpclient5-5.2.1.jar:/Users/sagartripathi/.m2/repository/org/apache/httpcomponents/core5/httpcore5/5.2/httpcore5-5.2.jar:/Users/sagartripathi/.m2/repository/org/apache/httpcomponents/core5/httpcore5-h2/5.2/httpcore5-h2-5.2.jar:/Users/sagartripathi/.m2/repository/org/testng/testng/7.4.0/testng-7.4.0.jar:/Users/sagartripathi/.m2/repository/com/beust/jcommander/1.78/jcommander-1.78.jar:/Users/sagartripathi/.m2/repository/org/webjars/jquery/3.5.1/jquery-3.5.1.jar:"/>
    <property name="sun.cpu.endian" value="little"/>
    <property name="user.home" value="/Users/sagartripathi"/>
    <property name="user.language" value="en"/>
    <property name="java.specification.vendor" value="Oracle Corporation"/>
    <property name="java.version.date" value="2023-10-17"/>
    <property name="java.home" value="/opt/homebrew/Cellar/openjdk/21.0.1/libexec/openjdk.jdk/Contents/Home"/>
    <property name="file.separator" value="/"/>
    <property name="basedir" value="/Users/sagartripathi/Documents/selenium-test-framework"/>
    <property name="java.vm.compressedOopsMode" value="Zero based"/>
    <property name="line.separator" value="&#10;"/>
    <property name="java.vm.specification.vendor" value="Oracle Corporation"/>
    <property name="java.specification.name" value="Java Platform API Specification"/>
    <property name="apple.awt.application.name" value="ForkedBooter"/>
    <property name="surefire.real.class.path" value="/Users/sagartripathi/Documents/selenium-test-framework/target/surefire/surefirebooter-20240501155533447_3.jar"/>
    <property name="sun.management.compiler" value="HotSpot 64-Bit Tiered Compilers"/>
    <property name="ftp.nonProxyHosts" value="local|*.local|169.254/16|*.169.254/16"/>
    <property name="java.runtime.version" value="21.0.1"/>
    <property name="user.name" value="sagartripathi"/>
    <property name="stdout.encoding" value="UTF-8"/>
    <property name="path.separator" value=":"/>
    <property name="os.version" value="14.0"/>
    <property name="java.runtime.name" value="OpenJDK Runtime Environment"/>
    <property name="file.encoding" value="UTF-8"/>
    <property name="java.vm.name" value="OpenJDK 64-Bit Server VM"/>
    <property name="java.vendor.version" value="Homebrew"/>
    <property name="localRepository" value="/Users/sagartripathi/.m2/repository"/>
    <property name="java.vendor.url.bug" value="https://github.com/Homebrew/homebrew-core/issues"/>
    <property name="java.io.tmpdir" value="/var/folders/z_/623w_gh16232t97bf976d2gh0000gn/T/"/>
    <property name="java.version" value="21.0.1"/>
    <property name="user.dir" value="/Users/sagartripathi/Documents/selenium-test-framework"/>
    <property name="os.arch" value="aarch64"/>
    <property name="java.vm.specification.name" value="Java Virtual Machine Specification"/>
    <property name="native.encoding" value="UTF-8"/>
    <property name="java.library.path" value="/Users/sagartripathi/Library/Java/Extensions:/Library/Java/Extensions:/Network/Library/Java/Extensions:/System/Library/Java/Extensions:/usr/lib/java:."/>
    <property name="java.vm.info" value="mixed mode, sharing"/>
    <property name="stderr.encoding" value="UTF-8"/>
    <property name="java.vendor" value="Homebrew"/>
    <property name="java.vm.version" value="21.0.1"/>
    <property name="sun.io.unicode.encoding" value="UnicodeBig"/>
    <property name="socksNonProxyHosts" value="local|*.local|169.254/16|*.169.254/16"/>
    <property name="java.class.version" value="65.0"/>
  </properties>
  <testcase name="AllListElements" classname="com.example.FlipkartElementTest" time="13.763">
    <system-out><![CDATA[Number of elements found: 1250
Tag Name: html, Text: Search Icon
Login
Login
Cart
Become a Seller
Grocery
Mobiles
Fashion
Electronics
Home & Furniture
Appliances
Travel
Beauty, Toys & More
Two Wheelers
Best of Electronics
Best Truewireless Headphones
Grab Now
Printers
From ₹2336
Top Selling Dell Keyboard
From ₹229
Best Selling Mobile Speakers
From ₹499*
boAt Smartwatches
From ₹1,099
Printers
From ₹3999
Beauty, Food, Toys & more
Top Selling Stationery
From ₹49
Electric Cycle
Up to 40% Off
Food Spreads
Upto 75% Off
Best of Action Toys
Up to 70% Off
Non-Geared Cycles
Up to 40% Off
Microphones
Up to 70% off
Coffee Powder
Upto 80% Off
Most Shopped on FK
Men's T-shirts
Special offer
Laptop Bags
Min. 70% Off
Women's Ethnic Sets
Min. 50% Off
Suitcases
Min. 70% Off
Hang on, loading content
Top Stories :Brand Directory
MOST SEARCHED FOR ON FLIPKART:iPhone 15iPhone 15 PlusiPhone 15 ProiPhone 15 Pro MaxVivo x 100Spoyl StoreSAMSUNG Flip5SAMSUNG Fold5Flipkart Axis Bank Super Elite Credit card5G Mobile PhonesPrimebook LaptopsMoto Edge 40Grievance RedressalOPPO Reno7 Pro 5GiPhone 13Help CentreTrack OrdersManage OrdersReturn OrdersGift Cards StoreFlipkart Axis Bank Credit CardPay Later
MOBILESRedmi 12 5GRealme 12+ 5GMotorola G84Realme C53Infinix Smart 8Samsung Galaxy S23 5GSamsung Galaxy S21 FE 5G Qualcommvivo V30Samsung Galaxy S24 5GSamsung Galaxy S24+ 5GiPhone 12 64GBiPhone 12 Pro 512GBiPhone 12 128GBVivo Y15SAMSUNG Galaxy S21 FE 5GInfinix HOT 30iRealme 10 Pro 5GMOTOROLA G62 5GNothing PhoneREDMI Note 12 Pro 5GInfinix SMART 7Vivo Y12Oppo A12Motorola 5g PhoneRealme 5g SmartphoneApple 5g PhoneIqoo 5g PhonesOneplus 5g PhonesVivo 5g PhonesOppo 5g Smart PhonesOppo F15Oppo A31Samsung A71Samsung A51Samsung A31iPhone 11iPhone 11 Pro4G MobileNokia MobileSamsung MobileiphoneOppo MobileVivo Mobile
CAMERAGoPro Action CameraNikon CameraCanon CameraSony CameraCanon DSLRNikon DSLR
LAPTOPSAsus ROG AllyMacBook Pro M2Premium LaptopASUS ROG Strix SCAR 16 (2023) Core i9 13th GenASUS ROG Zephyrus M16 (2023) Core i9 13th GenASUS Zenbook 14 OLED (2022)Realme Book Prime Core i5 11th GenMicrosoft Surface Go Pentium 128GBApple LaptopsAcer LaptopsLenovo LaptopsDell LaptopsAsus LaptopsHP LaptopsGaming Laptops2 in 1 LaptopsLaptopsDell latest laptops 2022HP latest laptops 2022Infinix INBook Y1 PlusSAMSUNG Galaxy Book312th Gen Intel Core Laptops
TVSNokia TVPanasonic TVThomson TVMi X ProRealme TVMotorola TVOnePlus TVsLG TVTVSony TVSamsung TVAndroid TelevisionIffalcon TvMi TV
LARGE APPLIANCES:TelevisionWashing MachinesRefrigeratorsAir ConditionersElectric CookersElectric Jug(Heater) / Travel KettlesInduction CooktopsInverters / stabilizerIrons / Iron BoxMixer Grinder JuicerWet GrindersChimneysMicrowave OvensVacuum CleanersWater PurifierFan
CLOTHINGGreen bridal lehengaTopsShoesSunglassesBridal BlouseHalf saree blouse designsDesigner blousesBlouse designsShirtsCotton saree blouse designsTshirtsJeansSareesDressesOne piecesGroom wedding sherwaniDesigner Salwar SuitsBraCotton simple blouse designsBanarasi saree blouse designsStylish blouse astin designTrack PantBlouse neck designsKurtasParty DressesPalazzo SuitsAnarkaliGownsCut out dressSalwar SuitsKurtisDesigner SareesLeggingsShortsGeorgette SareesEthnic Wearuppada pattu sareesBlouse back designJodhpur pants
FOOTWEAR:Adidas ShoesReebok ShoesNike ShoesPuma ShoesBootsBata ShoesWoodland ShoesSkechers ShoesSneakersWomens BootsSports ShoesLoafersSandalsLotto Sports ShoesCasual ShoesWomens Skechers ShoesAsics Sports ShoesFormal ShoesSchool Shoes
GROCERIESPhonePe Grocery VoucherHand WashSoapCashew NutsSunflower OilEggsToilet CleanerHarpic Toilet CleanerDettol SoapMustard OilBiscuitsCheesePatanjali AttaFortune OilAashirvaad AttaTea
BEST SELLING ON FLIPKARTHeadphonesBest Gas GeyserKitchen GeyserNutri BlendersPortable Air CoolerBest Air CoolerBagsHitachi Refrigerator 3 DoorBooksToysCandlesHelmetsWall ClocksBaby FoodChocolatesCyclesCalculatorsLipsticksMaskVertiv UPSFastrack WatchesWalletsEarringsGold CoinsRealme Pad MiniHandbagsconekt SW2 SmartwatchMivi DuoPods a350Speaker Cleaner
FURNITUREFurnitureSofasBedsDining setsWardrobesMattressesTV UnitsTablesChairsShelvesBean BagsOffice ChairsComputer TableOffice TablesRed SofaWakefit BedsWhite SofaWakefit MattressGreen SofaBlack SofaBrown Sofa
BGMH:Whey ProteinHomeopathyCricketCyclesFootballsTreadmillsChristmas GiftsFitness AccessoriesOnline GuitarBooks StoreMusical Instrument StoreDabur ChyawanprashBaidyanath ChyawanprashEnergy DrinksToysMilk Drink MixesRakhiChyawanprashIndian FlagProtein Supplements
Flipkart: The One-stop Shopping Destination
E-commerce is revolutionizing the way we all shop in India. Why do you want to hop from one store to another in search of the latest phone when you can find it on the Internet in a single click? Not only mobiles. Flipkart houses everything you can possibly imagine, from trending electronics like laptops, tablets, smartphones, and mobile accessories to in-vogue fashion staples like shoes, clothing and lifestyle accessories; from modern furniture like sofa sets, dining tables, and wardrobes to appliances that make your life easy like washing machines, TVs, ACs, mixer grinder juicers and other time-saving kitchen and small appliances; from home furnishings like cushion covers, mattresses and bedsheets to toys and musical instruments, we got them all covered. You name it, and you can stay assured about finding them all here. For those of you with erratic working hours, Flipkart is your best bet. Shop in your PJs, at night or in the wee hours of the morning. This e-commerce never shuts down.

What's more, with our year-round shopping festivals and events, our prices are irresistible. We're sure you'll find yourself picking up more than what you had in mind. If you are wondering why you should shop from Flipkart when there are multiple options available to you, well, the below will answer your question.

Flipkart Plus
A world of limitless possibilities awaits you - Flipkart Plus was kickstarted as a loyalty reward programme for all its regular customers at zero subscription fee. All you need is 500 supercoins to be a part of this service. For every 100 rupees spent on Flipkart order, Plus members earns 4 supercoins & non-plus members earn 2 supercoins. Free delivery, early access during sales and shopping festivals, exchange offers and priority customer service are the top benefits to a Flipkart Plus member. In short, earn more when you shop more!

What's more, you can even use the Flipkart supercoins for a number of exciting services, like:
An annual Zomato Gold membership
An annual Hotstar Premium membership
6 months Gaana plus subscription
Rupees 550 instant discount on flights on ixigo
Check out https://www.flipkart.com/plus/all-offers for the entire list. Terms and conditions apply.

No Cost EMI
In an attempt to make high-end products accessible to all, our No Cost EMI plan enables you to shop with us under EMI, without shelling out any processing fee. Applicable on select mobiles, laptops, large and small appliances, furniture, electronics and watches, you can now shop without burning a hole in your pocket. If you've been eyeing a product for a long time, chances are it may be up for a no cost EMI. Take a look ASAP! Terms and conditions apply.

EMI on Debit Cards
Did you know debit card holders account for 79.38 crore in the country, while there are only 3.14 crore credit card holders? After enabling EMI on Credit Cards, in another attempt to make online shopping accessible to everyone, Flipkart introduces EMI on Debit Cards, empowering you to shop confidently with us without having to worry about pauses in monthly cash flow. At present, we have partnered with Axis Bank, HDFC Bank, State Bank of India and ICICI Bank for this facility. More power to all our shoppers! Terms and conditions apply.

Mobile Exchange Offers
Get an instant discount on the phone that you have been eyeing on. Exchange your old mobile for a new one after the Flipkart experts calculate the value of your old phone, provided it is in a working condition without damage to the screen. If a phone is applicable for an exchange offer, you will see the 'Buy with Exchange' option on the product description of the phone. So, be smart, always opt for an exchange wherever possible. Terms and conditions apply.

What Can You Buy From Flipkart?
Mobile Phones
From budget phones to state-of-the-art smartphones, we have a mobile for everybody out there. Whether you're looking for larger, fuller screens, power-packed batteries, blazing-fast processors, beautification apps, high-tech selfie cameras or just large internal space, we take care of all the essentials. Shop from top brands in the country like Samsung, Apple, Oppo, Xiaomi, Realme, Vivo, and Honor to name a few. Rest assured, you're buying from only the most reliable names in the market. What's more, with Flipkart's Complete Mobile Protection Plan, you will never again find the need to run around service centres. This plan entails you to a number of post-purchase solutions, starting at as low as Rupees 99 only! Broken screens, liquid damage to phone, hardware and software glitches, and replacements - the Flipkart Complete Mobile Protection covers a comprehensive range of post-purchase problems, with door-to-door services.

Electronic Devices and Accessories
When it comes to laptops, we are not far behind. Filter among dozens of super-fast operating systems, hard disk capacity, RAM, lifestyle, screen size and many other criterias for personalized results in a flash. All you students out there, confused about what laptop to get? Our Back To College Store segregates laptops purpose wise (gaming, browsing and research, project work, entertainment, design, multitasking) with recommendations from top brands and industry experts, facilitating a shopping experience that is quicker and simpler.

Photography lovers, you couldn't land at a better page than ours. Cutting-edge DSLR cameras, ever reliable point-and-shoot cameras, millennial favourite instant cameras or action cameras for adventure junkies: our range of cameras is as much for beginners as it is for professionals. Canon, Nikon, GoPro, Sony, and Fujifilm are some big names you'll find in our store. Photography lovers, you couldn't land at a better page than ours. Cutting-edge DSLR cameras, ever reliable point-and-shoot cameras, millennial favourite instant cameras or action cameras for adventure junkies: our range of cameras is as much for beginners as it is for professionals. Canon, Nikon, GoPro, Sony, and Fujifilm are some big names you'll find in our store.

Turn your home into a theatre with a stunning surround sound system. Choose from our elaborate range of Sony home theatres, JBL soundbars and Philips tower speakers for an experience to remember.

How about jazzing up your phone with our quirky designer cases and covers? Our wide-ranging mobile accessories starting from headphones, power banks, memory cards, mobile chargers, to selfie sticks can prove to be ideal travel companions for you and your phone; never again worry about running out of charge or memory on your next vacation.

Large Appliances
Sleek TVs, power-saving refrigerators, rapid-cooling ACs, resourceful washing machines - discover everything you need to run a house under one roof. Our Dependable TV and Appliance Store ensures zero transit damage, with a replacement guarantee if anything goes wrong; delivery and installation as per your convenience and a double warranty (Official Brand Warranty along with an extended Flipkart Warranty) - rest assured, value for money is what is promised and delivered. Shop from market leaders in the country like Samsung, LG, Whirlpool, Midea, Mi, Vu, Panasonic, Godrej, Sony, Daikin, and Hitachi among many others.

For certain product categories, Customers meeting the eligibility criteria will have the option to buy larger quantities. To know more on the eligibility criteria and terms and conditions, please reach out to Purchases.oni@flipkart.com.

Small Home Appliances
Find handy and practical home appliances designed to make your life simpler: electric kettles, OTGs, microwave ovens, sandwich makers, hand blenders, coffee makers, and many more other time-saving appliances that are truly crafted for a quicker lifestyle. Live life king size with these appliances at home.

Lifestyle
Flipkart, 'India ka Fashion Capital', is your one-stop fashion destination for anything and everything you need to look good. Our exhaustive range of Western and Indian wear, summer and winter clothing, formal and casual footwear, bridal and artificial jewellery, long-lasting make-up, grooming tools and accessories are sure to sweep you off your feet. Shop from crowd favourites like Vero Moda, Forever 21, Only, Arrow, Woodland, Nike, Puma, Revlon, Mac, and Sephora among dozens of other top-of-the-ladder names. From summer staple maxi dresses, no-nonsense cigarette pants, traditional Bandhani kurtis to street-smart biker jackets, you can rely on us for a wardrobe that is up to date. Explore our in-house brands like Metronaut, Anmi, and Denizen, to name a few, for carefully curated designs that are the talk of the town. Get ready to be spoiled for choice.Festivals, office get-togethers, weddings, brunches, or nightwear - Flipkart will have your back each time.

Home and Furniture
Moving to a new place is never easy, especially if you're buying new furniture. Beds, sofa sets, dining tables, wardrobes, and TV units - it's not easy to set up everything again. With the hundreds of options thrown at you, the ride could be overwhelming. What place is reliable, what furniture will stand the test of time? These are questions you must ask before you choose a store. Well, our Durability Certified Furniture Store has not only curated a range of furniture keeping in mind the modern Indian consumer but furniture that comes with a lab certification, ensuring they last you for up to 10 years. Yes, all our furniture has gone through 35 stability and load tests so that you receive only the best-quality furniture. Be FurniSure, always. Names to look out for are Nilkamal, Godrej Interio, Urban Ladder, HomeTown, Durian and Perfect Homes.

You may have your furniture all set up, but they could end up looking flat and incomplete without complementary decor. Curtains, cushion covers, bed sheets, wall shelves, paintings, floor lamps - find everything that turns a house to an inviting home under one roof at Flipkart.

Baby and Kids
Your kids deserve only the best. From bodysuits, booties, diapers to strollers, if you're an expecting mother or a new mother, you will find everything you need to set sail on a smooth parenting journey with the help of our baby care collection. When it comes to safety, hygiene and comfort, you can rely on us without a second thought. Huggies, Pampers, MamyPoko, and Johnson & Johnson: we host only the most-trusted names in the business for your baby.

Books, Sports and Games
Work hard and no play? We don't believe in that. Get access to best-selling fiction and non-fiction books by your favourite authors, thrilling English and Indian blockbusters, most-wanted gaming consoles, and a tempting range of fitness and sports gadgets and equipment bound to inspire you to get moving.

Grocery/Supermart
Launching into the grocery vertical, Flipkart introduces Supermart that is out to bring everyday essentials close to you. From pulses, spices, dairy, personal and sanitary care, breakfast essentials, health drinks, spreads, ready to cook, grooming to cleaning agents, we are happy to present everything you need to run a house. Now buy Grocery products for as low as 1 Rupee only - our 1 Rupee Store presents new products every day for a nominal price of 1 Rupee only. Terms and conditions apply.
ABOUT
Contact Us
About Us
Careers
Flipkart Stories
Press
Corporate Information
GROUP COMPANIES
Myntra
Flipkart Wholesale
Cleartrip
Shopsy
HELP
Payments
Shipping
Cancellation & Returns
FAQ
Report Infringement
CONSUMER POLICY
Cancellation & Returns
Terms Of Use
Security
Privacy
Sitemap
Grievance Redressal
EPR Compliance
Mail Us:
Flipkart Internet Private Limited,
Buildings Alyssa, Begonia &
Clove Embassy Tech Village,
Outer Ring Road, Devarabeesanahalli Village,
Bengaluru, 560103,
Karnataka, India
Social:
Registered Office Address:
Flipkart Internet Private Limited,
Buildings Alyssa, Begonia &
Clove Embassy Tech Village,
Outer Ring Road, Devarabeesanahalli Village,
Bengaluru, 560103,
Karnataka, India
CIN : U51109KA2012PTC066107
Telephone: 044-45614700
Become a Seller
Advertise
Gift Cards
Help Center
© 2007-2024 Flipkart.com
Liked the new design ?
Tag Name: head, Text: 
Tag Name: script, Text: 
Tag Name: script, Text: 
Tag Name: script, Text: 
Tag Name: link, Text: 
Tag Name: link, Text: 
Tag Name: link, Text: 
Tag Name: link, Text: 
Tag Name: link, Text: 
Tag Name: meta, Text: 
Tag Name: meta, Text: 
Tag Name: meta, Text: 
Tag Name: title, Text: 
Tag Name: meta, Text: 
Tag Name: meta, Text: 
Tag Name: meta, Text: 
Tag Name: meta, Text: 
Tag Name: meta, Text: 
Tag Name: meta, Text: 
Tag Name: meta, Text: 
Tag Name: link, Text: 
Tag Name: link, Text: 
Tag Name: meta, Text: 
Tag Name: meta, Text: 
Tag Name: script, Text: 
Tag Name: script, Text: 
Tag Name: style, Text: 
Tag Name: link, Text: 
Tag Name: link, Text: 
Tag Name: style, Text: 
Tag Name: script, Text: 
Tag Name: script, Text: 
Tag Name: script, Text: 
Tag Name: style, Text: 
Tag Name: link, Text: 
Tag Name: script, Text: 
Tag Name: link, Text: 
Tag Name: script, Text: 
Tag Name: link, Text: 
Tag Name: script, Text: 
Tag Name: style, Text: 
Tag Name: link, Text: 
Tag Name: script, Text: 
Tag Name: script, Text: 
Tag Name: script, Text: 
Tag Name: script, Text: 
Tag Name: body, Text: Search Icon
Login
Login
Cart
Become a Seller
Grocery
Mobiles
Fashion
Electronics
Home & Furniture
Appliances
Travel
Beauty, Toys & More
Two Wheelers
Best of Electronics
Best Truewireless Headphones
Grab Now
Printers
From ₹2336
Top Selling Dell Keyboard
From ₹229
Best Selling Mobile Speakers
From ₹499*
boAt Smartwatches
From ₹1,099
Printers
From ₹3999
Beauty, Food, Toys & more
Top Selling Stationery
From ₹49
Electric Cycle
Up to 40% Off
Food Spreads
Upto 75% Off
Best of Action Toys
Up to 70% Off
Non-Geared Cycles
Up to 40% Off
Microphones
Up to 70% off
Coffee Powder
Upto 80% Off
Most Shopped on FK
Men's T-shirts
Special offer
Laptop Bags
Min. 70% Off
Women's Ethnic Sets
Min. 50% Off
Suitcases
Min. 70% Off
Hang on, loading content
Top Stories :Brand Directory
MOST SEARCHED FOR ON FLIPKART:iPhone 15iPhone 15 PlusiPhone 15 ProiPhone 15 Pro MaxVivo x 100Spoyl StoreSAMSUNG Flip5SAMSUNG Fold5Flipkart Axis Bank Super Elite Credit card5G Mobile PhonesPrimebook LaptopsMoto Edge 40Grievance RedressalOPPO Reno7 Pro 5GiPhone 13Help CentreTrack OrdersManage OrdersReturn OrdersGift Cards StoreFlipkart Axis Bank Credit CardPay Later
MOBILESRedmi 12 5GRealme 12+ 5GMotorola G84Realme C53Infinix Smart 8Samsung Galaxy S23 5GSamsung Galaxy S21 FE 5G Qualcommvivo V30Samsung Galaxy S24 5GSamsung Galaxy S24+ 5GiPhone 12 64GBiPhone 12 Pro 512GBiPhone 12 128GBVivo Y15SAMSUNG Galaxy S21 FE 5GInfinix HOT 30iRealme 10 Pro 5GMOTOROLA G62 5GNothing PhoneREDMI Note 12 Pro 5GInfinix SMART 7Vivo Y12Oppo A12Motorola 5g PhoneRealme 5g SmartphoneApple 5g PhoneIqoo 5g PhonesOneplus 5g PhonesVivo 5g PhonesOppo 5g Smart PhonesOppo F15Oppo A31Samsung A71Samsung A51Samsung A31iPhone 11iPhone 11 Pro4G MobileNokia MobileSamsung MobileiphoneOppo MobileVivo Mobile
CAMERAGoPro Action CameraNikon CameraCanon CameraSony CameraCanon DSLRNikon DSLR
LAPTOPSAsus ROG AllyMacBook Pro M2Premium LaptopASUS ROG Strix SCAR 16 (2023) Core i9 13th GenASUS ROG Zephyrus M16 (2023) Core i9 13th GenASUS Zenbook 14 OLED (2022)Realme Book Prime Core i5 11th GenMicrosoft Surface Go Pentium 128GBApple LaptopsAcer LaptopsLenovo LaptopsDell LaptopsAsus LaptopsHP LaptopsGaming Laptops2 in 1 LaptopsLaptopsDell latest laptops 2022HP latest laptops 2022Infinix INBook Y1 PlusSAMSUNG Galaxy Book312th Gen Intel Core Laptops
TVSNokia TVPanasonic TVThomson TVMi X ProRealme TVMotorola TVOnePlus TVsLG TVTVSony TVSamsung TVAndroid TelevisionIffalcon TvMi TV
LARGE APPLIANCES:TelevisionWashing MachinesRefrigeratorsAir ConditionersElectric CookersElectric Jug(Heater) / Travel KettlesInduction CooktopsInverters / stabilizerIrons / Iron BoxMixer Grinder JuicerWet GrindersChimneysMicrowave OvensVacuum CleanersWater PurifierFan
CLOTHINGGreen bridal lehengaTopsShoesSunglassesBridal BlouseHalf saree blouse designsDesigner blousesBlouse designsShirtsCotton saree blouse designsTshirtsJeansSareesDressesOne piecesGroom wedding sherwaniDesigner Salwar SuitsBraCotton simple blouse designsBanarasi saree blouse designsStylish blouse astin designTrack PantBlouse neck designsKurtasParty DressesPalazzo SuitsAnarkaliGownsCut out dressSalwar SuitsKurtisDesigner SareesLeggingsShortsGeorgette SareesEthnic Wearuppada pattu sareesBlouse back designJodhpur pants
FOOTWEAR:Adidas ShoesReebok ShoesNike ShoesPuma ShoesBootsBata ShoesWoodland ShoesSkechers ShoesSneakersWomens BootsSports ShoesLoafersSandalsLotto Sports ShoesCasual ShoesWomens Skechers ShoesAsics Sports ShoesFormal ShoesSchool Shoes
GROCERIESPhonePe Grocery VoucherHand WashSoapCashew NutsSunflower OilEggsToilet CleanerHarpic Toilet CleanerDettol SoapMustard OilBiscuitsCheesePatanjali AttaFortune OilAashirvaad AttaTea
BEST SELLING ON FLIPKARTHeadphonesBest Gas GeyserKitchen GeyserNutri BlendersPortable Air CoolerBest Air CoolerBagsHitachi Refrigerator 3 DoorBooksToysCandlesHelmetsWall ClocksBaby FoodChocolatesCyclesCalculatorsLipsticksMaskVertiv UPSFastrack WatchesWalletsEarringsGold CoinsRealme Pad MiniHandbagsconekt SW2 SmartwatchMivi DuoPods a350Speaker Cleaner
FURNITUREFurnitureSofasBedsDining setsWardrobesMattressesTV UnitsTablesChairsShelvesBean BagsOffice ChairsComputer TableOffice TablesRed SofaWakefit BedsWhite SofaWakefit MattressGreen SofaBlack SofaBrown Sofa
BGMH:Whey ProteinHomeopathyCricketCyclesFootballsTreadmillsChristmas GiftsFitness AccessoriesOnline GuitarBooks StoreMusical Instrument StoreDabur ChyawanprashBaidyanath ChyawanprashEnergy DrinksToysMilk Drink MixesRakhiChyawanprashIndian FlagProtein Supplements
Flipkart: The One-stop Shopping Destination
E-commerce is revolutionizing the way we all shop in India. Why do you want to hop from one store to another in search of the latest phone when you can find it on the Internet in a single click? Not only mobiles. Flipkart houses everything you can possibly imagine, from trending electronics like laptops, tablets, smartphones, and mobile accessories to in-vogue fashion staples like shoes, clothing and lifestyle accessories; from modern furniture like sofa sets, dining tables, and wardrobes to appliances that make your life easy like washing machines, TVs, ACs, mixer grinder juicers and other time-saving kitchen and small appliances; from home furnishings like cushion covers, mattresses and bedsheets to toys and musical instruments, we got them all covered. You name it, and you can stay assured about finding them all here. For those of you with erratic working hours, Flipkart is your best bet. Shop in your PJs, at night or in the wee hours of the morning. This e-commerce never shuts down.

What's more, with our year-round shopping festivals and events, our prices are irresistible. We're sure you'll find yourself picking up more than what you had in mind. If you are wondering why you should shop from Flipkart when there are multiple options available to you, well, the below will answer your question.

Flipkart Plus
A world of limitless possibilities awaits you - Flipkart Plus was kickstarted as a loyalty reward programme for all its regular customers at zero subscription fee. All you need is 500 supercoins to be a part of this service. For every 100 rupees spent on Flipkart order, Plus members earns 4 supercoins & non-plus members earn 2 supercoins. Free delivery, early access during sales and shopping festivals, exchange offers and priority customer service are the top benefits to a Flipkart Plus member. In short, earn more when you shop more!

What's more, you can even use the Flipkart supercoins for a number of exciting services, like:
An annual Zomato Gold membership
An annual Hotstar Premium membership
6 months Gaana plus subscription
Rupees 550 instant discount on flights on ixigo
Check out https://www.flipkart.com/plus/all-offers for the entire list. Terms and conditions apply.

No Cost EMI
In an attempt to make high-end products accessible to all, our No Cost EMI plan enables you to shop with us under EMI, without shelling out any processing fee. Applicable on select mobiles, laptops, large and small appliances, furniture, electronics and watches, you can now shop without burning a hole in your pocket. If you've been eyeing a product for a long time, chances are it may be up for a no cost EMI. Take a look ASAP! Terms and conditions apply.

EMI on Debit Cards
Did you know debit card holders account for 79.38 crore in the country, while there are only 3.14 crore credit card holders? After enabling EMI on Credit Cards, in another attempt to make online shopping accessible to everyone, Flipkart introduces EMI on Debit Cards, empowering you to shop confidently with us without having to worry about pauses in monthly cash flow. At present, we have partnered with Axis Bank, HDFC Bank, State Bank of India and ICICI Bank for this facility. More power to all our shoppers! Terms and conditions apply.

Mobile Exchange Offers
Get an instant discount on the phone that you have been eyeing on. Exchange your old mobile for a new one after the Flipkart experts calculate the value of your old phone, provided it is in a working condition without damage to the screen. If a phone is applicable for an exchange offer, you will see the 'Buy with Exchange' option on the product description of the phone. So, be smart, always opt for an exchange wherever possible. Terms and conditions apply.

What Can You Buy From Flipkart?
Mobile Phones
From budget phones to state-of-the-art smartphones, we have a mobile for everybody out there. Whether you're looking for larger, fuller screens, power-packed batteries, blazing-fast processors, beautification apps, high-tech selfie cameras or just large internal space, we take care of all the essentials. Shop from top brands in the country like Samsung, Apple, Oppo, Xiaomi, Realme, Vivo, and Honor to name a few. Rest assured, you're buying from only the most reliable names in the market. What's more, with Flipkart's Complete Mobile Protection Plan, you will never again find the need to run around service centres. This plan entails you to a number of post-purchase solutions, starting at as low as Rupees 99 only! Broken screens, liquid damage to phone, hardware and software glitches, and replacements - the Flipkart Complete Mobile Protection covers a comprehensive range of post-purchase problems, with door-to-door services.

Electronic Devices and Accessories
When it comes to laptops, we are not far behind. Filter among dozens of super-fast operating systems, hard disk capacity, RAM, lifestyle, screen size and many other criterias for personalized results in a flash. All you students out there, confused about what laptop to get? Our Back To College Store segregates laptops purpose wise (gaming, browsing and research, project work, entertainment, design, multitasking) with recommendations from top brands and industry experts, facilitating a shopping experience that is quicker and simpler.

Photography lovers, you couldn't land at a better page than ours. Cutting-edge DSLR cameras, ever reliable point-and-shoot cameras, millennial favourite instant cameras or action cameras for adventure junkies: our range of cameras is as much for beginners as it is for professionals. Canon, Nikon, GoPro, Sony, and Fujifilm are some big names you'll find in our store. Photography lovers, you couldn't land at a better page than ours. Cutting-edge DSLR cameras, ever reliable point-and-shoot cameras, millennial favourite instant cameras or action cameras for adventure junkies: our range of cameras is as much for beginners as it is for professionals. Canon, Nikon, GoPro, Sony, and Fujifilm are some big names you'll find in our store.

Turn your home into a theatre with a stunning surround sound system. Choose from our elaborate range of Sony home theatres, JBL soundbars and Philips tower speakers for an experience to remember.

How about jazzing up your phone with our quirky designer cases and covers? Our wide-ranging mobile accessories starting from headphones, power banks, memory cards, mobile chargers, to selfie sticks can prove to be ideal travel companions for you and your phone; never again worry about running out of charge or memory on your next vacation.

Large Appliances
Sleek TVs, power-saving refrigerators, rapid-cooling ACs, resourceful washing machines - discover everything you need to run a house under one roof. Our Dependable TV and Appliance Store ensures zero transit damage, with a replacement guarantee if anything goes wrong; delivery and installation as per your convenience and a double warranty (Official Brand Warranty along with an extended Flipkart Warranty) - rest assured, value for money is what is promised and delivered. Shop from market leaders in the country like Samsung, LG, Whirlpool, Midea, Mi, Vu, Panasonic, Godrej, Sony, Daikin, and Hitachi among many others.

For certain product categories, Customers meeting the eligibility criteria will have the option to buy larger quantities. To know more on the eligibility criteria and terms and conditions, please reach out to Purchases.oni@flipkart.com.

Small Home Appliances
Find handy and practical home appliances designed to make your life simpler: electric kettles, OTGs, microwave ovens, sandwich makers, hand blenders, coffee makers, and many more other time-saving appliances that are truly crafted for a quicker lifestyle. Live life king size with these appliances at home.

Lifestyle
Flipkart, 'India ka Fashion Capital', is your one-stop fashion destination for anything and everything you need to look good. Our exhaustive range of Western and Indian wear, summer and winter clothing, formal and casual footwear, bridal and artificial jewellery, long-lasting make-up, grooming tools and accessories are sure to sweep you off your feet. Shop from crowd favourites like Vero Moda, Forever 21, Only, Arrow, Woodland, Nike, Puma, Revlon, Mac, and Sephora among dozens of other top-of-the-ladder names. From summer staple maxi dresses, no-nonsense cigarette pants, traditional Bandhani kurtis to street-smart biker jackets, you can rely on us for a wardrobe that is up to date. Explore our in-house brands like Metronaut, Anmi, and Denizen, to name a few, for carefully curated designs that are the talk of the town. Get ready to be spoiled for choice.Festivals, office get-togethers, weddings, brunches, or nightwear - Flipkart will have your back each time.

Home and Furniture
Moving to a new place is never easy, especially if you're buying new furniture. Beds, sofa sets, dining tables, wardrobes, and TV units - it's not easy to set up everything again. With the hundreds of options thrown at you, the ride could be overwhelming. What place is reliable, what furniture will stand the test of time? These are questions you must ask before you choose a store. Well, our Durability Certified Furniture Store has not only curated a range of furniture keeping in mind the modern Indian consumer but furniture that comes with a lab certification, ensuring they last you for up to 10 years. Yes, all our furniture has gone through 35 stability and load tests so that you receive only the best-quality furniture. Be FurniSure, always. Names to look out for are Nilkamal, Godrej Interio, Urban Ladder, HomeTown, Durian and Perfect Homes.

You may have your furniture all set up, but they could end up looking flat and incomplete without complementary decor. Curtains, cushion covers, bed sheets, wall shelves, paintings, floor lamps - find everything that turns a house to an inviting home under one roof at Flipkart.

Baby and Kids
Your kids deserve only the best. From bodysuits, booties, diapers to strollers, if you're an expecting mother or a new mother, you will find everything you need to set sail on a smooth parenting journey with the help of our baby care collection. When it comes to safety, hygiene and comfort, you can rely on us without a second thought. Huggies, Pampers, MamyPoko, and Johnson & Johnson: we host only the most-trusted names in the business for your baby.

Books, Sports and Games
Work hard and no play? We don't believe in that. Get access to best-selling fiction and non-fiction books by your favourite authors, thrilling English and Indian blockbusters, most-wanted gaming consoles, and a tempting range of fitness and sports gadgets and equipment bound to inspire you to get moving.

Grocery/Supermart
Launching into the grocery vertical, Flipkart introduces Supermart that is out to bring everyday essentials close to you. From pulses, spices, dairy, personal and sanitary care, breakfast essentials, health drinks, spreads, ready to cook, grooming to cleaning agents, we are happy to present everything you need to run a house. Now buy Grocery products for as low as 1 Rupee only - our 1 Rupee Store presents new products every day for a nominal price of 1 Rupee only. Terms and conditions apply.
ABOUT
Contact Us
About Us
Careers
Flipkart Stories
Press
Corporate Information
GROUP COMPANIES
Myntra
Flipkart Wholesale
Cleartrip
Shopsy
HELP
Payments
Shipping
Cancellation & Returns
FAQ
Report Infringement
CONSUMER POLICY
Cancellation & Returns
Terms Of Use
Security
Privacy
Sitemap
Grievance Redressal
EPR Compliance
Mail Us:
Flipkart Internet Private Limited,
Buildings Alyssa, Begonia &
Clove Embassy Tech Village,
Outer Ring Road, Devarabeesanahalli Village,
Bengaluru, 560103,
Karnataka, India
Social:
Registered Office Address:
Flipkart Internet Private Limited,
Buildings Alyssa, Begonia &
Clove Embassy Tech Village,
Outer Ring Road, Devarabeesanahalli Village,
Bengaluru, 560103,
Karnataka, India
CIN : U51109KA2012PTC066107
Telephone: 044-45614700
Become a Seller
Advertise
Gift Cards
Help Center
© 2007-2024 Flipkart.com
Liked the new design ?
Tag Name: div, Text: Search Icon
Login
Login
Cart
Become a Seller
Grocery
Mobiles
Fashion
Electronics
Home & Furniture
Appliances
Travel
Beauty, Toys & More
Two Wheelers
Best of Electronics
Best Truewireless Headphones
Grab Now
Printers
From ₹2336
Top Selling Dell Keyboard
From ₹229
Best Selling Mobile Speakers
From ₹499*
boAt Smartwatches
From ₹1,099
Printers
From ₹3999
Beauty, Food, Toys & more
Top Selling Stationery
From ₹49
Electric Cycle
Up to 40% Off
Food Spreads
Upto 75% Off
Best of Action Toys
Up to 70% Off
Non-Geared Cycles
Up to 40% Off
Microphones
Up to 70% off
Coffee Powder
Upto 80% Off
Most Shopped on FK
Men's T-shirts
Special offer
Laptop Bags
Min. 70% Off
Women's Ethnic Sets
Min. 50% Off
Suitcases
Min. 70% Off
Hang on, loading content
Top Stories :Brand Directory
MOST SEARCHED FOR ON FLIPKART:iPhone 15iPhone 15 PlusiPhone 15 ProiPhone 15 Pro MaxVivo x 100Spoyl StoreSAMSUNG Flip5SAMSUNG Fold5Flipkart Axis Bank Super Elite Credit card5G Mobile PhonesPrimebook LaptopsMoto Edge 40Grievance RedressalOPPO Reno7 Pro 5GiPhone 13Help CentreTrack OrdersManage OrdersReturn OrdersGift Cards StoreFlipkart Axis Bank Credit CardPay Later
MOBILESRedmi 12 5GRealme 12+ 5GMotorola G84Realme C53Infinix Smart 8Samsung Galaxy S23 5GSamsung Galaxy S21 FE 5G Qualcommvivo V30Samsung Galaxy S24 5GSamsung Galaxy S24+ 5GiPhone 12 64GBiPhone 12 Pro 512GBiPhone 12 128GBVivo Y15SAMSUNG Galaxy S21 FE 5GInfinix HOT 30iRealme 10 Pro 5GMOTOROLA G62 5GNothing PhoneREDMI Note 12 Pro 5GInfinix SMART 7Vivo Y12Oppo A12Motorola 5g PhoneRealme 5g SmartphoneApple 5g PhoneIqoo 5g PhonesOneplus 5g PhonesVivo 5g PhonesOppo 5g Smart PhonesOppo F15Oppo A31Samsung A71Samsung A51Samsung A31iPhone 11iPhone 11 Pro4G MobileNokia MobileSamsung MobileiphoneOppo MobileVivo Mobile
CAMERAGoPro Action CameraNikon CameraCanon CameraSony CameraCanon DSLRNikon DSLR
LAPTOPSAsus ROG AllyMacBook Pro M2Premium LaptopASUS ROG Strix SCAR 16 (2023) Core i9 13th GenASUS ROG Zephyrus M16 (2023) Core i9 13th GenASUS Zenbook 14 OLED (2022)Realme Book Prime Core i5 11th GenMicrosoft Surface Go Pentium 128GBApple LaptopsAcer LaptopsLenovo LaptopsDell LaptopsAsus LaptopsHP LaptopsGaming Laptops2 in 1 LaptopsLaptopsDell latest laptops 2022HP latest laptops 2022Infinix INBook Y1 PlusSAMSUNG Galaxy Book312th Gen Intel Core Laptops
TVSNokia TVPanasonic TVThomson TVMi X ProRealme TVMotorola TVOnePlus TVsLG TVTVSony TVSamsung TVAndroid TelevisionIffalcon TvMi TV
LARGE APPLIANCES:TelevisionWashing MachinesRefrigeratorsAir ConditionersElectric CookersElectric Jug(Heater) / Travel KettlesInduction CooktopsInverters / stabilizerIrons / Iron BoxMixer Grinder JuicerWet GrindersChimneysMicrowave OvensVacuum CleanersWater PurifierFan
CLOTHINGGreen bridal lehengaTopsShoesSunglassesBridal BlouseHalf saree blouse designsDesigner blousesBlouse designsShirtsCotton saree blouse designsTshirtsJeansSareesDressesOne piecesGroom wedding sherwaniDesigner Salwar SuitsBraCotton simple blouse designsBanarasi saree blouse designsStylish blouse astin designTrack PantBlouse neck designsKurtasParty DressesPalazzo SuitsAnarkaliGownsCut out dressSalwar SuitsKurtisDesigner SareesLeggingsShortsGeorgette SareesEthnic Wearuppada pattu sareesBlouse back designJodhpur pants
FOOTWEAR:Adidas ShoesReebok ShoesNike ShoesPuma ShoesBootsBata ShoesWoodland ShoesSkechers ShoesSneakersWomens BootsSports ShoesLoafersSandalsLotto Sports ShoesCasual ShoesWomens Skechers ShoesAsics Sports ShoesFormal ShoesSchool Shoes
GROCERIESPhonePe Grocery VoucherHand WashSoapCashew NutsSunflower OilEggsToilet CleanerHarpic Toilet CleanerDettol SoapMustard OilBiscuitsCheesePatanjali AttaFortune OilAashirvaad AttaTea
BEST SELLING ON FLIPKARTHeadphonesBest Gas GeyserKitchen GeyserNutri BlendersPortable Air CoolerBest Air CoolerBagsHitachi Refrigerator 3 DoorBooksToysCandlesHelmetsWall ClocksBaby FoodChocolatesCyclesCalculatorsLipsticksMaskVertiv UPSFastrack WatchesWalletsEarringsGold CoinsRealme Pad MiniHandbagsconekt SW2 SmartwatchMivi DuoPods a350Speaker Cleaner
FURNITUREFurnitureSofasBedsDining setsWardrobesMattressesTV UnitsTablesChairsShelvesBean BagsOffice ChairsComputer TableOffice TablesRed SofaWakefit BedsWhite SofaWakefit MattressGreen SofaBlack SofaBrown Sofa
BGMH:Whey ProteinHomeopathyCricketCyclesFootballsTreadmillsChristmas GiftsFitness AccessoriesOnline GuitarBooks StoreMusical Instrument StoreDabur ChyawanprashBaidyanath ChyawanprashEnergy DrinksToysMilk Drink MixesRakhiChyawanprashIndian FlagProtein Supplements
Flipkart: The One-stop Shopping Destination
E-commerce is revolutionizing the way we all shop in India. Why do you want to hop from one store to another in search of the latest phone when you can find it on the Internet in a single click? Not only mobiles. Flipkart houses everything you can possibly imagine, from trending electronics like laptops, tablets, smartphones, and mobile accessories to in-vogue fashion staples like shoes, clothing and lifestyle accessories; from modern furniture like sofa sets, dining tables, and wardrobes to appliances that make your life easy like washing machines, TVs, ACs, mixer grinder juicers and other time-saving kitchen and small appliances; from home furnishings like cushion covers, mattresses and bedsheets to toys and musical instruments, we got them all covered. You name it, and you can stay assured about finding them all here. For those of you with erratic working hours, Flipkart is your best bet. Shop in your PJs, at night or in the wee hours of the morning. This e-commerce never shuts down.

What's more, with our year-round shopping festivals and events, our prices are irresistible. We're sure you'll find yourself picking up more than what you had in mind. If you are wondering why you should shop from Flipkart when there are multiple options available to you, well, the below will answer your question.

Flipkart Plus
A world of limitless possibilities awaits you - Flipkart Plus was kickstarted as a loyalty reward programme for all its regular customers at zero subscription fee. All you need is 500 supercoins to be a part of this service. For every 100 rupees spent on Flipkart order, Plus members earns 4 supercoins & non-plus members earn 2 supercoins. Free delivery, early access during sales and shopping festivals, exchange offers and priority customer service are the top benefits to a Flipkart Plus member. In short, earn more when you shop more!

What's more, you can even use the Flipkart supercoins for a number of exciting services, like:
An annual Zomato Gold membership
An annual Hotstar Premium membership
6 months Gaana plus subscription
Rupees 550 instant discount on flights on ixigo
Check out https://www.flipkart.com/plus/all-offers for the entire list. Terms and conditions apply.

No Cost EMI
In an attempt to make high-end products accessible to all, our No Cost EMI plan enables you to shop with us under EMI, without shelling out any processing fee. Applicable on select mobiles, laptops, large and small appliances, furniture, electronics and watches, you can now shop without burning a hole in your pocket. If you've been eyeing a product for a long time, chances are it may be up for a no cost EMI. Take a look ASAP! Terms and conditions apply.

EMI on Debit Cards
Did you know debit card holders account for 79.38 crore in the country, while there are only 3.14 crore credit card holders? After enabling EMI on Credit Cards, in another attempt to make online shopping accessible to everyone, Flipkart introduces EMI on Debit Cards, empowering you to shop confidently with us without having to worry about pauses in monthly cash flow. At present, we have partnered with Axis Bank, HDFC Bank, State Bank of India and ICICI Bank for this facility. More power to all our shoppers! Terms and conditions apply.

Mobile Exchange Offers
Get an instant discount on the phone that you have been eyeing on. Exchange your old mobile for a new one after the Flipkart experts calculate the value of your old phone, provided it is in a working condition without damage to the screen. If a phone is applicable for an exchange offer, you will see the 'Buy with Exchange' option on the product description of the phone. So, be smart, always opt for an exchange wherever possible. Terms and conditions apply.

What Can You Buy From Flipkart?
Mobile Phones
From budget phones to state-of-the-art smartphones, we have a mobile for everybody out there. Whether you're looking for larger, fuller screens, power-packed batteries, blazing-fast processors, beautification apps, high-tech selfie cameras or just large internal space, we take care of all the essentials. Shop from top brands in the country like Samsung, Apple, Oppo, Xiaomi, Realme, Vivo, and Honor to name a few. Rest assured, you're buying from only the most reliable names in the market. What's more, with Flipkart's Complete Mobile Protection Plan, you will never again find the need to run around service centres. This plan entails you to a number of post-purchase solutions, starting at as low as Rupees 99 only! Broken screens, liquid damage to phone, hardware and software glitches, and replacements - the Flipkart Complete Mobile Protection covers a comprehensive range of post-purchase problems, with door-to-door services.

Electronic Devices and Accessories
When it comes to laptops, we are not far behind. Filter among dozens of super-fast operating systems, hard disk capacity, RAM, lifestyle, screen size and many other criterias for personalized results in a flash. All you students out there, confused about what laptop to get? Our Back To College Store segregates laptops purpose wise (gaming, browsing and research, project work, entertainment, design, multitasking) with recommendations from top brands and industry experts, facilitating a shopping experience that is quicker and simpler.

Photography lovers, you couldn't land at a better page than ours. Cutting-edge DSLR cameras, ever reliable point-and-shoot cameras, millennial favourite instant cameras or action cameras for adventure junkies: our range of cameras is as much for beginners as it is for professionals. Canon, Nikon, GoPro, Sony, and Fujifilm are some big names you'll find in our store. Photography lovers, you couldn't land at a better page than ours. Cutting-edge DSLR cameras, ever reliable point-and-shoot cameras, millennial favourite instant cameras or action cameras for adventure junkies: our range of cameras is as much for beginners as it is for professionals. Canon, Nikon, GoPro, Sony, and Fujifilm are some big names you'll find in our store.

Turn your home into a theatre with a stunning surround sound system. Choose from our elaborate range of Sony home theatres, JBL soundbars and Philips tower speakers for an experience to remember.

How about jazzing up your phone with our quirky designer cases and covers? Our wide-ranging mobile accessories starting from headphones, power banks, memory cards, mobile chargers, to selfie sticks can prove to be ideal travel companions for you and your phone; never again worry about running out of charge or memory on your next vacation.

Large Appliances
Sleek TVs, power-saving refrigerators, rapid-cooling ACs, resourceful washing machines - discover everything you need to run a house under one roof. Our Dependable TV and Appliance Store ensures zero transit damage, with a replacement guarantee if anything goes wrong; delivery and installation as per your convenience and a double warranty (Official Brand Warranty along with an extended Flipkart Warranty) - rest assured, value for money is what is promised and delivered. Shop from market leaders in the country like Samsung, LG, Whirlpool, Midea, Mi, Vu, Panasonic, Godrej, Sony, Daikin, and Hitachi among many others.

For certain product categories, Customers meeting the eligibility criteria will have the option to buy larger quantities. To know more on the eligibility criteria and terms and conditions, please reach out to Purchases.oni@flipkart.com.

Small Home Appliances
Find handy and practical home appliances designed to make your life simpler: electric kettles, OTGs, microwave ovens, sandwich makers, hand blenders, coffee makers, and many more other time-saving appliances that are truly crafted for a quicker lifestyle. Live life king size with these appliances at home.

Lifestyle
Flipkart, 'India ka Fashion Capital', is your one-stop fashion destination for anything and everything you need to look good. Our exhaustive range of Western and Indian wear, summer and winter clothing, formal and casual footwear, bridal and artificial jewellery, long-lasting make-up, grooming tools and accessories are sure to sweep you off your feet. Shop from crowd favourites like Vero Moda, Forever 21, Only, Arrow, Woodland, Nike, Puma, Revlon, Mac, and Sephora among dozens of other top-of-the-ladder names. From summer staple maxi dresses, no-nonsense cigarette pants, traditional Bandhani kurtis to street-smart biker jackets, you can rely on us for a wardrobe that is up to date. Explore our in-house brands like Metronaut, Anmi, and Denizen, to name a few, for carefully curated designs that are the talk of the town. Get ready to be spoiled for choice.Festivals, office get-togethers, weddings, brunches, or nightwear - Flipkart will have your back each time.

Home and Furniture
Moving to a new place is never easy, especially if you're buying new furniture. Beds, sofa sets, dining tables, wardrobes, and TV units - it's not easy to set up everything again. With the hundreds of options thrown at you, the ride could be overwhelming. What place is reliable, what furniture will stand the test of time? These are questions you must ask before you choose a store. Well, our Durability Certified Furniture Store has not only curated a range of furniture keeping in mind the modern Indian consumer but furniture that comes with a lab certification, ensuring they last you for up to 10 years. Yes, all our furniture has gone through 35 stability and load tests so that you receive only the best-quality furniture. Be FurniSure, always. Names to look out for are Nilkamal, Godrej Interio, Urban Ladder, HomeTown, Durian and Perfect Homes.

You may have your furniture all set up, but they could end up looking flat and incomplete without complementary decor. Curtains, cushion covers, bed sheets, wall shelves, paintings, floor lamps - find everything that turns a house to an inviting home under one roof at Flipkart.

Baby and Kids
Your kids deserve only the best. From bodysuits, booties, diapers to strollers, if you're an expecting mother or a new mother, you will find everything you need to set sail on a smooth parenting journey with the help of our baby care collection. When it comes to safety, hygiene and comfort, you can rely on us without a second thought. Huggies, Pampers, MamyPoko, and Johnson & Johnson: we host only the most-trusted names in the business for your baby.

Books, Sports and Games
Work hard and no play? We don't believe in that. Get access to best-selling fiction and non-fiction books by your favourite authors, thrilling English and Indian blockbusters, most-wanted gaming consoles, and a tempting range of fitness and sports gadgets and equipment bound to inspire you to get moving.

Grocery/Supermart
Launching into the grocery vertical, Flipkart introduces Supermart that is out to bring everyday essentials close to you. From pulses, spices, dairy, personal and sanitary care, breakfast essentials, health drinks, spreads, ready to cook, grooming to cleaning agents, we are happy to present everything you need to run a house. Now buy Grocery products for as low as 1 Rupee only - our 1 Rupee Store presents new products every day for a nominal price of 1 Rupee only. Terms and conditions apply.
ABOUT
Contact Us
About Us
Careers
Flipkart Stories
Press
Corporate Information
GROUP COMPANIES
Myntra
Flipkart Wholesale
Cleartrip
Shopsy
HELP
Payments
Shipping
Cancellation & Returns
FAQ
Report Infringement
CONSUMER POLICY
Cancellation & Returns
Terms Of Use
Security
Privacy
Sitemap
Grievance Redressal
EPR Compliance
Mail Us:
Flipkart Internet Private Limited,
Buildings Alyssa, Begonia &
Clove Embassy Tech Village,
Outer Ring Road, Devarabeesanahalli Village,
Bengaluru, 560103,
Karnataka, India
Social:
Registered Office Address:
Flipkart Internet Private Limited,
Buildings Alyssa, Begonia &
Clove Embassy Tech Village,
Outer Ring Road, Devarabeesanahalli Village,
Bengaluru, 560103,
Karnataka, India
CIN : U51109KA2012PTC066107
Telephone: 044-45614700
Become a Seller
Advertise
Gift Cards
Help Center
© 2007-2024 Flipkart.com
Liked the new design ?
Tag Name: div, Text: Search Icon
Login
Login
Cart
Become a Seller
Grocery
Mobiles
Fashion
Electronics
Home & Furniture
Appliances
Travel
Beauty, Toys & More
Two Wheelers
Best of Electronics
Best Truewireless Headphones
Grab Now
Printers
From ₹2336
Top Selling Dell Keyboard
From ₹229
Best Selling Mobile Speakers
From ₹499*
boAt Smartwatches
From ₹1,099
Printers
From ₹3999
Beauty, Food, Toys & more
Top Selling Stationery
From ₹49
Electric Cycle
Up to 40% Off
Food Spreads
Upto 75% Off
Best of Action Toys
Up to 70% Off
Non-Geared Cycles
Up to 40% Off
Microphones
Up to 70% off
Coffee Powder
Upto 80% Off
Most Shopped on FK
Men's T-shirts
Special offer
Laptop Bags
Min. 70% Off
Women's Ethnic Sets
Min. 50% Off
Suitcases
Min. 70% Off
Hang on, loading content
Top Stories :Brand Directory
MOST SEARCHED FOR ON FLIPKART:iPhone 15iPhone 15 PlusiPhone 15 ProiPhone 15 Pro MaxVivo x 100Spoyl StoreSAMSUNG Flip5SAMSUNG Fold5Flipkart Axis Bank Super Elite Credit card5G Mobile PhonesPrimebook LaptopsMoto Edge 40Grievance RedressalOPPO Reno7 Pro 5GiPhone 13Help CentreTrack OrdersManage OrdersReturn OrdersGift Cards StoreFlipkart Axis Bank Credit CardPay Later
MOBILESRedmi 12 5GRealme 12+ 5GMotorola G84Realme C53Infinix Smart 8Samsung Galaxy S23 5GSamsung Galaxy S21 FE 5G Qualcommvivo V30Samsung Galaxy S24 5GSamsung Galaxy S24+ 5GiPhone 12 64GBiPhone 12 Pro 512GBiPhone 12 128GBVivo Y15SAMSUNG Galaxy S21 FE 5GInfinix HOT 30iRealme 10 Pro 5GMOTOROLA G62 5GNothing PhoneREDMI Note 12 Pro 5GInfinix SMART 7Vivo Y12Oppo A12Motorola 5g PhoneRealme 5g SmartphoneApple 5g PhoneIqoo 5g PhonesOneplus 5g PhonesVivo 5g PhonesOppo 5g Smart PhonesOppo F15Oppo A31Samsung A71Samsung A51Samsung A31iPhone 11iPhone 11 Pro4G MobileNokia MobileSamsung MobileiphoneOppo MobileVivo Mobile
CAMERAGoPro Action CameraNikon CameraCanon CameraSony CameraCanon DSLRNikon DSLR
LAPTOPSAsus ROG AllyMacBook Pro M2Premium LaptopASUS ROG Strix SCAR 16 (2023) Core i9 13th GenASUS ROG Zephyrus M16 (2023) Core i9 13th GenASUS Zenbook 14 OLED (2022)Realme Book Prime Core i5 11th GenMicrosoft Surface Go Pentium 128GBApple LaptopsAcer LaptopsLenovo LaptopsDell LaptopsAsus LaptopsHP LaptopsGaming Laptops2 in 1 LaptopsLaptopsDell latest laptops 2022HP latest laptops 2022Infinix INBook Y1 PlusSAMSUNG Galaxy Book312th Gen Intel Core Laptops
TVSNokia TVPanasonic TVThomson TVMi X ProRealme TVMotorola TVOnePlus TVsLG TVTVSony TVSamsung TVAndroid TelevisionIffalcon TvMi TV
LARGE APPLIANCES:TelevisionWashing MachinesRefrigeratorsAir ConditionersElectric CookersElectric Jug(Heater) / Travel KettlesInduction CooktopsInverters / stabilizerIrons / Iron BoxMixer Grinder JuicerWet GrindersChimneysMicrowave OvensVacuum CleanersWater PurifierFan
CLOTHINGGreen bridal lehengaTopsShoesSunglassesBridal BlouseHalf saree blouse designsDesigner blousesBlouse designsShirtsCotton saree blouse designsTshirtsJeansSareesDressesOne piecesGroom wedding sherwaniDesigner Salwar SuitsBraCotton simple blouse designsBanarasi saree blouse designsStylish blouse astin designTrack PantBlouse neck designsKurtasParty DressesPalazzo SuitsAnarkaliGownsCut out dressSalwar SuitsKurtisDesigner SareesLeggingsShortsGeorgette SareesEthnic Wearuppada pattu sareesBlouse back designJodhpur pants
FOOTWEAR:Adidas ShoesReebok ShoesNike ShoesPuma ShoesBootsBata ShoesWoodland ShoesSkechers ShoesSneakersWomens BootsSports ShoesLoafersSandalsLotto Sports ShoesCasual ShoesWomens Skechers ShoesAsics Sports ShoesFormal ShoesSchool Shoes
GROCERIESPhonePe Grocery VoucherHand WashSoapCashew NutsSunflower OilEggsToilet CleanerHarpic Toilet CleanerDettol SoapMustard OilBiscuitsCheesePatanjali AttaFortune OilAashirvaad AttaTea
BEST SELLING ON FLIPKARTHeadphonesBest Gas GeyserKitchen GeyserNutri BlendersPortable Air CoolerBest Air CoolerBagsHitachi Refrigerator 3 DoorBooksToysCandlesHelmetsWall ClocksBaby FoodChocolatesCyclesCalculatorsLipsticksMaskVertiv UPSFastrack WatchesWalletsEarringsGold CoinsRealme Pad MiniHandbagsconekt SW2 SmartwatchMivi DuoPods a350Speaker Cleaner
FURNITUREFurnitureSofasBedsDining setsWardrobesMattressesTV UnitsTablesChairsShelvesBean BagsOffice ChairsComputer TableOffice TablesRed SofaWakefit BedsWhite SofaWakefit MattressGreen SofaBlack SofaBrown Sofa
BGMH:Whey ProteinHomeopathyCricketCyclesFootballsTreadmillsChristmas GiftsFitness AccessoriesOnline GuitarBooks StoreMusical Instrument StoreDabur ChyawanprashBaidyanath ChyawanprashEnergy DrinksToysMilk Drink MixesRakhiChyawanprashIndian FlagProtein Supplements
Flipkart: The One-stop Shopping Destination
E-commerce is revolutionizing the way we all shop in India. Why do you want to hop from one store to another in search of the latest phone when you can find it on the Internet in a single click? Not only mobiles. Flipkart houses everything you can possibly imagine, from trending electronics like laptops, tablets, smartphones, and mobile accessories to in-vogue fashion staples like shoes, clothing and lifestyle accessories; from modern furniture like sofa sets, dining tables, and wardrobes to appliances that make your life easy like washing machines, TVs, ACs, mixer grinder juicers and other time-saving kitchen and small appliances; from home furnishings like cushion covers, mattresses and bedsheets to toys and musical instruments, we got them all covered. You name it, and you can stay assured about finding them all here. For those of you with erratic working hours, Flipkart is your best bet. Shop in your PJs, at night or in the wee hours of the morning. This e-commerce never shuts down.

What's more, with our year-round shopping festivals and events, our prices are irresistible. We're sure you'll find yourself picking up more than what you had in mind. If you are wondering why you should shop from Flipkart when there are multiple options available to you, well, the below will answer your question.

Flipkart Plus
A world of limitless possibilities awaits you - Flipkart Plus was kickstarted as a loyalty reward programme for all its regular customers at zero subscription fee. All you need is 500 supercoins to be a part of this service. For every 100 rupees spent on Flipkart order, Plus members earns 4 supercoins & non-plus members earn 2 supercoins. Free delivery, early access during sales and shopping festivals, exchange offers and priority customer service are the top benefits to a Flipkart Plus member. In short, earn more when you shop more!

What's more, you can even use the Flipkart supercoins for a number of exciting services, like:
An annual Zomato Gold membership
An annual Hotstar Premium membership
6 months Gaana plus subscription
Rupees 550 instant discount on flights on ixigo
Check out https://www.flipkart.com/plus/all-offers for the entire list. Terms and conditions apply.

No Cost EMI
In an attempt to make high-end products accessible to all, our No Cost EMI plan enables you to shop with us under EMI, without shelling out any processing fee. Applicable on select mobiles, laptops, large and small appliances, furniture, electronics and watches, you can now shop without burning a hole in your pocket. If you've been eyeing a product for a long time, chances are it may be up for a no cost EMI. Take a look ASAP! Terms and conditions apply.

EMI on Debit Cards
Did you know debit card holders account for 79.38 crore in the country, while there are only 3.14 crore credit card holders? After enabling EMI on Credit Cards, in another attempt to make online shopping accessible to everyone, Flipkart introduces EMI on Debit Cards, empowering you to shop confidently with us without having to worry about pauses in monthly cash flow. At present, we have partnered with Axis Bank, HDFC Bank, State Bank of India and ICICI Bank for this facility. More power to all our shoppers! Terms and conditions apply.

Mobile Exchange Offers
Get an instant discount on the phone that you have been eyeing on. Exchange your old mobile for a new one after the Flipkart experts calculate the value of your old phone, provided it is in a working condition without damage to the screen. If a phone is applicable for an exchange offer, you will see the 'Buy with Exchange' option on the product description of the phone. So, be smart, always opt for an exchange wherever possible. Terms and conditions apply.

What Can You Buy From Flipkart?
Mobile Phones
From budget phones to state-of-the-art smartphones, we have a mobile for everybody out there. Whether you're looking for larger, fuller screens, power-packed batteries, blazing-fast processors, beautification apps, high-tech selfie cameras or just large internal space, we take care of all the essentials. Shop from top brands in the country like Samsung, Apple, Oppo, Xiaomi, Realme, Vivo, and Honor to name a few. Rest assured, you're buying from only the most reliable names in the market. What's more, with Flipkart's Complete Mobile Protection Plan, you will never again find the need to run around service centres. This plan entails you to a number of post-purchase solutions, starting at as low as Rupees 99 only! Broken screens, liquid damage to phone, hardware and software glitches, and replacements - the Flipkart Complete Mobile Protection covers a comprehensive range of post-purchase problems, with door-to-door services.

Electronic Devices and Accessories
When it comes to laptops, we are not far behind. Filter among dozens of super-fast operating systems, hard disk capacity, RAM, lifestyle, screen size and many other criterias for personalized results in a flash. All you students out there, confused about what laptop to get? Our Back To College Store segregates laptops purpose wise (gaming, browsing and research, project work, entertainment, design, multitasking) with recommendations from top brands and industry experts, facilitating a shopping experience that is quicker and simpler.

Photography lovers, you couldn't land at a better page than ours. Cutting-edge DSLR cameras, ever reliable point-and-shoot cameras, millennial favourite instant cameras or action cameras for adventure junkies: our range of cameras is as much for beginners as it is for professionals. Canon, Nikon, GoPro, Sony, and Fujifilm are some big names you'll find in our store. Photography lovers, you couldn't land at a better page than ours. Cutting-edge DSLR cameras, ever reliable point-and-shoot cameras, millennial favourite instant cameras or action cameras for adventure junkies: our range of cameras is as much for beginners as it is for professionals. Canon, Nikon, GoPro, Sony, and Fujifilm are some big names you'll find in our store.

Turn your home into a theatre with a stunning surround sound system. Choose from our elaborate range of Sony home theatres, JBL soundbars and Philips tower speakers for an experience to remember.

How about jazzing up your phone with our quirky designer cases and covers? Our wide-ranging mobile accessories starting from headphones, power banks, memory cards, mobile chargers, to selfie sticks can prove to be ideal travel companions for you and your phone; never again worry about running out of charge or memory on your next vacation.

Large Appliances
Sleek TVs, power-saving refrigerators, rapid-cooling ACs, resourceful washing machines - discover everything you need to run a house under one roof. Our Dependable TV and Appliance Store ensures zero transit damage, with a replacement guarantee if anything goes wrong; delivery and installation as per your convenience and a double warranty (Official Brand Warranty along with an extended Flipkart Warranty) - rest assured, value for money is what is promised and delivered. Shop from market leaders in the country like Samsung, LG, Whirlpool, Midea, Mi, Vu, Panasonic, Godrej, Sony, Daikin, and Hitachi among many others.

For certain product categories, Customers meeting the eligibility criteria will have the option to buy larger quantities. To know more on the eligibility criteria and terms and conditions, please reach out to Purchases.oni@flipkart.com.

Small Home Appliances
Find handy and practical home appliances designed to make your life simpler: electric kettles, OTGs, microwave ovens, sandwich makers, hand blenders, coffee makers, and many more other time-saving appliances that are truly crafted for a quicker lifestyle. Live life king size with these appliances at home.

Lifestyle
Flipkart, 'India ka Fashion Capital', is your one-stop fashion destination for anything and everything you need to look good. Our exhaustive range of Western and Indian wear, summer and winter clothing, formal and casual footwear, bridal and artificial jewellery, long-lasting make-up, grooming tools and accessories are sure to sweep you off your feet. Shop from crowd favourites like Vero Moda, Forever 21, Only, Arrow, Woodland, Nike, Puma, Revlon, Mac, and Sephora among dozens of other top-of-the-ladder names. From summer staple maxi dresses, no-nonsense cigarette pants, traditional Bandhani kurtis to street-smart biker jackets, you can rely on us for a wardrobe that is up to date. Explore our in-house brands like Metronaut, Anmi, and Denizen, to name a few, for carefully curated designs that are the talk of the town. Get ready to be spoiled for choice.Festivals, office get-togethers, weddings, brunches, or nightwear - Flipkart will have your back each time.

Home and Furniture
Moving to a new place is never easy, especially if you're buying new furniture. Beds, sofa sets, dining tables, wardrobes, and TV units - it's not easy to set up everything again. With the hundreds of options thrown at you, the ride could be overwhelming. What place is reliable, what furniture will stand the test of time? These are questions you must ask before you choose a store. Well, our Durability Certified Furniture Store has not only curated a range of furniture keeping in mind the modern Indian consumer but furniture that comes with a lab certification, ensuring they last you for up to 10 years. Yes, all our furniture has gone through 35 stability and load tests so that you receive only the best-quality furniture. Be FurniSure, always. Names to look out for are Nilkamal, Godrej Interio, Urban Ladder, HomeTown, Durian and Perfect Homes.

You may have your furniture all set up, but they could end up looking flat and incomplete without complementary decor. Curtains, cushion covers, bed sheets, wall shelves, paintings, floor lamps - find everything that turns a house to an inviting home under one roof at Flipkart.

Baby and Kids
Your kids deserve only the best. From bodysuits, booties, diapers to strollers, if you're an expecting mother or a new mother, you will find everything you need to set sail on a smooth parenting journey with the help of our baby care collection. When it comes to safety, hygiene and comfort, you can rely on us without a second thought. Huggies, Pampers, MamyPoko, and Johnson & Johnson: we host only the most-trusted names in the business for your baby.

Books, Sports and Games
Work hard and no play? We don't believe in that. Get access to best-selling fiction and non-fiction books by your favourite authors, thrilling English and Indian blockbusters, most-wanted gaming consoles, and a tempting range of fitness and sports gadgets and equipment bound to inspire you to get moving.

Grocery/Supermart
Launching into the grocery vertical, Flipkart introduces Supermart that is out to bring everyday essentials close to you. From pulses, spices, dairy, personal and sanitary care, breakfast essentials, health drinks, spreads, ready to cook, grooming to cleaning agents, we are happy to present everything you need to run a house. Now buy Grocery products for as low as 1 Rupee only - our 1 Rupee Store presents new products every day for a nominal price of 1 Rupee only. Terms and conditions apply.
ABOUT
Contact Us
About Us
Careers
Flipkart Stories
Press
Corporate Information
GROUP COMPANIES
Myntra
Flipkart Wholesale
Cleartrip
Shopsy
HELP
Payments
Shipping
Cancellation & Returns
FAQ
Report Infringement
CONSUMER POLICY
Cancellation & Returns
Terms Of Use
Security
Privacy
Sitemap
Grievance Redressal
EPR Compliance
Mail Us:
Flipkart Internet Private Limited,
Buildings Alyssa, Begonia &
Clove Embassy Tech Village,
Outer Ring Road, Devarabeesanahalli Village,
Bengaluru, 560103,
Karnataka, India
Social:
Registered Office Address:
Flipkart Internet Private Limited,
Buildings Alyssa, Begonia &
Clove Embassy Tech Village,
Outer Ring Road, Devarabeesanahalli Village,
Bengaluru, 560103,
Karnataka, India
CIN : U51109KA2012PTC066107
Telephone: 044-45614700
Become a Seller
Advertise
Gift Cards
Help Center
© 2007-2024 Flipkart.com
Liked the new design ?
Tag Name: div, Text: Search Icon
Login
Login
Cart
Become a Seller
Grocery
Mobiles
Fashion
Electronics
Home & Furniture
Appliances
Travel
Beauty, Toys & More
Two Wheelers
Best of Electronics
Best Truewireless Headphones
Grab Now
Printers
From ₹2336
Top Selling Dell Keyboard
From ₹229
Best Selling Mobile Speakers
From ₹499*
boAt Smartwatches
From ₹1,099
Printers
From ₹3999
Beauty, Food, Toys & more
Top Selling Stationery
From ₹49
Electric Cycle
Up to 40% Off
Food Spreads
Upto 75% Off
Best of Action Toys
Up to 70% Off
Non-Geared Cycles
Up to 40% Off
Microphones
Up to 70% off
Coffee Powder
Upto 80% Off
Most Shopped on FK
Men's T-shirts
Special offer
Laptop Bags
Min. 70% Off
Women's Ethnic Sets
Min. 50% Off
Suitcases
Min. 70% Off
Hang on, loading content
Top Stories :Brand Directory
MOST SEARCHED FOR ON FLIPKART:iPhone 15iPhone 15 PlusiPhone 15 ProiPhone 15 Pro MaxVivo x 100Spoyl StoreSAMSUNG Flip5SAMSUNG Fold5Flipkart Axis Bank Super Elite Credit card5G Mobile PhonesPrimebook LaptopsMoto Edge 40Grievance RedressalOPPO Reno7 Pro 5GiPhone 13Help CentreTrack OrdersManage OrdersReturn OrdersGift Cards StoreFlipkart Axis Bank Credit CardPay Later
MOBILESRedmi 12 5GRealme 12+ 5GMotorola G84Realme C53Infinix Smart 8Samsung Galaxy S23 5GSamsung Galaxy S21 FE 5G Qualcommvivo V30Samsung Galaxy S24 5GSamsung Galaxy S24+ 5GiPhone 12 64GBiPhone 12 Pro 512GBiPhone 12 128GBVivo Y15SAMSUNG Galaxy S21 FE 5GInfinix HOT 30iRealme 10 Pro 5GMOTOROLA G62 5GNothing PhoneREDMI Note 12 Pro 5GInfinix SMART 7Vivo Y12Oppo A12Motorola 5g PhoneRealme 5g SmartphoneApple 5g PhoneIqoo 5g PhonesOneplus 5g PhonesVivo 5g PhonesOppo 5g Smart PhonesOppo F15Oppo A31Samsung A71Samsung A51Samsung A31iPhone 11iPhone 11 Pro4G MobileNokia MobileSamsung MobileiphoneOppo MobileVivo Mobile
CAMERAGoPro Action CameraNikon CameraCanon CameraSony CameraCanon DSLRNikon DSLR
LAPTOPSAsus ROG AllyMacBook Pro M2Premium LaptopASUS ROG Strix SCAR 16 (2023) Core i9 13th GenASUS ROG Zephyrus M16 (2023) Core i9 13th GenASUS Zenbook 14 OLED (2022)Realme Book Prime Core i5 11th GenMicrosoft Surface Go Pentium 128GBApple LaptopsAcer LaptopsLenovo LaptopsDell LaptopsAsus LaptopsHP LaptopsGaming Laptops2 in 1 LaptopsLaptopsDell latest laptops 2022HP latest laptops 2022Infinix INBook Y1 PlusSAMSUNG Galaxy Book312th Gen Intel Core Laptops
TVSNokia TVPanasonic TVThomson TVMi X ProRealme TVMotorola TVOnePlus TVsLG TVTVSony TVSamsung TVAndroid TelevisionIffalcon TvMi TV
LARGE APPLIANCES:TelevisionWashing MachinesRefrigeratorsAir ConditionersElectric CookersElectric Jug(Heater) / Travel KettlesInduction CooktopsInverters / stabilizerIrons / Iron BoxMixer Grinder JuicerWet GrindersChimneysMicrowave OvensVacuum CleanersWater PurifierFan
CLOTHINGGreen bridal lehengaTopsShoesSunglassesBridal BlouseHalf saree blouse designsDesigner blousesBlouse designsShirtsCotton saree blouse designsTshirtsJeansSareesDressesOne piecesGroom wedding sherwaniDesigner Salwar SuitsBraCotton simple blouse designsBanarasi saree blouse designsStylish blouse astin designTrack PantBlouse neck designsKurtasParty DressesPalazzo SuitsAnarkaliGownsCut out dressSalwar SuitsKurtisDesigner SareesLeggingsShortsGeorgette SareesEthnic Wearuppada pattu sareesBlouse back designJodhpur pants
FOOTWEAR:Adidas ShoesReebok ShoesNike ShoesPuma ShoesBootsBata ShoesWoodland ShoesSkechers ShoesSneakersWomens BootsSports ShoesLoafersSandalsLotto Sports ShoesCasual ShoesWomens Skechers ShoesAsics Sports ShoesFormal ShoesSchool Shoes
GROCERIESPhonePe Grocery VoucherHand WashSoapCashew NutsSunflower OilEggsToilet CleanerHarpic Toilet CleanerDettol SoapMustard OilBiscuitsCheesePatanjali AttaFortune OilAashirvaad AttaTea
BEST SELLING ON FLIPKARTHeadphonesBest Gas GeyserKitchen GeyserNutri BlendersPortable Air CoolerBest Air CoolerBagsHitachi Refrigerator 3 DoorBooksToysCandlesHelmetsWall ClocksBaby FoodChocolatesCyclesCalculatorsLipsticksMaskVertiv UPSFastrack WatchesWalletsEarringsGold CoinsRealme Pad MiniHandbagsconekt SW2 SmartwatchMivi DuoPods a350Speaker Cleaner
FURNITUREFurnitureSofasBedsDining setsWardrobesMattressesTV UnitsTablesChairsShelvesBean BagsOffice ChairsComputer TableOffice TablesRed SofaWakefit BedsWhite SofaWakefit MattressGreen SofaBlack SofaBrown Sofa
BGMH:Whey ProteinHomeopathyCricketCyclesFootballsTreadmillsChristmas GiftsFitness AccessoriesOnline GuitarBooks StoreMusical Instrument StoreDabur ChyawanprashBaidyanath ChyawanprashEnergy DrinksToysMilk Drink MixesRakhiChyawanprashIndian FlagProtein Supplements
Flipkart: The One-stop Shopping Destination
E-commerce is revolutionizing the way we all shop in India. Why do you want to hop from one store to another in search of the latest phone when you can find it on the Internet in a single click? Not only mobiles. Flipkart houses everything you can possibly imagine, from trending electronics like laptops, tablets, smartphones, and mobile accessories to in-vogue fashion staples like shoes, clothing and lifestyle accessories; from modern furniture like sofa sets, dining tables, and wardrobes to appliances that make your life easy like washing machines, TVs, ACs, mixer grinder juicers and other time-saving kitchen and small appliances; from home furnishings like cushion covers, mattresses and bedsheets to toys and musical instruments, we got them all covered. You name it, and you can stay assured about finding them all here. For those of you with erratic working hours, Flipkart is your best bet. Shop in your PJs, at night or in the wee hours of the morning. This e-commerce never shuts down.

What's more, with our year-round shopping festivals and events, our prices are irresistible. We're sure you'll find yourself picking up more than what you had in mind. If you are wondering why you should shop from Flipkart when there are multiple options available to you, well, the below will answer your question.

Flipkart Plus
A world of limitless possibilities awaits you - Flipkart Plus was kickstarted as a loyalty reward programme for all its regular customers at zero subscription fee. All you need is 500 supercoins to be a part of this service. For every 100 rupees spent on Flipkart order, Plus members earns 4 supercoins & non-plus members earn 2 supercoins. Free delivery, early access during sales and shopping festivals, exchange offers and priority customer service are the top benefits to a Flipkart Plus member. In short, earn more when you shop more!

What's more, you can even use the Flipkart supercoins for a number of exciting services, like:
An annual Zomato Gold membership
An annual Hotstar Premium membership
6 months Gaana plus subscription
Rupees 550 instant discount on flights on ixigo
Check out https://www.flipkart.com/plus/all-offers for the entire list. Terms and conditions apply.

No Cost EMI
In an attempt to make high-end products accessible to all, our No Cost EMI plan enables you to shop with us under EMI, without shelling out any processing fee. Applicable on select mobiles, laptops, large and small appliances, furniture, electronics and watches, you can now shop without burning a hole in your pocket. If you've been eyeing a product for a long time, chances are it may be up for a no cost EMI. Take a look ASAP! Terms and conditions apply.

EMI on Debit Cards
Did you know debit card holders account for 79.38 crore in the country, while there are only 3.14 crore credit card holders? After enabling EMI on Credit Cards, in another attempt to make online shopping accessible to everyone, Flipkart introduces EMI on Debit Cards, empowering you to shop confidently with us without having to worry about pauses in monthly cash flow. At present, we have partnered with Axis Bank, HDFC Bank, State Bank of India and ICICI Bank for this facility. More power to all our shoppers! Terms and conditions apply.

Mobile Exchange Offers
Get an instant discount on the phone that you have been eyeing on. Exchange your old mobile for a new one after the Flipkart experts calculate the value of your old phone, provided it is in a working condition without damage to the screen. If a phone is applicable for an exchange offer, you will see the 'Buy with Exchange' option on the product description of the phone. So, be smart, always opt for an exchange wherever possible. Terms and conditions apply.

What Can You Buy From Flipkart?
Mobile Phones
From budget phones to state-of-the-art smartphones, we have a mobile for everybody out there. Whether you're looking for larger, fuller screens, power-packed batteries, blazing-fast processors, beautification apps, high-tech selfie cameras or just large internal space, we take care of all the essentials. Shop from top brands in the country like Samsung, Apple, Oppo, Xiaomi, Realme, Vivo, and Honor to name a few. Rest assured, you're buying from only the most reliable names in the market. What's more, with Flipkart's Complete Mobile Protection Plan, you will never again find the need to run around service centres. This plan entails you to a number of post-purchase solutions, starting at as low as Rupees 99 only! Broken screens, liquid damage to phone, hardware and software glitches, and replacements - the Flipkart Complete Mobile Protection covers a comprehensive range of post-purchase problems, with door-to-door services.

Electronic Devices and Accessories
When it comes to laptops, we are not far behind. Filter among dozens of super-fast operating systems, hard disk capacity, RAM, lifestyle, screen size and many other criterias for personalized results in a flash. All you students out there, confused about what laptop to get? Our Back To College Store segregates laptops purpose wise (gaming, browsing and research, project work, entertainment, design, multitasking) with recommendations from top brands and industry experts, facilitating a shopping experience that is quicker and simpler.

Photography lovers, you couldn't land at a better page than ours. Cutting-edge DSLR cameras, ever reliable point-and-shoot cameras, millennial favourite instant cameras or action cameras for adventure junkies: our range of cameras is as much for beginners as it is for professionals. Canon, Nikon, GoPro, Sony, and Fujifilm are some big names you'll find in our store. Photography lovers, you couldn't land at a better page than ours. Cutting-edge DSLR cameras, ever reliable point-and-shoot cameras, millennial favourite instant cameras or action cameras for adventure junkies: our range of cameras is as much for beginners as it is for professionals. Canon, Nikon, GoPro, Sony, and Fujifilm are some big names you'll find in our store.

Turn your home into a theatre with a stunning surround sound system. Choose from our elaborate range of Sony home theatres, JBL soundbars and Philips tower speakers for an experience to remember.

How about jazzing up your phone with our quirky designer cases and covers? Our wide-ranging mobile accessories starting from headphones, power banks, memory cards, mobile chargers, to selfie sticks can prove to be ideal travel companions for you and your phone; never again worry about running out of charge or memory on your next vacation.

Large Appliances
Sleek TVs, power-saving refrigerators, rapid-cooling ACs, resourceful washing machines - discover everything you need to run a house under one roof. Our Dependable TV and Appliance Store ensures zero transit damage, with a replacement guarantee if anything goes wrong; delivery and installation as per your convenience and a double warranty (Official Brand Warranty along with an extended Flipkart Warranty) - rest assured, value for money is what is promised and delivered. Shop from market leaders in the country like Samsung, LG, Whirlpool, Midea, Mi, Vu, Panasonic, Godrej, Sony, Daikin, and Hitachi among many others.

For certain product categories, Customers meeting the eligibility criteria will have the option to buy larger quantities. To know more on the eligibility criteria and terms and conditions, please reach out to Purchases.oni@flipkart.com.

Small Home Appliances
Find handy and practical home appliances designed to make your life simpler: electric kettles, OTGs, microwave ovens, sandwich makers, hand blenders, coffee makers, and many more other time-saving appliances that are truly crafted for a quicker lifestyle. Live life king size with these appliances at home.

Lifestyle
Flipkart, 'India ka Fashion Capital', is your one-stop fashion destination for anything and everything you need to look good. Our exhaustive range of Western and Indian wear, summer and winter clothing, formal and casual footwear, bridal and artificial jewellery, long-lasting make-up, grooming tools and accessories are sure to sweep you off your feet. Shop from crowd favourites like Vero Moda, Forever 21, Only, Arrow, Woodland, Nike, Puma, Revlon, Mac, and Sephora among dozens of other top-of-the-ladder names. From summer staple maxi dresses, no-nonsense cigarette pants, traditional Bandhani kurtis to street-smart biker jackets, you can rely on us for a wardrobe that is up to date. Explore our in-house brands like Metronaut, Anmi, and Denizen, to name a few, for carefully curated designs that are the talk of the town. Get ready to be spoiled for choice.Festivals, office get-togethers, weddings, brunches, or nightwear - Flipkart will have your back each time.

Home and Furniture
Moving to a new place is never easy, especially if you're buying new furniture. Beds, sofa sets, dining tables, wardrobes, and TV units - it's not easy to set up everything again. With the hundreds of options thrown at you, the ride could be overwhelming. What place is reliable, what furniture will stand the test of time? These are questions you must ask before you choose a store. Well, our Durability Certified Furniture Store has not only curated a range of furniture keeping in mind the modern Indian consumer but furniture that comes with a lab certification, ensuring they last you for up to 10 years. Yes, all our furniture has gone through 35 stability and load tests so that you receive only the best-quality furniture. Be FurniSure, always. Names to look out for are Nilkamal, Godrej Interio, Urban Ladder, HomeTown, Durian and Perfect Homes.

You may have your furniture all set up, but they could end up looking flat and incomplete without complementary decor. Curtains, cushion covers, bed sheets, wall shelves, paintings, floor lamps - find everything that turns a house to an inviting home under one roof at Flipkart.

Baby and Kids
Your kids deserve only the best. From bodysuits, booties, diapers to strollers, if you're an expecting mother or a new mother, you will find everything you need to set sail on a smooth parenting journey with the help of our baby care collection. When it comes to safety, hygiene and comfort, you can rely on us without a second thought. Huggies, Pampers, MamyPoko, and Johnson & Johnson: we host only the most-trusted names in the business for your baby.

Books, Sports and Games
Work hard and no play? We don't believe in that. Get access to best-selling fiction and non-fiction books by your favourite authors, thrilling English and Indian blockbusters, most-wanted gaming consoles, and a tempting range of fitness and sports gadgets and equipment bound to inspire you to get moving.

Grocery/Supermart
Launching into the grocery vertical, Flipkart introduces Supermart that is out to bring everyday essentials close to you. From pulses, spices, dairy, personal and sanitary care, breakfast essentials, health drinks, spreads, ready to cook, grooming to cleaning agents, we are happy to present everything you need to run a house. Now buy Grocery products for as low as 1 Rupee only - our 1 Rupee Store presents new products every day for a nominal price of 1 Rupee only. Terms and conditions apply.
ABOUT
Contact Us
About Us
Careers
Flipkart Stories
Press
Corporate Information
GROUP COMPANIES
Myntra
Flipkart Wholesale
Cleartrip
Shopsy
HELP
Payments
Shipping
Cancellation & Returns
FAQ
Report Infringement
CONSUMER POLICY
Cancellation & Returns
Terms Of Use
Security
Privacy
Sitemap
Grievance Redressal
EPR Compliance
Mail Us:
Flipkart Internet Private Limited,
Buildings Alyssa, Begonia &
Clove Embassy Tech Village,
Outer Ring Road, Devarabeesanahalli Village,
Bengaluru, 560103,
Karnataka, India
Social:
Registered Office Address:
Flipkart Internet Private Limited,
Buildings Alyssa, Begonia &
Clove Embassy Tech Village,
Outer Ring Road, Devarabeesanahalli Village,
Bengaluru, 560103,
Karnataka, India
CIN : U51109KA2012PTC066107
Telephone: 044-45614700
Become a Seller
Advertise
Gift Cards
Help Center
© 2007-2024 Flipkart.com
Liked the new design ?
Tag Name: div, Text: Search Icon
Login
Login
Cart
Become a Seller
Grocery
Mobiles
Fashion
Electronics
Home & Furniture
Appliances
Travel
Beauty, Toys & More
Two Wheelers
Best of Electronics
Best Truewireless Headphones
Grab Now
Printers
From ₹2336
Top Selling Dell Keyboard
From ₹229
Best Selling Mobile Speakers
From ₹499*
boAt Smartwatches
From ₹1,099
Printers
From ₹3999
Beauty, Food, Toys & more
Top Selling Stationery
From ₹49
Electric Cycle
Up to 40% Off
Food Spreads
Upto 75% Off
Best of Action Toys
Up to 70% Off
Non-Geared Cycles
Up to 40% Off
Microphones
Up to 70% off
Coffee Powder
Upto 80% Off
Most Shopped on FK
Men's T-shirts
Special offer
Laptop Bags
Min. 70% Off
Women's Ethnic Sets
Min. 50% Off
Suitcases
Min. 70% Off
Hang on, loading content
Top Stories :Brand Directory
MOST SEARCHED FOR ON FLIPKART:iPhone 15iPhone 15 PlusiPhone 15 ProiPhone 15 Pro MaxVivo x 100Spoyl StoreSAMSUNG Flip5SAMSUNG Fold5Flipkart Axis Bank Super Elite Credit card5G Mobile PhonesPrimebook LaptopsMoto Edge 40Grievance RedressalOPPO Reno7 Pro 5GiPhone 13Help CentreTrack OrdersManage OrdersReturn OrdersGift Cards StoreFlipkart Axis Bank Credit CardPay Later
MOBILESRedmi 12 5GRealme 12+ 5GMotorola G84Realme C53Infinix Smart 8Samsung Galaxy S23 5GSamsung Galaxy S21 FE 5G Qualcommvivo V30Samsung Galaxy S24 5GSamsung Galaxy S24+ 5GiPhone 12 64GBiPhone 12 Pro 512GBiPhone 12 128GBVivo Y15SAMSUNG Galaxy S21 FE 5GInfinix HOT 30iRealme 10 Pro 5GMOTOROLA G62 5GNothing PhoneREDMI Note 12 Pro 5GInfinix SMART 7Vivo Y12Oppo A12Motorola 5g PhoneRealme 5g SmartphoneApple 5g PhoneIqoo 5g PhonesOneplus 5g PhonesVivo 5g PhonesOppo 5g Smart PhonesOppo F15Oppo A31Samsung A71Samsung A51Samsung A31iPhone 11iPhone 11 Pro4G MobileNokia MobileSamsung MobileiphoneOppo MobileVivo Mobile
CAMERAGoPro Action CameraNikon CameraCanon CameraSony CameraCanon DSLRNikon DSLR
LAPTOPSAsus ROG AllyMacBook Pro M2Premium LaptopASUS ROG Strix SCAR 16 (2023) Core i9 13th GenASUS ROG Zephyrus M16 (2023) Core i9 13th GenASUS Zenbook 14 OLED (2022)Realme Book Prime Core i5 11th GenMicrosoft Surface Go Pentium 128GBApple LaptopsAcer LaptopsLenovo LaptopsDell LaptopsAsus LaptopsHP LaptopsGaming Laptops2 in 1 LaptopsLaptopsDell latest laptops 2022HP latest laptops 2022Infinix INBook Y1 PlusSAMSUNG Galaxy Book312th Gen Intel Core Laptops
TVSNokia TVPanasonic TVThomson TVMi X ProRealme TVMotorola TVOnePlus TVsLG TVTVSony TVSamsung TVAndroid TelevisionIffalcon TvMi TV
LARGE APPLIANCES:TelevisionWashing MachinesRefrigeratorsAir ConditionersElectric CookersElectric Jug(Heater) / Travel KettlesInduction CooktopsInverters / stabilizerIrons / Iron BoxMixer Grinder JuicerWet GrindersChimneysMicrowave OvensVacuum CleanersWater PurifierFan
CLOTHINGGreen bridal lehengaTopsShoesSunglassesBridal BlouseHalf saree blouse designsDesigner blousesBlouse designsShirtsCotton saree blouse designsTshirtsJeansSareesDressesOne piecesGroom wedding sherwaniDesigner Salwar SuitsBraCotton simple blouse designsBanarasi saree blouse designsStylish blouse astin designTrack PantBlouse neck designsKurtasParty DressesPalazzo SuitsAnarkaliGownsCut out dressSalwar SuitsKurtisDesigner SareesLeggingsShortsGeorgette SareesEthnic Wearuppada pattu sareesBlouse back designJodhpur pants
FOOTWEAR:Adidas ShoesReebok ShoesNike ShoesPuma ShoesBootsBata ShoesWoodland ShoesSkechers ShoesSneakersWomens BootsSports ShoesLoafersSandalsLotto Sports ShoesCasual ShoesWomens Skechers ShoesAsics Sports ShoesFormal ShoesSchool Shoes
GROCERIESPhonePe Grocery VoucherHand WashSoapCashew NutsSunflower OilEggsToilet CleanerHarpic Toilet CleanerDettol SoapMustard OilBiscuitsCheesePatanjali AttaFortune OilAashirvaad AttaTea
BEST SELLING ON FLIPKARTHeadphonesBest Gas GeyserKitchen GeyserNutri BlendersPortable Air CoolerBest Air CoolerBagsHitachi Refrigerator 3 DoorBooksToysCandlesHelmetsWall ClocksBaby FoodChocolatesCyclesCalculatorsLipsticksMaskVertiv UPSFastrack WatchesWalletsEarringsGold CoinsRealme Pad MiniHandbagsconekt SW2 SmartwatchMivi DuoPods a350Speaker Cleaner
FURNITUREFurnitureSofasBedsDining setsWardrobesMattressesTV UnitsTablesChairsShelvesBean BagsOffice ChairsComputer TableOffice TablesRed SofaWakefit BedsWhite SofaWakefit MattressGreen SofaBlack SofaBrown Sofa
BGMH:Whey ProteinHomeopathyCricketCyclesFootballsTreadmillsChristmas GiftsFitness AccessoriesOnline GuitarBooks StoreMusical Instrument StoreDabur ChyawanprashBaidyanath ChyawanprashEnergy DrinksToysMilk Drink MixesRakhiChyawanprashIndian FlagProtein Supplements
Flipkart: The One-stop Shopping Destination
E-commerce is revolutionizing the way we all shop in India. Why do you want to hop from one store to another in search of the latest phone when you can find it on the Internet in a single click? Not only mobiles. Flipkart houses everything you can possibly imagine, from trending electronics like laptops, tablets, smartphones, and mobile accessories to in-vogue fashion staples like shoes, clothing and lifestyle accessories; from modern furniture like sofa sets, dining tables, and wardrobes to appliances that make your life easy like washing machines, TVs, ACs, mixer grinder juicers and other time-saving kitchen and small appliances; from home furnishings like cushion covers, mattresses and bedsheets to toys and musical instruments, we got them all covered. You name it, and you can stay assured about finding them all here. For those of you with erratic working hours, Flipkart is your best bet. Shop in your PJs, at night or in the wee hours of the morning. This e-commerce never shuts down.

What's more, with our year-round shopping festivals and events, our prices are irresistible. We're sure you'll find yourself picking up more than what you had in mind. If you are wondering why you should shop from Flipkart when there are multiple options available to you, well, the below will answer your question.

Flipkart Plus
A world of limitless possibilities awaits you - Flipkart Plus was kickstarted as a loyalty reward programme for all its regular customers at zero subscription fee. All you need is 500 supercoins to be a part of this service. For every 100 rupees spent on Flipkart order, Plus members earns 4 supercoins & non-plus members earn 2 supercoins. Free delivery, early access during sales and shopping festivals, exchange offers and priority customer service are the top benefits to a Flipkart Plus member. In short, earn more when you shop more!

What's more, you can even use the Flipkart supercoins for a number of exciting services, like:
An annual Zomato Gold membership
An annual Hotstar Premium membership
6 months Gaana plus subscription
Rupees 550 instant discount on flights on ixigo
Check out https://www.flipkart.com/plus/all-offers for the entire list. Terms and conditions apply.

No Cost EMI
In an attempt to make high-end products accessible to all, our No Cost EMI plan enables you to shop with us under EMI, without shelling out any processing fee. Applicable on select mobiles, laptops, large and small appliances, furniture, electronics and watches, you can now shop without burning a hole in your pocket. If you've been eyeing a product for a long time, chances are it may be up for a no cost EMI. Take a look ASAP! Terms and conditions apply.

EMI on Debit Cards
Did you know debit card holders account for 79.38 crore in the country, while there are only 3.14 crore credit card holders? After enabling EMI on Credit Cards, in another attempt to make online shopping accessible to everyone, Flipkart introduces EMI on Debit Cards, empowering you to shop confidently with us without having to worry about pauses in monthly cash flow. At present, we have partnered with Axis Bank, HDFC Bank, State Bank of India and ICICI Bank for this facility. More power to all our shoppers! Terms and conditions apply.

Mobile Exchange Offers
Get an instant discount on the phone that you have been eyeing on. Exchange your old mobile for a new one after the Flipkart experts calculate the value of your old phone, provided it is in a working condition without damage to the screen. If a phone is applicable for an exchange offer, you will see the 'Buy with Exchange' option on the product description of the phone. So, be smart, always opt for an exchange wherever possible. Terms and conditions apply.

What Can You Buy From Flipkart?
Mobile Phones
From budget phones to state-of-the-art smartphones, we have a mobile for everybody out there. Whether you're looking for larger, fuller screens, power-packed batteries, blazing-fast processors, beautification apps, high-tech selfie cameras or just large internal space, we take care of all the essentials. Shop from top brands in the country like Samsung, Apple, Oppo, Xiaomi, Realme, Vivo, and Honor to name a few. Rest assured, you're buying from only the most reliable names in the market. What's more, with Flipkart's Complete Mobile Protection Plan, you will never again find the need to run around service centres. This plan entails you to a number of post-purchase solutions, starting at as low as Rupees 99 only! Broken screens, liquid damage to phone, hardware and software glitches, and replacements - the Flipkart Complete Mobile Protection covers a comprehensive range of post-purchase problems, with door-to-door services.

Electronic Devices and Accessories
When it comes to laptops, we are not far behind. Filter among dozens of super-fast operating systems, hard disk capacity, RAM, lifestyle, screen size and many other criterias for personalized results in a flash. All you students out there, confused about what laptop to get? Our Back To College Store segregates laptops purpose wise (gaming, browsing and research, project work, entertainment, design, multitasking) with recommendations from top brands and industry experts, facilitating a shopping experience that is quicker and simpler.

Photography lovers, you couldn't land at a better page than ours. Cutting-edge DSLR cameras, ever reliable point-and-shoot cameras, millennial favourite instant cameras or action cameras for adventure junkies: our range of cameras is as much for beginners as it is for professionals. Canon, Nikon, GoPro, Sony, and Fujifilm are some big names you'll find in our store. Photography lovers, you couldn't land at a better page than ours. Cutting-edge DSLR cameras, ever reliable point-and-shoot cameras, millennial favourite instant cameras or action cameras for adventure junkies: our range of cameras is as much for beginners as it is for professionals. Canon, Nikon, GoPro, Sony, and Fujifilm are some big names you'll find in our store.

Turn your home into a theatre with a stunning surround sound system. Choose from our elaborate range of Sony home theatres, JBL soundbars and Philips tower speakers for an experience to remember.

How about jazzing up your phone with our quirky designer cases and covers? Our wide-ranging mobile accessories starting from headphones, power banks, memory cards, mobile chargers, to selfie sticks can prove to be ideal travel companions for you and your phone; never again worry about running out of charge or memory on your next vacation.

Large Appliances
Sleek TVs, power-saving refrigerators, rapid-cooling ACs, resourceful washing machines - discover everything you need to run a house under one roof. Our Dependable TV and Appliance Store ensures zero transit damage, with a replacement guarantee if anything goes wrong; delivery and installation as per your convenience and a double warranty (Official Brand Warranty along with an extended Flipkart Warranty) - rest assured, value for money is what is promised and delivered. Shop from market leaders in the country like Samsung, LG, Whirlpool, Midea, Mi, Vu, Panasonic, Godrej, Sony, Daikin, and Hitachi among many others.

For certain product categories, Customers meeting the eligibility criteria will have the option to buy larger quantities. To know more on the eligibility criteria and terms and conditions, please reach out to Purchases.oni@flipkart.com.

Small Home Appliances
Find handy and practical home appliances designed to make your life simpler: electric kettles, OTGs, microwave ovens, sandwich makers, hand blenders, coffee makers, and many more other time-saving appliances that are truly crafted for a quicker lifestyle. Live life king size with these appliances at home.

Lifestyle
Flipkart, 'India ka Fashion Capital', is your one-stop fashion destination for anything and everything you need to look good. Our exhaustive range of Western and Indian wear, summer and winter clothing, formal and casual footwear, bridal and artificial jewellery, long-lasting make-up, grooming tools and accessories are sure to sweep you off your feet. Shop from crowd favourites like Vero Moda, Forever 21, Only, Arrow, Woodland, Nike, Puma, Revlon, Mac, and Sephora among dozens of other top-of-the-ladder names. From summer staple maxi dresses, no-nonsense cigarette pants, traditional Bandhani kurtis to street-smart biker jackets, you can rely on us for a wardrobe that is up to date. Explore our in-house brands like Metronaut, Anmi, and Denizen, to name a few, for carefully curated designs that are the talk of the town. Get ready to be spoiled for choice.Festivals, office get-togethers, weddings, brunches, or nightwear - Flipkart will have your back each time.

Home and Furniture
Moving to a new place is never easy, especially if you're buying new furniture. Beds, sofa sets, dining tables, wardrobes, and TV units - it's not easy to set up everything again. With the hundreds of options thrown at you, the ride could be overwhelming. What place is reliable, what furniture will stand the test of time? These are questions you must ask before you choose a store. Well, our Durability Certified Furniture Store has not only curated a range of furniture keeping in mind the modern Indian consumer but furniture that comes with a lab certification, ensuring they last you for up to 10 years. Yes, all our furniture has gone through 35 stability and load tests so that you receive only the best-quality furniture. Be FurniSure, always. Names to look out for are Nilkamal, Godrej Interio, Urban Ladder, HomeTown, Durian and Perfect Homes.

You may have your furniture all set up, but they could end up looking flat and incomplete without complementary decor. Curtains, cushion covers, bed sheets, wall shelves, paintings, floor lamps - find everything that turns a house to an inviting home under one roof at Flipkart.

Baby and Kids
Your kids deserve only the best. From bodysuits, booties, diapers to strollers, if you're an expecting mother or a new mother, you will find everything you need to set sail on a smooth parenting journey with the help of our baby care collection. When it comes to safety, hygiene and comfort, you can rely on us without a second thought. Huggies, Pampers, MamyPoko, and Johnson & Johnson: we host only the most-trusted names in the business for your baby.

Books, Sports and Games
Work hard and no play? We don't believe in that. Get access to best-selling fiction and non-fiction books by your favourite authors, thrilling English and Indian blockbusters, most-wanted gaming consoles, and a tempting range of fitness and sports gadgets and equipment bound to inspire you to get moving.

Grocery/Supermart
Launching into the grocery vertical, Flipkart introduces Supermart that is out to bring everyday essentials close to you. From pulses, spices, dairy, personal and sanitary care, breakfast essentials, health drinks, spreads, ready to cook, grooming to cleaning agents, we are happy to present everything you need to run a house. Now buy Grocery products for as low as 1 Rupee only - our 1 Rupee Store presents new products every day for a nominal price of 1 Rupee only. Terms and conditions apply.
ABOUT
Contact Us
About Us
Careers
Flipkart Stories
Press
Corporate Information
GROUP COMPANIES
Myntra
Flipkart Wholesale
Cleartrip
Shopsy
HELP
Payments
Shipping
Cancellation & Returns
FAQ
Report Infringement
CONSUMER POLICY
Cancellation & Returns
Terms Of Use
Security
Privacy
Sitemap
Grievance Redressal
EPR Compliance
Mail Us:
Flipkart Internet Private Limited,
Buildings Alyssa, Begonia &
Clove Embassy Tech Village,
Outer Ring Road, Devarabeesanahalli Village,
Bengaluru, 560103,
Karnataka, India
Social:
Registered Office Address:
Flipkart Internet Private Limited,
Buildings Alyssa, Begonia &
Clove Embassy Tech Village,
Outer Ring Road, Devarabeesanahalli Village,
Bengaluru, 560103,
Karnataka, India
CIN : U51109KA2012PTC066107
Telephone: 044-45614700
Become a Seller
Advertise
Gift Cards
Help Center
© 2007-2024 Flipkart.com
Liked the new design ?
Tag Name: div, Text: Search Icon
Login
Login
Cart
Become a Seller
Grocery
Mobiles
Fashion
Electronics
Home & Furniture
Appliances
Travel
Beauty, Toys & More
Two Wheelers
Best of Electronics
Best Truewireless Headphones
Grab Now
Printers
From ₹2336
Top Selling Dell Keyboard
From ₹229
Best Selling Mobile Speakers
From ₹499*
boAt Smartwatches
From ₹1,099
Printers
From ₹3999
Beauty, Food, Toys & more
Top Selling Stationery
From ₹49
Electric Cycle
Up to 40% Off
Food Spreads
Upto 75% Off
Best of Action Toys
Up to 70% Off
Non-Geared Cycles
Up to 40% Off
Microphones
Up to 70% off
Coffee Powder
Upto 80% Off
Most Shopped on FK
Men's T-shirts
Special offer
Laptop Bags
Min. 70% Off
Women's Ethnic Sets
Min. 50% Off
Suitcases
Min. 70% Off
Hang on, loading content
Top Stories :Brand Directory
MOST SEARCHED FOR ON FLIPKART:iPhone 15iPhone 15 PlusiPhone 15 ProiPhone 15 Pro MaxVivo x 100Spoyl StoreSAMSUNG Flip5SAMSUNG Fold5Flipkart Axis Bank Super Elite Credit card5G Mobile PhonesPrimebook LaptopsMoto Edge 40Grievance RedressalOPPO Reno7 Pro 5GiPhone 13Help CentreTrack OrdersManage OrdersReturn OrdersGift Cards StoreFlipkart Axis Bank Credit CardPay Later
MOBILESRedmi 12 5GRealme 12+ 5GMotorola G84Realme C53Infinix Smart 8Samsung Galaxy S23 5GSamsung Galaxy S21 FE 5G Qualcommvivo V30Samsung Galaxy S24 5GSamsung Galaxy S24+ 5GiPhone 12 64GBiPhone 12 Pro 512GBiPhone 12 128GBVivo Y15SAMSUNG Galaxy S21 FE 5GInfinix HOT 30iRealme 10 Pro 5GMOTOROLA G62 5GNothing PhoneREDMI Note 12 Pro 5GInfinix SMART 7Vivo Y12Oppo A12Motorola 5g PhoneRealme 5g SmartphoneApple 5g PhoneIqoo 5g PhonesOneplus 5g PhonesVivo 5g PhonesOppo 5g Smart PhonesOppo F15Oppo A31Samsung A71Samsung A51Samsung A31iPhone 11iPhone 11 Pro4G MobileNokia MobileSamsung MobileiphoneOppo MobileVivo Mobile
CAMERAGoPro Action CameraNikon CameraCanon CameraSony CameraCanon DSLRNikon DSLR
LAPTOPSAsus ROG AllyMacBook Pro M2Premium LaptopASUS ROG Strix SCAR 16 (2023) Core i9 13th GenASUS ROG Zephyrus M16 (2023) Core i9 13th GenASUS Zenbook 14 OLED (2022)Realme Book Prime Core i5 11th GenMicrosoft Surface Go Pentium 128GBApple LaptopsAcer LaptopsLenovo LaptopsDell LaptopsAsus LaptopsHP LaptopsGaming Laptops2 in 1 LaptopsLaptopsDell latest laptops 2022HP latest laptops 2022Infinix INBook Y1 PlusSAMSUNG Galaxy Book312th Gen Intel Core Laptops
TVSNokia TVPanasonic TVThomson TVMi X ProRealme TVMotorola TVOnePlus TVsLG TVTVSony TVSamsung TVAndroid TelevisionIffalcon TvMi TV
LARGE APPLIANCES:TelevisionWashing MachinesRefrigeratorsAir ConditionersElectric CookersElectric Jug(Heater) / Travel KettlesInduction CooktopsInverters / stabilizerIrons / Iron BoxMixer Grinder JuicerWet GrindersChimneysMicrowave OvensVacuum CleanersWater PurifierFan
CLOTHINGGreen bridal lehengaTopsShoesSunglassesBridal BlouseHalf saree blouse designsDesigner blousesBlouse designsShirtsCotton saree blouse designsTshirtsJeansSareesDressesOne piecesGroom wedding sherwaniDesigner Salwar SuitsBraCotton simple blouse designsBanarasi saree blouse designsStylish blouse astin designTrack PantBlouse neck designsKurtasParty DressesPalazzo SuitsAnarkaliGownsCut out dressSalwar SuitsKurtisDesigner SareesLeggingsShortsGeorgette SareesEthnic Wearuppada pattu sareesBlouse back designJodhpur pants
FOOTWEAR:Adidas ShoesReebok ShoesNike ShoesPuma ShoesBootsBata ShoesWoodland ShoesSkechers ShoesSneakersWomens BootsSports ShoesLoafersSandalsLotto Sports ShoesCasual ShoesWomens Skechers ShoesAsics Sports ShoesFormal ShoesSchool Shoes
GROCERIESPhonePe Grocery VoucherHand WashSoapCashew NutsSunflower OilEggsToilet CleanerHarpic Toilet CleanerDettol SoapMustard OilBiscuitsCheesePatanjali AttaFortune OilAashirvaad AttaTea
BEST SELLING ON FLIPKARTHeadphonesBest Gas GeyserKitchen GeyserNutri BlendersPortable Air CoolerBest Air CoolerBagsHitachi Refrigerator 3 DoorBooksToysCandlesHelmetsWall ClocksBaby FoodChocolatesCyclesCalculatorsLipsticksMaskVertiv UPSFastrack WatchesWalletsEarringsGold CoinsRealme Pad MiniHandbagsconekt SW2 SmartwatchMivi DuoPods a350Speaker Cleaner
FURNITUREFurnitureSofasBedsDining setsWardrobesMattressesTV UnitsTablesChairsShelvesBean BagsOffice ChairsComputer TableOffice TablesRed SofaWakefit BedsWhite SofaWakefit MattressGreen SofaBlack SofaBrown Sofa
BGMH:Whey ProteinHomeopathyCricketCyclesFootballsTreadmillsChristmas GiftsFitness AccessoriesOnline GuitarBooks StoreMusical Instrument StoreDabur ChyawanprashBaidyanath ChyawanprashEnergy DrinksToysMilk Drink MixesRakhiChyawanprashIndian FlagProtein Supplements
Flipkart: The One-stop Shopping Destination
E-commerce is revolutionizing the way we all shop in India. Why do you want to hop from one store to another in search of the latest phone when you can find it on the Internet in a single click? Not only mobiles. Flipkart houses everything you can possibly imagine, from trending electronics like laptops, tablets, smartphones, and mobile accessories to in-vogue fashion staples like shoes, clothing and lifestyle accessories; from modern furniture like sofa sets, dining tables, and wardrobes to appliances that make your life easy like washing machines, TVs, ACs, mixer grinder juicers and other time-saving kitchen and small appliances; from home furnishings like cushion covers, mattresses and bedsheets to toys and musical instruments, we got them all covered. You name it, and you can stay assured about finding them all here. For those of you with erratic working hours, Flipkart is your best bet. Shop in your PJs, at night or in the wee hours of the morning. This e-commerce never shuts down.

What's more, with our year-round shopping festivals and events, our prices are irresistible. We're sure you'll find yourself picking up more than what you had in mind. If you are wondering why you should shop from Flipkart when there are multiple options available to you, well, the below will answer your question.

Flipkart Plus
A world of limitless possibilities awaits you - Flipkart Plus was kickstarted as a loyalty reward programme for all its regular customers at zero subscription fee. All you need is 500 supercoins to be a part of this service. For every 100 rupees spent on Flipkart order, Plus members earns 4 supercoins & non-plus members earn 2 supercoins. Free delivery, early access during sales and shopping festivals, exchange offers and priority customer service are the top benefits to a Flipkart Plus member. In short, earn more when you shop more!

What's more, you can even use the Flipkart supercoins for a number of exciting services, like:
An annual Zomato Gold membership
An annual Hotstar Premium membership
6 months Gaana plus subscription
Rupees 550 instant discount on flights on ixigo
Check out https://www.flipkart.com/plus/all-offers for the entire list. Terms and conditions apply.

No Cost EMI
In an attempt to make high-end products accessible to all, our No Cost EMI plan enables you to shop with us under EMI, without shelling out any processing fee. Applicable on select mobiles, laptops, large and small appliances, furniture, electronics and watches, you can now shop without burning a hole in your pocket. If you've been eyeing a product for a long time, chances are it may be up for a no cost EMI. Take a look ASAP! Terms and conditions apply.

EMI on Debit Cards
Did you know debit card holders account for 79.38 crore in the country, while there are only 3.14 crore credit card holders? After enabling EMI on Credit Cards, in another attempt to make online shopping accessible to everyone, Flipkart introduces EMI on Debit Cards, empowering you to shop confidently with us without having to worry about pauses in monthly cash flow. At present, we have partnered with Axis Bank, HDFC Bank, State Bank of India and ICICI Bank for this facility. More power to all our shoppers! Terms and conditions apply.

Mobile Exchange Offers
Get an instant discount on the phone that you have been eyeing on. Exchange your old mobile for a new one after the Flipkart experts calculate the value of your old phone, provided it is in a working condition without damage to the screen. If a phone is applicable for an exchange offer, you will see the 'Buy with Exchange' option on the product description of the phone. So, be smart, always opt for an exchange wherever possible. Terms and conditions apply.

What Can You Buy From Flipkart?
Mobile Phones
From budget phones to state-of-the-art smartphones, we have a mobile for everybody out there. Whether you're looking for larger, fuller screens, power-packed batteries, blazing-fast processors, beautification apps, high-tech selfie cameras or just large internal space, we take care of all the essentials. Shop from top brands in the country like Samsung, Apple, Oppo, Xiaomi, Realme, Vivo, and Honor to name a few. Rest assured, you're buying from only the most reliable names in the market. What's more, with Flipkart's Complete Mobile Protection Plan, you will never again find the need to run around service centres. This plan entails you to a number of post-purchase solutions, starting at as low as Rupees 99 only! Broken screens, liquid damage to phone, hardware and software glitches, and replacements - the Flipkart Complete Mobile Protection covers a comprehensive range of post-purchase problems, with door-to-door services.

Electronic Devices and Accessories
When it comes to laptops, we are not far behind. Filter among dozens of super-fast operating systems, hard disk capacity, RAM, lifestyle, screen size and many other criterias for personalized results in a flash. All you students out there, confused about what laptop to get? Our Back To College Store segregates laptops purpose wise (gaming, browsing and research, project work, entertainment, design, multitasking) with recommendations from top brands and industry experts, facilitating a shopping experience that is quicker and simpler.

Photography lovers, you couldn't land at a better page than ours. Cutting-edge DSLR cameras, ever reliable point-and-shoot cameras, millennial favourite instant cameras or action cameras for adventure junkies: our range of cameras is as much for beginners as it is for professionals. Canon, Nikon, GoPro, Sony, and Fujifilm are some big names you'll find in our store. Photography lovers, you couldn't land at a better page than ours. Cutting-edge DSLR cameras, ever reliable point-and-shoot cameras, millennial favourite instant cameras or action cameras for adventure junkies: our range of cameras is as much for beginners as it is for professionals. Canon, Nikon, GoPro, Sony, and Fujifilm are some big names you'll find in our store.

Turn your home into a theatre with a stunning surround sound system. Choose from our elaborate range of Sony home theatres, JBL soundbars and Philips tower speakers for an experience to remember.

How about jazzing up your phone with our quirky designer cases and covers? Our wide-ranging mobile accessories starting from headphones, power banks, memory cards, mobile chargers, to selfie sticks can prove to be ideal travel companions for you and your phone; never again worry about running out of charge or memory on your next vacation.

Large Appliances
Sleek TVs, power-saving refrigerators, rapid-cooling ACs, resourceful washing machines - discover everything you need to run a house under one roof. Our Dependable TV and Appliance Store ensures zero transit damage, with a replacement guarantee if anything goes wrong; delivery and installation as per your convenience and a double warranty (Official Brand Warranty along with an extended Flipkart Warranty) - rest assured, value for money is what is promised and delivered. Shop from market leaders in the country like Samsung, LG, Whirlpool, Midea, Mi, Vu, Panasonic, Godrej, Sony, Daikin, and Hitachi among many others.

For certain product categories, Customers meeting the eligibility criteria will have the option to buy larger quantities. To know more on the eligibility criteria and terms and conditions, please reach out to Purchases.oni@flipkart.com.

Small Home Appliances
Find handy and practical home appliances designed to make your life simpler: electric kettles, OTGs, microwave ovens, sandwich makers, hand blenders, coffee makers, and many more other time-saving appliances that are truly crafted for a quicker lifestyle. Live life king size with these appliances at home.

Lifestyle
Flipkart, 'India ka Fashion Capital', is your one-stop fashion destination for anything and everything you need to look good. Our exhaustive range of Western and Indian wear, summer and winter clothing, formal and casual footwear, bridal and artificial jewellery, long-lasting make-up, grooming tools and accessories are sure to sweep you off your feet. Shop from crowd favourites like Vero Moda, Forever 21, Only, Arrow, Woodland, Nike, Puma, Revlon, Mac, and Sephora among dozens of other top-of-the-ladder names. From summer staple maxi dresses, no-nonsense cigarette pants, traditional Bandhani kurtis to street-smart biker jackets, you can rely on us for a wardrobe that is up to date. Explore our in-house brands like Metronaut, Anmi, and Denizen, to name a few, for carefully curated designs that are the talk of the town. Get ready to be spoiled for choice.Festivals, office get-togethers, weddings, brunches, or nightwear - Flipkart will have your back each time.

Home and Furniture
Moving to a new place is never easy, especially if you're buying new furniture. Beds, sofa sets, dining tables, wardrobes, and TV units - it's not easy to set up everything again. With the hundreds of options thrown at you, the ride could be overwhelming. What place is reliable, what furniture will stand the test of time? These are questions you must ask before you choose a store. Well, our Durability Certified Furniture Store has not only curated a range of furniture keeping in mind the modern Indian consumer but furniture that comes with a lab certification, ensuring they last you for up to 10 years. Yes, all our furniture has gone through 35 stability and load tests so that you receive only the best-quality furniture. Be FurniSure, always. Names to look out for are Nilkamal, Godrej Interio, Urban Ladder, HomeTown, Durian and Perfect Homes.

You may have your furniture all set up, but they could end up looking flat and incomplete without complementary decor. Curtains, cushion covers, bed sheets, wall shelves, paintings, floor lamps - find everything that turns a house to an inviting home under one roof at Flipkart.

Baby and Kids
Your kids deserve only the best. From bodysuits, booties, diapers to strollers, if you're an expecting mother or a new mother, you will find everything you need to set sail on a smooth parenting journey with the help of our baby care collection. When it comes to safety, hygiene and comfort, you can rely on us without a second thought. Huggies, Pampers, MamyPoko, and Johnson & Johnson: we host only the most-trusted names in the business for your baby.

Books, Sports and Games
Work hard and no play? We don't believe in that. Get access to best-selling fiction and non-fiction books by your favourite authors, thrilling English and Indian blockbusters, most-wanted gaming consoles, and a tempting range of fitness and sports gadgets and equipment bound to inspire you to get moving.

Grocery/Supermart
Launching into the grocery vertical, Flipkart introduces Supermart that is out to bring everyday essentials close to you. From pulses, spices, dairy, personal and sanitary care, breakfast essentials, health drinks, spreads, ready to cook, grooming to cleaning agents, we are happy to present everything you need to run a house. Now buy Grocery products for as low as 1 Rupee only - our 1 Rupee Store presents new products every day for a nominal price of 1 Rupee only. Terms and conditions apply.
ABOUT
Contact Us
About Us
Careers
Flipkart Stories
Press
Corporate Information
GROUP COMPANIES
Myntra
Flipkart Wholesale
Cleartrip
Shopsy
HELP
Payments
Shipping
Cancellation & Returns
FAQ
Report Infringement
CONSUMER POLICY
Cancellation & Returns
Terms Of Use
Security
Privacy
Sitemap
Grievance Redressal
EPR Compliance
Mail Us:
Flipkart Internet Private Limited,
Buildings Alyssa, Begonia &
Clove Embassy Tech Village,
Outer Ring Road, Devarabeesanahalli Village,
Bengaluru, 560103,
Karnataka, India
Social:
Registered Office Address:
Flipkart Internet Private Limited,
Buildings Alyssa, Begonia &
Clove Embassy Tech Village,
Outer Ring Road, Devarabeesanahalli Village,
Bengaluru, 560103,
Karnataka, India
CIN : U51109KA2012PTC066107
Telephone: 044-45614700
Become a Seller
Advertise
Gift Cards
Help Center
© 2007-2024 Flipkart.com
Liked the new design ?
Tag Name: div, Text: Search Icon
Login
Login
Cart
Become a Seller
Grocery
Mobiles
Fashion
Electronics
Home & Furniture
Appliances
Travel
Beauty, Toys & More
Two Wheelers
Best of Electronics
Best Truewireless Headphones
Grab Now
Printers
From ₹2336
Top Selling Dell Keyboard
From ₹229
Best Selling Mobile Speakers
From ₹499*
boAt Smartwatches
From ₹1,099
Printers
From ₹3999
Beauty, Food, Toys & more
Top Selling Stationery
From ₹49
Electric Cycle
Up to 40% Off
Food Spreads
Upto 75% Off
Best of Action Toys
Up to 70% Off
Non-Geared Cycles
Up to 40% Off
Microphones
Up to 70% off
Coffee Powder
Upto 80% Off
Most Shopped on FK
Men's T-shirts
Special offer
Laptop Bags
Min. 70% Off
Women's Ethnic Sets
Min. 50% Off
Suitcases
Min. 70% Off
Hang on, loading content
Top Stories :Brand Directory
MOST SEARCHED FOR ON FLIPKART:iPhone 15iPhone 15 PlusiPhone 15 ProiPhone 15 Pro MaxVivo x 100Spoyl StoreSAMSUNG Flip5SAMSUNG Fold5Flipkart Axis Bank Super Elite Credit card5G Mobile PhonesPrimebook LaptopsMoto Edge 40Grievance RedressalOPPO Reno7 Pro 5GiPhone 13Help CentreTrack OrdersManage OrdersReturn OrdersGift Cards StoreFlipkart Axis Bank Credit CardPay Later
MOBILESRedmi 12 5GRealme 12+ 5GMotorola G84Realme C53Infinix Smart 8Samsung Galaxy S23 5GSamsung Galaxy S21 FE 5G Qualcommvivo V30Samsung Galaxy S24 5GSamsung Galaxy S24+ 5GiPhone 12 64GBiPhone 12 Pro 512GBiPhone 12 128GBVivo Y15SAMSUNG Galaxy S21 FE 5GInfinix HOT 30iRealme 10 Pro 5GMOTOROLA G62 5GNothing PhoneREDMI Note 12 Pro 5GInfinix SMART 7Vivo Y12Oppo A12Motorola 5g PhoneRealme 5g SmartphoneApple 5g PhoneIqoo 5g PhonesOneplus 5g PhonesVivo 5g PhonesOppo 5g Smart PhonesOppo F15Oppo A31Samsung A71Samsung A51Samsung A31iPhone 11iPhone 11 Pro4G MobileNokia MobileSamsung MobileiphoneOppo MobileVivo Mobile
CAMERAGoPro Action CameraNikon CameraCanon CameraSony CameraCanon DSLRNikon DSLR
LAPTOPSAsus ROG AllyMacBook Pro M2Premium LaptopASUS ROG Strix SCAR 16 (2023) Core i9 13th GenASUS ROG Zephyrus M16 (2023) Core i9 13th GenASUS Zenbook 14 OLED (2022)Realme Book Prime Core i5 11th GenMicrosoft Surface Go Pentium 128GBApple LaptopsAcer LaptopsLenovo LaptopsDell LaptopsAsus LaptopsHP LaptopsGaming Laptops2 in 1 LaptopsLaptopsDell latest laptops 2022HP latest laptops 2022Infinix INBook Y1 PlusSAMSUNG Galaxy Book312th Gen Intel Core Laptops
TVSNokia TVPanasonic TVThomson TVMi X ProRealme TVMotorola TVOnePlus TVsLG TVTVSony TVSamsung TVAndroid TelevisionIffalcon TvMi TV
LARGE APPLIANCES:TelevisionWashing MachinesRefrigeratorsAir ConditionersElectric CookersElectric Jug(Heater) / Travel KettlesInduction CooktopsInverters / stabilizerIrons / Iron BoxMixer Grinder JuicerWet GrindersChimneysMicrowave OvensVacuum CleanersWater PurifierFan
CLOTHINGGreen bridal lehengaTopsShoesSunglassesBridal BlouseHalf saree blouse designsDesigner blousesBlouse designsShirtsCotton saree blouse designsTshirtsJeansSareesDressesOne piecesGroom wedding sherwaniDesigner Salwar SuitsBraCotton simple blouse designsBanarasi saree blouse designsStylish blouse astin designTrack PantBlouse neck designsKurtasParty DressesPalazzo SuitsAnarkaliGownsCut out dressSalwar SuitsKurtisDesigner SareesLeggingsShortsGeorgette SareesEthnic Wearuppada pattu sareesBlouse back designJodhpur pants
FOOTWEAR:Adidas ShoesReebok ShoesNike ShoesPuma ShoesBootsBata ShoesWoodland ShoesSkechers ShoesSneakersWomens BootsSports ShoesLoafersSandalsLotto Sports ShoesCasual ShoesWomens Skechers ShoesAsics Sports ShoesFormal ShoesSchool Shoes
GROCERIESPhonePe Grocery VoucherHand WashSoapCashew NutsSunflower OilEggsToilet CleanerHarpic Toilet CleanerDettol SoapMustard OilBiscuitsCheesePatanjali AttaFortune OilAashirvaad AttaTea
BEST SELLING ON FLIPKARTHeadphonesBest Gas GeyserKitchen GeyserNutri BlendersPortable Air CoolerBest Air CoolerBagsHitachi Refrigerator 3 DoorBooksToysCandlesHelmetsWall ClocksBaby FoodChocolatesCyclesCalculatorsLipsticksMaskVertiv UPSFastrack WatchesWalletsEarringsGold CoinsRealme Pad MiniHandbagsconekt SW2 SmartwatchMivi DuoPods a350Speaker Cleaner
FURNITUREFurnitureSofasBedsDining setsWardrobesMattressesTV UnitsTablesChairsShelvesBean BagsOffice ChairsComputer TableOffice TablesRed SofaWakefit BedsWhite SofaWakefit MattressGreen SofaBlack SofaBrown Sofa
BGMH:Whey ProteinHomeopathyCricketCyclesFootballsTreadmillsChristmas GiftsFitness AccessoriesOnline GuitarBooks StoreMusical Instrument StoreDabur ChyawanprashBaidyanath ChyawanprashEnergy DrinksToysMilk Drink MixesRakhiChyawanprashIndian FlagProtein Supplements
Flipkart: The One-stop Shopping Destination
E-commerce is revolutionizing the way we all shop in India. Why do you want to hop from one store to another in search of the latest phone when you can find it on the Internet in a single click? Not only mobiles. Flipkart houses everything you can possibly imagine, from trending electronics like laptops, tablets, smartphones, and mobile accessories to in-vogue fashion staples like shoes, clothing and lifestyle accessories; from modern furniture like sofa sets, dining tables, and wardrobes to appliances that make your life easy like washing machines, TVs, ACs, mixer grinder juicers and other time-saving kitchen and small appliances; from home furnishings like cushion covers, mattresses and bedsheets to toys and musical instruments, we got them all covered. You name it, and you can stay assured about finding them all here. For those of you with erratic working hours, Flipkart is your best bet. Shop in your PJs, at night or in the wee hours of the morning. This e-commerce never shuts down.

What's more, with our year-round shopping festivals and events, our prices are irresistible. We're sure you'll find yourself picking up more than what you had in mind. If you are wondering why you should shop from Flipkart when there are multiple options available to you, well, the below will answer your question.

Flipkart Plus
A world of limitless possibilities awaits you - Flipkart Plus was kickstarted as a loyalty reward programme for all its regular customers at zero subscription fee. All you need is 500 supercoins to be a part of this service. For every 100 rupees spent on Flipkart order, Plus members earns 4 supercoins & non-plus members earn 2 supercoins. Free delivery, early access during sales and shopping festivals, exchange offers and priority customer service are the top benefits to a Flipkart Plus member. In short, earn more when you shop more!

What's more, you can even use the Flipkart supercoins for a number of exciting services, like:
An annual Zomato Gold membership
An annual Hotstar Premium membership
6 months Gaana plus subscription
Rupees 550 instant discount on flights on ixigo
Check out https://www.flipkart.com/plus/all-offers for the entire list. Terms and conditions apply.

No Cost EMI
In an attempt to make high-end products accessible to all, our No Cost EMI plan enables you to shop with us under EMI, without shelling out any processing fee. Applicable on select mobiles, laptops, large and small appliances, furniture, electronics and watches, you can now shop without burning a hole in your pocket. If you've been eyeing a product for a long time, chances are it may be up for a no cost EMI. Take a look ASAP! Terms and conditions apply.

EMI on Debit Cards
Did you know debit card holders account for 79.38 crore in the country, while there are only 3.14 crore credit card holders? After enabling EMI on Credit Cards, in another attempt to make online shopping accessible to everyone, Flipkart introduces EMI on Debit Cards, empowering you to shop confidently with us without having to worry about pauses in monthly cash flow. At present, we have partnered with Axis Bank, HDFC Bank, State Bank of India and ICICI Bank for this facility. More power to all our shoppers! Terms and conditions apply.

Mobile Exchange Offers
Get an instant discount on the phone that you have been eyeing on. Exchange your old mobile for a new one after the Flipkart experts calculate the value of your old phone, provided it is in a working condition without damage to the screen. If a phone is applicable for an exchange offer, you will see the 'Buy with Exchange' option on the product description of the phone. So, be smart, always opt for an exchange wherever possible. Terms and conditions apply.

What Can You Buy From Flipkart?
Mobile Phones
From budget phones to state-of-the-art smartphones, we have a mobile for everybody out there. Whether you're looking for larger, fuller screens, power-packed batteries, blazing-fast processors, beautification apps, high-tech selfie cameras or just large internal space, we take care of all the essentials. Shop from top brands in the country like Samsung, Apple, Oppo, Xiaomi, Realme, Vivo, and Honor to name a few. Rest assured, you're buying from only the most reliable names in the market. What's more, with Flipkart's Complete Mobile Protection Plan, you will never again find the need to run around service centres. This plan entails you to a number of post-purchase solutions, starting at as low as Rupees 99 only! Broken screens, liquid damage to phone, hardware and software glitches, and replacements - the Flipkart Complete Mobile Protection covers a comprehensive range of post-purchase problems, with door-to-door services.

Electronic Devices and Accessories
When it comes to laptops, we are not far behind. Filter among dozens of super-fast operating systems, hard disk capacity, RAM, lifestyle, screen size and many other criterias for personalized results in a flash. All you students out there, confused about what laptop to get? Our Back To College Store segregates laptops purpose wise (gaming, browsing and research, project work, entertainment, design, multitasking) with recommendations from top brands and industry experts, facilitating a shopping experience that is quicker and simpler.

Photography lovers, you couldn't land at a better page than ours. Cutting-edge DSLR cameras, ever reliable point-and-shoot cameras, millennial favourite instant cameras or action cameras for adventure junkies: our range of cameras is as much for beginners as it is for professionals. Canon, Nikon, GoPro, Sony, and Fujifilm are some big names you'll find in our store. Photography lovers, you couldn't land at a better page than ours. Cutting-edge DSLR cameras, ever reliable point-and-shoot cameras, millennial favourite instant cameras or action cameras for adventure junkies: our range of cameras is as much for beginners as it is for professionals. Canon, Nikon, GoPro, Sony, and Fujifilm are some big names you'll find in our store.

Turn your home into a theatre with a stunning surround sound system. Choose from our elaborate range of Sony home theatres, JBL soundbars and Philips tower speakers for an experience to remember.

How about jazzing up your phone with our quirky designer cases and covers? Our wide-ranging mobile accessories starting from headphones, power banks, memory cards, mobile chargers, to selfie sticks can prove to be ideal travel companions for you and your phone; never again worry about running out of charge or memory on your next vacation.

Large Appliances
Sleek TVs, power-saving refrigerators, rapid-cooling ACs, resourceful washing machines - discover everything you need to run a house under one roof. Our Dependable TV and Appliance Store ensures zero transit damage, with a replacement guarantee if anything goes wrong; delivery and installation as per your convenience and a double warranty (Official Brand Warranty along with an extended Flipkart Warranty) - rest assured, value for money is what is promised and delivered. Shop from market leaders in the country like Samsung, LG, Whirlpool, Midea, Mi, Vu, Panasonic, Godrej, Sony, Daikin, and Hitachi among many others.

For certain product categories, Customers meeting the eligibility criteria will have the option to buy larger quantities. To know more on the eligibility criteria and terms and conditions, please reach out to Purchases.oni@flipkart.com.

Small Home Appliances
Find handy and practical home appliances designed to make your life simpler: electric kettles, OTGs, microwave ovens, sandwich makers, hand blenders, coffee makers, and many more other time-saving appliances that are truly crafted for a quicker lifestyle. Live life king size with these appliances at home.

Lifestyle
Flipkart, 'India ka Fashion Capital', is your one-stop fashion destination for anything and everything you need to look good. Our exhaustive range of Western and Indian wear, summer and winter clothing, formal and casual footwear, bridal and artificial jewellery, long-lasting make-up, grooming tools and accessories are sure to sweep you off your feet. Shop from crowd favourites like Vero Moda, Forever 21, Only, Arrow, Woodland, Nike, Puma, Revlon, Mac, and Sephora among dozens of other top-of-the-ladder names. From summer staple maxi dresses, no-nonsense cigarette pants, traditional Bandhani kurtis to street-smart biker jackets, you can rely on us for a wardrobe that is up to date. Explore our in-house brands like Metronaut, Anmi, and Denizen, to name a few, for carefully curated designs that are the talk of the town. Get ready to be spoiled for choice.Festivals, office get-togethers, weddings, brunches, or nightwear - Flipkart will have your back each time.

Home and Furniture
Moving to a new place is never easy, especially if you're buying new furniture. Beds, sofa sets, dining tables, wardrobes, and TV units - it's not easy to set up everything again. With the hundreds of options thrown at you, the ride could be overwhelming. What place is reliable, what furniture will stand the test of time? These are questions you must ask before you choose a store. Well, our Durability Certified Furniture Store has not only curated a range of furniture keeping in mind the modern Indian consumer but furniture that comes with a lab certification, ensuring they last you for up to 10 years. Yes, all our furniture has gone through 35 stability and load tests so that you receive only the best-quality furniture. Be FurniSure, always. Names to look out for are Nilkamal, Godrej Interio, Urban Ladder, HomeTown, Durian and Perfect Homes.

You may have your furniture all set up, but they could end up looking flat and incomplete without complementary decor. Curtains, cushion covers, bed sheets, wall shelves, paintings, floor lamps - find everything that turns a house to an inviting home under one roof at Flipkart.

Baby and Kids
Your kids deserve only the best. From bodysuits, booties, diapers to strollers, if you're an expecting mother or a new mother, you will find everything you need to set sail on a smooth parenting journey with the help of our baby care collection. When it comes to safety, hygiene and comfort, you can rely on us without a second thought. Huggies, Pampers, MamyPoko, and Johnson & Johnson: we host only the most-trusted names in the business for your baby.

Books, Sports and Games
Work hard and no play? We don't believe in that. Get access to best-selling fiction and non-fiction books by your favourite authors, thrilling English and Indian blockbusters, most-wanted gaming consoles, and a tempting range of fitness and sports gadgets and equipment bound to inspire you to get moving.

Grocery/Supermart
Launching into the grocery vertical, Flipkart introduces Supermart that is out to bring everyday essentials close to you. From pulses, spices, dairy, personal and sanitary care, breakfast essentials, health drinks, spreads, ready to cook, grooming to cleaning agents, we are happy to present everything you need to run a house. Now buy Grocery products for as low as 1 Rupee only - our 1 Rupee Store presents new products every day for a nominal price of 1 Rupee only. Terms and conditions apply.
ABOUT
Contact Us
About Us
Careers
Flipkart Stories
Press
Corporate Information
GROUP COMPANIES
Myntra
Flipkart Wholesale
Cleartrip
Shopsy
HELP
Payments
Shipping
Cancellation & Returns
FAQ
Report Infringement
CONSUMER POLICY
Cancellation & Returns
Terms Of Use
Security
Privacy
Sitemap
Grievance Redressal
EPR Compliance
Mail Us:
Flipkart Internet Private Limited,
Buildings Alyssa, Begonia &
Clove Embassy Tech Village,
Outer Ring Road, Devarabeesanahalli Village,
Bengaluru, 560103,
Karnataka, India
Social:
Registered Office Address:
Flipkart Internet Private Limited,
Buildings Alyssa, Begonia &
Clove Embassy Tech Village,
Outer Ring Road, Devarabeesanahalli Village,
Bengaluru, 560103,
Karnataka, India
CIN : U51109KA2012PTC066107
Telephone: 044-45614700
Become a Seller
Advertise
Gift Cards
Help Center
© 2007-2024 Flipkart.com
Liked the new design ?
Tag Name: div, Text: Search Icon
Login
Login
Cart
Become a Seller
Grocery
Mobiles
Fashion
Electronics
Home & Furniture
Appliances
Travel
Beauty, Toys & More
Two Wheelers
Best of Electronics
Best Truewireless Headphones
Grab Now
Printers
From ₹2336
Top Selling Dell Keyboard
From ₹229
Best Selling Mobile Speakers
From ₹499*
boAt Smartwatches
From ₹1,099
Printers
From ₹3999
Beauty, Food, Toys & more
Top Selling Stationery
From ₹49
Electric Cycle
Up to 40% Off
Food Spreads
Upto 75% Off
Best of Action Toys
Up to 70% Off
Non-Geared Cycles
Up to 40% Off
Microphones
Up to 70% off
Coffee Powder
Upto 80% Off
Most Shopped on FK
Men's T-shirts
Special offer
Laptop Bags
Min. 70% Off
Women's Ethnic Sets
Min. 50% Off
Suitcases
Min. 70% Off
Hang on, loading content
Top Stories :Brand Directory
MOST SEARCHED FOR ON FLIPKART:iPhone 15iPhone 15 PlusiPhone 15 ProiPhone 15 Pro MaxVivo x 100Spoyl StoreSAMSUNG Flip5SAMSUNG Fold5Flipkart Axis Bank Super Elite Credit card5G Mobile PhonesPrimebook LaptopsMoto Edge 40Grievance RedressalOPPO Reno7 Pro 5GiPhone 13Help CentreTrack OrdersManage OrdersReturn OrdersGift Cards StoreFlipkart Axis Bank Credit CardPay Later
MOBILESRedmi 12 5GRealme 12+ 5GMotorola G84Realme C53Infinix Smart 8Samsung Galaxy S23 5GSamsung Galaxy S21 FE 5G Qualcommvivo V30Samsung Galaxy S24 5GSamsung Galaxy S24+ 5GiPhone 12 64GBiPhone 12 Pro 512GBiPhone 12 128GBVivo Y15SAMSUNG Galaxy S21 FE 5GInfinix HOT 30iRealme 10 Pro 5GMOTOROLA G62 5GNothing PhoneREDMI Note 12 Pro 5GInfinix SMART 7Vivo Y12Oppo A12Motorola 5g PhoneRealme 5g SmartphoneApple 5g PhoneIqoo 5g PhonesOneplus 5g PhonesVivo 5g PhonesOppo 5g Smart PhonesOppo F15Oppo A31Samsung A71Samsung A51Samsung A31iPhone 11iPhone 11 Pro4G MobileNokia MobileSamsung MobileiphoneOppo MobileVivo Mobile
CAMERAGoPro Action CameraNikon CameraCanon CameraSony CameraCanon DSLRNikon DSLR
LAPTOPSAsus ROG AllyMacBook Pro M2Premium LaptopASUS ROG Strix SCAR 16 (2023) Core i9 13th GenASUS ROG Zephyrus M16 (2023) Core i9 13th GenASUS Zenbook 14 OLED (2022)Realme Book Prime Core i5 11th GenMicrosoft Surface Go Pentium 128GBApple LaptopsAcer LaptopsLenovo LaptopsDell LaptopsAsus LaptopsHP LaptopsGaming Laptops2 in 1 LaptopsLaptopsDell latest laptops 2022HP latest laptops 2022Infinix INBook Y1 PlusSAMSUNG Galaxy Book312th Gen Intel Core Laptops
TVSNokia TVPanasonic TVThomson TVMi X ProRealme TVMotorola TVOnePlus TVsLG TVTVSony TVSamsung TVAndroid TelevisionIffalcon TvMi TV
LARGE APPLIANCES:TelevisionWashing MachinesRefrigeratorsAir ConditionersElectric CookersElectric Jug(Heater) / Travel KettlesInduction CooktopsInverters / stabilizerIrons / Iron BoxMixer Grinder JuicerWet GrindersChimneysMicrowave OvensVacuum CleanersWater PurifierFan
CLOTHINGGreen bridal lehengaTopsShoesSunglassesBridal BlouseHalf saree blouse designsDesigner blousesBlouse designsShirtsCotton saree blouse designsTshirtsJeansSareesDressesOne piecesGroom wedding sherwaniDesigner Salwar SuitsBraCotton simple blouse designsBanarasi saree blouse designsStylish blouse astin designTrack PantBlouse neck designsKurtasParty DressesPalazzo SuitsAnarkaliGownsCut out dressSalwar SuitsKurtisDesigner SareesLeggingsShortsGeorgette SareesEthnic Wearuppada pattu sareesBlouse back designJodhpur pants
FOOTWEAR:Adidas ShoesReebok ShoesNike ShoesPuma ShoesBootsBata ShoesWoodland ShoesSkechers ShoesSneakersWomens BootsSports ShoesLoafersSandalsLotto Sports ShoesCasual ShoesWomens Skechers ShoesAsics Sports ShoesFormal ShoesSchool Shoes
GROCERIESPhonePe Grocery VoucherHand WashSoapCashew NutsSunflower OilEggsToilet CleanerHarpic Toilet CleanerDettol SoapMustard OilBiscuitsCheesePatanjali AttaFortune OilAashirvaad AttaTea
BEST SELLING ON FLIPKARTHeadphonesBest Gas GeyserKitchen GeyserNutri BlendersPortable Air CoolerBest Air CoolerBagsHitachi Refrigerator 3 DoorBooksToysCandlesHelmetsWall ClocksBaby FoodChocolatesCyclesCalculatorsLipsticksMaskVertiv UPSFastrack WatchesWalletsEarringsGold CoinsRealme Pad MiniHandbagsconekt SW2 SmartwatchMivi DuoPods a350Speaker Cleaner
FURNITUREFurnitureSofasBedsDining setsWardrobesMattressesTV UnitsTablesChairsShelvesBean BagsOffice ChairsComputer TableOffice TablesRed SofaWakefit BedsWhite SofaWakefit MattressGreen SofaBlack SofaBrown Sofa
BGMH:Whey ProteinHomeopathyCricketCyclesFootballsTreadmillsChristmas GiftsFitness AccessoriesOnline GuitarBooks StoreMusical Instrument StoreDabur ChyawanprashBaidyanath ChyawanprashEnergy DrinksToysMilk Drink MixesRakhiChyawanprashIndian FlagProtein Supplements
Flipkart: The One-stop Shopping Destination
E-commerce is revolutionizing the way we all shop in India. Why do you want to hop from one store to another in search of the latest phone when you can find it on the Internet in a single click? Not only mobiles. Flipkart houses everything you can possibly imagine, from trending electronics like laptops, tablets, smartphones, and mobile accessories to in-vogue fashion staples like shoes, clothing and lifestyle accessories; from modern furniture like sofa sets, dining tables, and wardrobes to appliances that make your life easy like washing machines, TVs, ACs, mixer grinder juicers and other time-saving kitchen and small appliances; from home furnishings like cushion covers, mattresses and bedsheets to toys and musical instruments, we got them all covered. You name it, and you can stay assured about finding them all here. For those of you with erratic working hours, Flipkart is your best bet. Shop in your PJs, at night or in the wee hours of the morning. This e-commerce never shuts down.

What's more, with our year-round shopping festivals and events, our prices are irresistible. We're sure you'll find yourself picking up more than what you had in mind. If you are wondering why you should shop from Flipkart when there are multiple options available to you, well, the below will answer your question.

Flipkart Plus
A world of limitless possibilities awaits you - Flipkart Plus was kickstarted as a loyalty reward programme for all its regular customers at zero subscription fee. All you need is 500 supercoins to be a part of this service. For every 100 rupees spent on Flipkart order, Plus members earns 4 supercoins & non-plus members earn 2 supercoins. Free delivery, early access during sales and shopping festivals, exchange offers and priority customer service are the top benefits to a Flipkart Plus member. In short, earn more when you shop more!

What's more, you can even use the Flipkart supercoins for a number of exciting services, like:
An annual Zomato Gold membership
An annual Hotstar Premium membership
6 months Gaana plus subscription
Rupees 550 instant discount on flights on ixigo
Check out https://www.flipkart.com/plus/all-offers for the entire list. Terms and conditions apply.

No Cost EMI
In an attempt to make high-end products accessible to all, our No Cost EMI plan enables you to shop with us under EMI, without shelling out any processing fee. Applicable on select mobiles, laptops, large and small appliances, furniture, electronics and watches, you can now shop without burning a hole in your pocket. If you've been eyeing a product for a long time, chances are it may be up for a no cost EMI. Take a look ASAP! Terms and conditions apply.

EMI on Debit Cards
Did you know debit card holders account for 79.38 crore in the country, while there are only 3.14 crore credit card holders? After enabling EMI on Credit Cards, in another attempt to make online shopping accessible to everyone, Flipkart introduces EMI on Debit Cards, empowering you to shop confidently with us without having to worry about pauses in monthly cash flow. At present, we have partnered with Axis Bank, HDFC Bank, State Bank of India and ICICI Bank for this facility. More power to all our shoppers! Terms and conditions apply.

Mobile Exchange Offers
Get an instant discount on the phone that you have been eyeing on. Exchange your old mobile for a new one after the Flipkart experts calculate the value of your old phone, provided it is in a working condition without damage to the screen. If a phone is applicable for an exchange offer, you will see the 'Buy with Exchange' option on the product description of the phone. So, be smart, always opt for an exchange wherever possible. Terms and conditions apply.

What Can You Buy From Flipkart?
Mobile Phones
From budget phones to state-of-the-art smartphones, we have a mobile for everybody out there. Whether you're looking for larger, fuller screens, power-packed batteries, blazing-fast processors, beautification apps, high-tech selfie cameras or just large internal space, we take care of all the essentials. Shop from top brands in the country like Samsung, Apple, Oppo, Xiaomi, Realme, Vivo, and Honor to name a few. Rest assured, you're buying from only the most reliable names in the market. What's more, with Flipkart's Complete Mobile Protection Plan, you will never again find the need to run around service centres. This plan entails you to a number of post-purchase solutions, starting at as low as Rupees 99 only! Broken screens, liquid damage to phone, hardware and software glitches, and replacements - the Flipkart Complete Mobile Protection covers a comprehensive range of post-purchase problems, with door-to-door services.

Electronic Devices and Accessories
When it comes to laptops, we are not far behind. Filter among dozens of super-fast operating systems, hard disk capacity, RAM, lifestyle, screen size and many other criterias for personalized results in a flash. All you students out there, confused about what laptop to get? Our Back To College Store segregates laptops purpose wise (gaming, browsing and research, project work, entertainment, design, multitasking) with recommendations from top brands and industry experts, facilitating a shopping experience that is quicker and simpler.

Photography lovers, you couldn't land at a better page than ours. Cutting-edge DSLR cameras, ever reliable point-and-shoot cameras, millennial favourite instant cameras or action cameras for adventure junkies: our range of cameras is as much for beginners as it is for professionals. Canon, Nikon, GoPro, Sony, and Fujifilm are some big names you'll find in our store. Photography lovers, you couldn't land at a better page than ours. Cutting-edge DSLR cameras, ever reliable point-and-shoot cameras, millennial favourite instant cameras or action cameras for adventure junkies: our range of cameras is as much for beginners as it is for professionals. Canon, Nikon, GoPro, Sony, and Fujifilm are some big names you'll find in our store.

Turn your home into a theatre with a stunning surround sound system. Choose from our elaborate range of Sony home theatres, JBL soundbars and Philips tower speakers for an experience to remember.

How about jazzing up your phone with our quirky designer cases and covers? Our wide-ranging mobile accessories starting from headphones, power banks, memory cards, mobile chargers, to selfie sticks can prove to be ideal travel companions for you and your phone; never again worry about running out of charge or memory on your next vacation.

Large Appliances
Sleek TVs, power-saving refrigerators, rapid-cooling ACs, resourceful washing machines - discover everything you need to run a house under one roof. Our Dependable TV and Appliance Store ensures zero transit damage, with a replacement guarantee if anything goes wrong; delivery and installation as per your convenience and a double warranty (Official Brand Warranty along with an extended Flipkart Warranty) - rest assured, value for money is what is promised and delivered. Shop from market leaders in the country like Samsung, LG, Whirlpool, Midea, Mi, Vu, Panasonic, Godrej, Sony, Daikin, and Hitachi among many others.

For certain product categories, Customers meeting the eligibility criteria will have the option to buy larger quantities. To know more on the eligibility criteria and terms and conditions, please reach out to Purchases.oni@flipkart.com.

Small Home Appliances
Find handy and practical home appliances designed to make your life simpler: electric kettles, OTGs, microwave ovens, sandwich makers, hand blenders, coffee makers, and many more other time-saving appliances that are truly crafted for a quicker lifestyle. Live life king size with these appliances at home.

Lifestyle
Flipkart, 'India ka Fashion Capital', is your one-stop fashion destination for anything and everything you need to look good. Our exhaustive range of Western and Indian wear, summer and winter clothing, formal and casual footwear, bridal and artificial jewellery, long-lasting make-up, grooming tools and accessories are sure to sweep you off your feet. Shop from crowd favourites like Vero Moda, Forever 21, Only, Arrow, Woodland, Nike, Puma, Revlon, Mac, and Sephora among dozens of other top-of-the-ladder names. From summer staple maxi dresses, no-nonsense cigarette pants, traditional Bandhani kurtis to street-smart biker jackets, you can rely on us for a wardrobe that is up to date. Explore our in-house brands like Metronaut, Anmi, and Denizen, to name a few, for carefully curated designs that are the talk of the town. Get ready to be spoiled for choice.Festivals, office get-togethers, weddings, brunches, or nightwear - Flipkart will have your back each time.

Home and Furniture
Moving to a new place is never easy, especially if you're buying new furniture. Beds, sofa sets, dining tables, wardrobes, and TV units - it's not easy to set up everything again. With the hundreds of options thrown at you, the ride could be overwhelming. What place is reliable, what furniture will stand the test of time? These are questions you must ask before you choose a store. Well, our Durability Certified Furniture Store has not only curated a range of furniture keeping in mind the modern Indian consumer but furniture that comes with a lab certification, ensuring they last you for up to 10 years. Yes, all our furniture has gone through 35 stability and load tests so that you receive only the best-quality furniture. Be FurniSure, always. Names to look out for are Nilkamal, Godrej Interio, Urban Ladder, HomeTown, Durian and Perfect Homes.

You may have your furniture all set up, but they could end up looking flat and incomplete without complementary decor. Curtains, cushion covers, bed sheets, wall shelves, paintings, floor lamps - find everything that turns a house to an inviting home under one roof at Flipkart.

Baby and Kids
Your kids deserve only the best. From bodysuits, booties, diapers to strollers, if you're an expecting mother or a new mother, you will find everything you need to set sail on a smooth parenting journey with the help of our baby care collection. When it comes to safety, hygiene and comfort, you can rely on us without a second thought. Huggies, Pampers, MamyPoko, and Johnson & Johnson: we host only the most-trusted names in the business for your baby.

Books, Sports and Games
Work hard and no play? We don't believe in that. Get access to best-selling fiction and non-fiction books by your favourite authors, thrilling English and Indian blockbusters, most-wanted gaming consoles, and a tempting range of fitness and sports gadgets and equipment bound to inspire you to get moving.

Grocery/Supermart
Launching into the grocery vertical, Flipkart introduces Supermart that is out to bring everyday essentials close to you. From pulses, spices, dairy, personal and sanitary care, breakfast essentials, health drinks, spreads, ready to cook, grooming to cleaning agents, we are happy to present everything you need to run a house. Now buy Grocery products for as low as 1 Rupee only - our 1 Rupee Store presents new products every day for a nominal price of 1 Rupee only. Terms and conditions apply.
ABOUT
Contact Us
About Us
Careers
Flipkart Stories
Press
Corporate Information
GROUP COMPANIES
Myntra
Flipkart Wholesale
Cleartrip
Shopsy
HELP
Payments
Shipping
Cancellation & Returns
FAQ
Report Infringement
CONSUMER POLICY
Cancellation & Returns
Terms Of Use
Security
Privacy
Sitemap
Grievance Redressal
EPR Compliance
Mail Us:
Flipkart Internet Private Limited,
Buildings Alyssa, Begonia &
Clove Embassy Tech Village,
Outer Ring Road, Devarabeesanahalli Village,
Bengaluru, 560103,
Karnataka, India
Social:
Registered Office Address:
Flipkart Internet Private Limited,
Buildings Alyssa, Begonia &
Clove Embassy Tech Village,
Outer Ring Road, Devarabeesanahalli Village,
Bengaluru, 560103,
Karnataka, India
CIN : U51109KA2012PTC066107
Telephone: 044-45614700
Become a Seller
Advertise
Gift Cards
Help Center
© 2007-2024 Flipkart.com
Liked the new design ?
Tag Name: div, Text: Search Icon
Login
Login
Cart
Become a Seller
Grocery
Mobiles
Fashion
Electronics
Home & Furniture
Appliances
Travel
Beauty, Toys & More
Two Wheelers
Best of Electronics
Best Truewireless Headphones
Grab Now
Printers
From ₹2336
Top Selling Dell Keyboard
From ₹229
Best Selling Mobile Speakers
From ₹499*
boAt Smartwatches
From ₹1,099
Printers
From ₹3999
Beauty, Food, Toys & more
Top Selling Stationery
From ₹49
Electric Cycle
Up to 40% Off
Food Spreads
Upto 75% Off
Best of Action Toys
Up to 70% Off
Non-Geared Cycles
Up to 40% Off
Microphones
Up to 70% off
Coffee Powder
Upto 80% Off
Most Shopped on FK
Men's T-shirts
Special offer
Laptop Bags
Min. 70% Off
Women's Ethnic Sets
Min. 50% Off
Suitcases
Min. 70% Off
Hang on, loading content
Top Stories :Brand Directory
MOST SEARCHED FOR ON FLIPKART:iPhone 15iPhone 15 PlusiPhone 15 ProiPhone 15 Pro MaxVivo x 100Spoyl StoreSAMSUNG Flip5SAMSUNG Fold5Flipkart Axis Bank Super Elite Credit card5G Mobile PhonesPrimebook LaptopsMoto Edge 40Grievance RedressalOPPO Reno7 Pro 5GiPhone 13Help CentreTrack OrdersManage OrdersReturn OrdersGift Cards StoreFlipkart Axis Bank Credit CardPay Later
MOBILESRedmi 12 5GRealme 12+ 5GMotorola G84Realme C53Infinix Smart 8Samsung Galaxy S23 5GSamsung Galaxy S21 FE 5G Qualcommvivo V30Samsung Galaxy S24 5GSamsung Galaxy S24+ 5GiPhone 12 64GBiPhone 12 Pro 512GBiPhone 12 128GBVivo Y15SAMSUNG Galaxy S21 FE 5GInfinix HOT 30iRealme 10 Pro 5GMOTOROLA G62 5GNothing PhoneREDMI Note 12 Pro 5GInfinix SMART 7Vivo Y12Oppo A12Motorola 5g PhoneRealme 5g SmartphoneApple 5g PhoneIqoo 5g PhonesOneplus 5g PhonesVivo 5g PhonesOppo 5g Smart PhonesOppo F15Oppo A31Samsung A71Samsung A51Samsung A31iPhone 11iPhone 11 Pro4G MobileNokia MobileSamsung MobileiphoneOppo MobileVivo Mobile
CAMERAGoPro Action CameraNikon CameraCanon CameraSony CameraCanon DSLRNikon DSLR
LAPTOPSAsus ROG AllyMacBook Pro M2Premium LaptopASUS ROG Strix SCAR 16 (2023) Core i9 13th GenASUS ROG Zephyrus M16 (2023) Core i9 13th GenASUS Zenbook 14 OLED (2022)Realme Book Prime Core i5 11th GenMicrosoft Surface Go Pentium 128GBApple LaptopsAcer LaptopsLenovo LaptopsDell LaptopsAsus LaptopsHP LaptopsGaming Laptops2 in 1 LaptopsLaptopsDell latest laptops 2022HP latest laptops 2022Infinix INBook Y1 PlusSAMSUNG Galaxy Book312th Gen Intel Core Laptops
TVSNokia TVPanasonic TVThomson TVMi X ProRealme TVMotorola TVOnePlus TVsLG TVTVSony TVSamsung TVAndroid TelevisionIffalcon TvMi TV
LARGE APPLIANCES:TelevisionWashing MachinesRefrigeratorsAir ConditionersElectric CookersElectric Jug(Heater) / Travel KettlesInduction CooktopsInverters / stabilizerIrons / Iron BoxMixer Grinder JuicerWet GrindersChimneysMicrowave OvensVacuum CleanersWater PurifierFan
CLOTHINGGreen bridal lehengaTopsShoesSunglassesBridal BlouseHalf saree blouse designsDesigner blousesBlouse designsShirtsCotton saree blouse designsTshirtsJeansSareesDressesOne piecesGroom wedding sherwaniDesigner Salwar SuitsBraCotton simple blouse designsBanarasi saree blouse designsStylish blouse astin designTrack PantBlouse neck designsKurtasParty DressesPalazzo SuitsAnarkaliGownsCut out dressSalwar SuitsKurtisDesigner SareesLeggingsShortsGeorgette SareesEthnic Wearuppada pattu sareesBlouse back designJodhpur pants
FOOTWEAR:Adidas ShoesReebok ShoesNike ShoesPuma ShoesBootsBata ShoesWoodland ShoesSkechers ShoesSneakersWomens BootsSports ShoesLoafersSandalsLotto Sports ShoesCasual ShoesWomens Skechers ShoesAsics Sports ShoesFormal ShoesSchool Shoes
GROCERIESPhonePe Grocery VoucherHand WashSoapCashew NutsSunflower OilEggsToilet CleanerHarpic Toilet CleanerDettol SoapMustard OilBiscuitsCheesePatanjali AttaFortune OilAashirvaad AttaTea
BEST SELLING ON FLIPKARTHeadphonesBest Gas GeyserKitchen GeyserNutri BlendersPortable Air CoolerBest Air CoolerBagsHitachi Refrigerator 3 DoorBooksToysCandlesHelmetsWall ClocksBaby FoodChocolatesCyclesCalculatorsLipsticksMaskVertiv UPSFastrack WatchesWalletsEarringsGold CoinsRealme Pad MiniHandbagsconekt SW2 SmartwatchMivi DuoPods a350Speaker Cleaner
FURNITUREFurnitureSofasBedsDining setsWardrobesMattressesTV UnitsTablesChairsShelvesBean BagsOffice ChairsComputer TableOffice TablesRed SofaWakefit BedsWhite SofaWakefit MattressGreen SofaBlack SofaBrown Sofa
BGMH:Whey ProteinHomeopathyCricketCyclesFootballsTreadmillsChristmas GiftsFitness AccessoriesOnline GuitarBooks StoreMusical Instrument StoreDabur ChyawanprashBaidyanath ChyawanprashEnergy DrinksToysMilk Drink MixesRakhiChyawanprashIndian FlagProtein Supplements
Flipkart: The One-stop Shopping Destination
E-commerce is revolutionizing the way we all shop in India. Why do you want to hop from one store to another in search of the latest phone when you can find it on the Internet in a single click? Not only mobiles. Flipkart houses everything you can possibly imagine, from trending electronics like laptops, tablets, smartphones, and mobile accessories to in-vogue fashion staples like shoes, clothing and lifestyle accessories; from modern furniture like sofa sets, dining tables, and wardrobes to appliances that make your life easy like washing machines, TVs, ACs, mixer grinder juicers and other time-saving kitchen and small appliances; from home furnishings like cushion covers, mattresses and bedsheets to toys and musical instruments, we got them all covered. You name it, and you can stay assured about finding them all here. For those of you with erratic working hours, Flipkart is your best bet. Shop in your PJs, at night or in the wee hours of the morning. This e-commerce never shuts down.

What's more, with our year-round shopping festivals and events, our prices are irresistible. We're sure you'll find yourself picking up more than what you had in mind. If you are wondering why you should shop from Flipkart when there are multiple options available to you, well, the below will answer your question.

Flipkart Plus
A world of limitless possibilities awaits you - Flipkart Plus was kickstarted as a loyalty reward programme for all its regular customers at zero subscription fee. All you need is 500 supercoins to be a part of this service. For every 100 rupees spent on Flipkart order, Plus members earns 4 supercoins & non-plus members earn 2 supercoins. Free delivery, early access during sales and shopping festivals, exchange offers and priority customer service are the top benefits to a Flipkart Plus member. In short, earn more when you shop more!

What's more, you can even use the Flipkart supercoins for a number of exciting services, like:
An annual Zomato Gold membership
An annual Hotstar Premium membership
6 months Gaana plus subscription
Rupees 550 instant discount on flights on ixigo
Check out https://www.flipkart.com/plus/all-offers for the entire list. Terms and conditions apply.

No Cost EMI
In an attempt to make high-end products accessible to all, our No Cost EMI plan enables you to shop with us under EMI, without shelling out any processing fee. Applicable on select mobiles, laptops, large and small appliances, furniture, electronics and watches, you can now shop without burning a hole in your pocket. If you've been eyeing a product for a long time, chances are it may be up for a no cost EMI. Take a look ASAP! Terms and conditions apply.

EMI on Debit Cards
Did you know debit card holders account for 79.38 crore in the country, while there are only 3.14 crore credit card holders? After enabling EMI on Credit Cards, in another attempt to make online shopping accessible to everyone, Flipkart introduces EMI on Debit Cards, empowering you to shop confidently with us without having to worry about pauses in monthly cash flow. At present, we have partnered with Axis Bank, HDFC Bank, State Bank of India and ICICI Bank for this facility. More power to all our shoppers! Terms and conditions apply.

Mobile Exchange Offers
Get an instant discount on the phone that you have been eyeing on. Exchange your old mobile for a new one after the Flipkart experts calculate the value of your old phone, provided it is in a working condition without damage to the screen. If a phone is applicable for an exchange offer, you will see the 'Buy with Exchange' option on the product description of the phone. So, be smart, always opt for an exchange wherever possible. Terms and conditions apply.

What Can You Buy From Flipkart?
Mobile Phones
From budget phones to state-of-the-art smartphones, we have a mobile for everybody out there. Whether you're looking for larger, fuller screens, power-packed batteries, blazing-fast processors, beautification apps, high-tech selfie cameras or just large internal space, we take care of all the essentials. Shop from top brands in the country like Samsung, Apple, Oppo, Xiaomi, Realme, Vivo, and Honor to name a few. Rest assured, you're buying from only the most reliable names in the market. What's more, with Flipkart's Complete Mobile Protection Plan, you will never again find the need to run around service centres. This plan entails you to a number of post-purchase solutions, starting at as low as Rupees 99 only! Broken screens, liquid damage to phone, hardware and software glitches, and replacements - the Flipkart Complete Mobile Protection covers a comprehensive range of post-purchase problems, with door-to-door services.

Electronic Devices and Accessories
When it comes to laptops, we are not far behind. Filter among dozens of super-fast operating systems, hard disk capacity, RAM, lifestyle, screen size and many other criterias for personalized results in a flash. All you students out there, confused about what laptop to get? Our Back To College Store segregates laptops purpose wise (gaming, browsing and research, project work, entertainment, design, multitasking) with recommendations from top brands and industry experts, facilitating a shopping experience that is quicker and simpler.

Photography lovers, you couldn't land at a better page than ours. Cutting-edge DSLR cameras, ever reliable point-and-shoot cameras, millennial favourite instant cameras or action cameras for adventure junkies: our range of cameras is as much for beginners as it is for professionals. Canon, Nikon, GoPro, Sony, and Fujifilm are some big names you'll find in our store. Photography lovers, you couldn't land at a better page than ours. Cutting-edge DSLR cameras, ever reliable point-and-shoot cameras, millennial favourite instant cameras or action cameras for adventure junkies: our range of cameras is as much for beginners as it is for professionals. Canon, Nikon, GoPro, Sony, and Fujifilm are some big names you'll find in our store.

Turn your home into a theatre with a stunning surround sound system. Choose from our elaborate range of Sony home theatres, JBL soundbars and Philips tower speakers for an experience to remember.

How about jazzing up your phone with our quirky designer cases and covers? Our wide-ranging mobile accessories starting from headphones, power banks, memory cards, mobile chargers, to selfie sticks can prove to be ideal travel companions for you and your phone; never again worry about running out of charge or memory on your next vacation.

Large Appliances
Sleek TVs, power-saving refrigerators, rapid-cooling ACs, resourceful washing machines - discover everything you need to run a house under one roof. Our Dependable TV and Appliance Store ensures zero transit damage, with a replacement guarantee if anything goes wrong; delivery and installation as per your convenience and a double warranty (Official Brand Warranty along with an extended Flipkart Warranty) - rest assured, value for money is what is promised and delivered. Shop from market leaders in the country like Samsung, LG, Whirlpool, Midea, Mi, Vu, Panasonic, Godrej, Sony, Daikin, and Hitachi among many others.

For certain product categories, Customers meeting the eligibility criteria will have the option to buy larger quantities. To know more on the eligibility criteria and terms and conditions, please reach out to Purchases.oni@flipkart.com.

Small Home Appliances
Find handy and practical home appliances designed to make your life simpler: electric kettles, OTGs, microwave ovens, sandwich makers, hand blenders, coffee makers, and many more other time-saving appliances that are truly crafted for a quicker lifestyle. Live life king size with these appliances at home.

Lifestyle
Flipkart, 'India ka Fashion Capital', is your one-stop fashion destination for anything and everything you need to look good. Our exhaustive range of Western and Indian wear, summer and winter clothing, formal and casual footwear, bridal and artificial jewellery, long-lasting make-up, grooming tools and accessories are sure to sweep you off your feet. Shop from crowd favourites like Vero Moda, Forever 21, Only, Arrow, Woodland, Nike, Puma, Revlon, Mac, and Sephora among dozens of other top-of-the-ladder names. From summer staple maxi dresses, no-nonsense cigarette pants, traditional Bandhani kurtis to street-smart biker jackets, you can rely on us for a wardrobe that is up to date. Explore our in-house brands like Metronaut, Anmi, and Denizen, to name a few, for carefully curated designs that are the talk of the town. Get ready to be spoiled for choice.Festivals, office get-togethers, weddings, brunches, or nightwear - Flipkart will have your back each time.

Home and Furniture
Moving to a new place is never easy, especially if you're buying new furniture. Beds, sofa sets, dining tables, wardrobes, and TV units - it's not easy to set up everything again. With the hundreds of options thrown at you, the ride could be overwhelming. What place is reliable, what furniture will stand the test of time? These are questions you must ask before you choose a store. Well, our Durability Certified Furniture Store has not only curated a range of furniture keeping in mind the modern Indian consumer but furniture that comes with a lab certification, ensuring they last you for up to 10 years. Yes, all our furniture has gone through 35 stability and load tests so that you receive only the best-quality furniture. Be FurniSure, always. Names to look out for are Nilkamal, Godrej Interio, Urban Ladder, HomeTown, Durian and Perfect Homes.

You may have your furniture all set up, but they could end up looking flat and incomplete without complementary decor. Curtains, cushion covers, bed sheets, wall shelves, paintings, floor lamps - find everything that turns a house to an inviting home under one roof at Flipkart.

Baby and Kids
Your kids deserve only the best. From bodysuits, booties, diapers to strollers, if you're an expecting mother or a new mother, you will find everything you need to set sail on a smooth parenting journey with the help of our baby care collection. When it comes to safety, hygiene and comfort, you can rely on us without a second thought. Huggies, Pampers, MamyPoko, and Johnson & Johnson: we host only the most-trusted names in the business for your baby.

Books, Sports and Games
Work hard and no play? We don't believe in that. Get access to best-selling fiction and non-fiction books by your favourite authors, thrilling English and Indian blockbusters, most-wanted gaming consoles, and a tempting range of fitness and sports gadgets and equipment bound to inspire you to get moving.

Grocery/Supermart
Launching into the grocery vertical, Flipkart introduces Supermart that is out to bring everyday essentials close to you. From pulses, spices, dairy, personal and sanitary care, breakfast essentials, health drinks, spreads, ready to cook, grooming to cleaning agents, we are happy to present everything you need to run a house. Now buy Grocery products for as low as 1 Rupee only - our 1 Rupee Store presents new products every day for a nominal price of 1 Rupee only. Terms and conditions apply.
ABOUT
Contact Us
About Us
Careers
Flipkart Stories
Press
Corporate Information
GROUP COMPANIES
Myntra
Flipkart Wholesale
Cleartrip
Shopsy
HELP
Payments
Shipping
Cancellation & Returns
FAQ
Report Infringement
CONSUMER POLICY
Cancellation & Returns
Terms Of Use
Security
Privacy
Sitemap
Grievance Redressal
EPR Compliance
Mail Us:
Flipkart Internet Private Limited,
Buildings Alyssa, Begonia &
Clove Embassy Tech Village,
Outer Ring Road, Devarabeesanahalli Village,
Bengaluru, 560103,
Karnataka, India
Social:
Registered Office Address:
Flipkart Internet Private Limited,
Buildings Alyssa, Begonia &
Clove Embassy Tech Village,
Outer Ring Road, Devarabeesanahalli Village,
Bengaluru, 560103,
Karnataka, India
CIN : U51109KA2012PTC066107
Telephone: 044-45614700
Become a Seller
Advertise
Gift Cards
Help Center
© 2007-2024 Flipkart.com
Liked the new design ?
Tag Name: div, Text: Search Icon
Login
Login
Cart
Become a Seller
Grocery
Mobiles
Fashion
Electronics
Home & Furniture
Appliances
Travel
Beauty, Toys & More
Two Wheelers
Best of Electronics
Best Truewireless Headphones
Grab Now
Printers
From ₹2336
Top Selling Dell Keyboard
From ₹229
Best Selling Mobile Speakers
From ₹499*
boAt Smartwatches
From ₹1,099
Printers
From ₹3999
Beauty, Food, Toys & more
Top Selling Stationery
From ₹49
Electric Cycle
Up to 40% Off
Food Spreads
Upto 75% Off
Best of Action Toys
Up to 70% Off
Non-Geared Cycles
Up to 40% Off
Microphones
Up to 70% off
Coffee Powder
Upto 80% Off
Most Shopped on FK
Men's T-shirts
Special offer
Laptop Bags
Min. 70% Off
Women's Ethnic Sets
Min. 50% Off
Suitcases
Min. 70% Off
Hang on, loading content
Top Stories :Brand Directory
MOST SEARCHED FOR ON FLIPKART:iPhone 15iPhone 15 PlusiPhone 15 ProiPhone 15 Pro MaxVivo x 100Spoyl StoreSAMSUNG Flip5SAMSUNG Fold5Flipkart Axis Bank Super Elite Credit card5G Mobile PhonesPrimebook LaptopsMoto Edge 40Grievance RedressalOPPO Reno7 Pro 5GiPhone 13Help CentreTrack OrdersManage OrdersReturn OrdersGift Cards StoreFlipkart Axis Bank Credit CardPay Later
MOBILESRedmi 12 5GRealme 12+ 5GMotorola G84Realme C53Infinix Smart 8Samsung Galaxy S23 5GSamsung Galaxy S21 FE 5G Qualcommvivo V30Samsung Galaxy S24 5GSamsung Galaxy S24+ 5GiPhone 12 64GBiPhone 12 Pro 512GBiPhone 12 128GBVivo Y15SAMSUNG Galaxy S21 FE 5GInfinix HOT 30iRealme 10 Pro 5GMOTOROLA G62 5GNothing PhoneREDMI Note 12 Pro 5GInfinix SMART 7Vivo Y12Oppo A12Motorola 5g PhoneRealme 5g SmartphoneApple 5g PhoneIqoo 5g PhonesOneplus 5g PhonesVivo 5g PhonesOppo 5g Smart PhonesOppo F15Oppo A31Samsung A71Samsung A51Samsung A31iPhone 11iPhone 11 Pro4G MobileNokia MobileSamsung MobileiphoneOppo MobileVivo Mobile
CAMERAGoPro Action CameraNikon CameraCanon CameraSony CameraCanon DSLRNikon DSLR
LAPTOPSAsus ROG AllyMacBook Pro M2Premium LaptopASUS ROG Strix SCAR 16 (2023) Core i9 13th GenASUS ROG Zephyrus M16 (2023) Core i9 13th GenASUS Zenbook 14 OLED (2022)Realme Book Prime Core i5 11th GenMicrosoft Surface Go Pentium 128GBApple LaptopsAcer LaptopsLenovo LaptopsDell LaptopsAsus LaptopsHP LaptopsGaming Laptops2 in 1 LaptopsLaptopsDell latest laptops 2022HP latest laptops 2022Infinix INBook Y1 PlusSAMSUNG Galaxy Book312th Gen Intel Core Laptops
TVSNokia TVPanasonic TVThomson TVMi X ProRealme TVMotorola TVOnePlus TVsLG TVTVSony TVSamsung TVAndroid TelevisionIffalcon TvMi TV
LARGE APPLIANCES:TelevisionWashing MachinesRefrigeratorsAir ConditionersElectric CookersElectric Jug(Heater) / Travel KettlesInduction CooktopsInverters / stabilizerIrons / Iron BoxMixer Grinder JuicerWet GrindersChimneysMicrowave OvensVacuum CleanersWater PurifierFan
CLOTHINGGreen bridal lehengaTopsShoesSunglassesBridal BlouseHalf saree blouse designsDesigner blousesBlouse designsShirtsCotton saree blouse designsTshirtsJeansSareesDressesOne piecesGroom wedding sherwaniDesigner Salwar SuitsBraCotton simple blouse designsBanarasi saree blouse designsStylish blouse astin designTrack PantBlouse neck designsKurtasParty DressesPalazzo SuitsAnarkaliGownsCut out dressSalwar SuitsKurtisDesigner SareesLeggingsShortsGeorgette SareesEthnic Wearuppada pattu sareesBlouse back designJodhpur pants
FOOTWEAR:Adidas ShoesReebok ShoesNike ShoesPuma ShoesBootsBata ShoesWoodland ShoesSkechers ShoesSneakersWomens BootsSports ShoesLoafersSandalsLotto Sports ShoesCasual ShoesWomens Skechers ShoesAsics Sports ShoesFormal ShoesSchool Shoes
GROCERIESPhonePe Grocery VoucherHand WashSoapCashew NutsSunflower OilEggsToilet CleanerHarpic Toilet CleanerDettol SoapMustard OilBiscuitsCheesePatanjali AttaFortune OilAashirvaad AttaTea
BEST SELLING ON FLIPKARTHeadphonesBest Gas GeyserKitchen GeyserNutri BlendersPortable Air CoolerBest Air CoolerBagsHitachi Refrigerator 3 DoorBooksToysCandlesHelmetsWall ClocksBaby FoodChocolatesCyclesCalculatorsLipsticksMaskVertiv UPSFastrack WatchesWalletsEarringsGold CoinsRealme Pad MiniHandbagsconekt SW2 SmartwatchMivi DuoPods a350Speaker Cleaner
FURNITUREFurnitureSofasBedsDining setsWardrobesMattressesTV UnitsTablesChairsShelvesBean BagsOffice ChairsComputer TableOffice TablesRed SofaWakefit BedsWhite SofaWakefit MattressGreen SofaBlack SofaBrown Sofa
BGMH:Whey ProteinHomeopathyCricketCyclesFootballsTreadmillsChristmas GiftsFitness AccessoriesOnline GuitarBooks StoreMusical Instrument StoreDabur ChyawanprashBaidyanath ChyawanprashEnergy DrinksToysMilk Drink MixesRakhiChyawanprashIndian FlagProtein Supplements
Flipkart: The One-stop Shopping Destination
E-commerce is revolutionizing the way we all shop in India. Why do you want to hop from one store to another in search of the latest phone when you can find it on the Internet in a single click? Not only mobiles. Flipkart houses everything you can possibly imagine, from trending electronics like laptops, tablets, smartphones, and mobile accessories to in-vogue fashion staples like shoes, clothing and lifestyle accessories; from modern furniture like sofa sets, dining tables, and wardrobes to appliances that make your life easy like washing machines, TVs, ACs, mixer grinder juicers and other time-saving kitchen and small appliances; from home furnishings like cushion covers, mattresses and bedsheets to toys and musical instruments, we got them all covered. You name it, and you can stay assured about finding them all here. For those of you with erratic working hours, Flipkart is your best bet. Shop in your PJs, at night or in the wee hours of the morning. This e-commerce never shuts down.

What's more, with our year-round shopping festivals and events, our prices are irresistible. We're sure you'll find yourself picking up more than what you had in mind. If you are wondering why you should shop from Flipkart when there are multiple options available to you, well, the below will answer your question.

Flipkart Plus
A world of limitless possibilities awaits you - Flipkart Plus was kickstarted as a loyalty reward programme for all its regular customers at zero subscription fee. All you need is 500 supercoins to be a part of this service. For every 100 rupees spent on Flipkart order, Plus members earns 4 supercoins & non-plus members earn 2 supercoins. Free delivery, early access during sales and shopping festivals, exchange offers and priority customer service are the top benefits to a Flipkart Plus member. In short, earn more when you shop more!

What's more, you can even use the Flipkart supercoins for a number of exciting services, like:
An annual Zomato Gold membership
An annual Hotstar Premium membership
6 months Gaana plus subscription
Rupees 550 instant discount on flights on ixigo
Check out https://www.flipkart.com/plus/all-offers for the entire list. Terms and conditions apply.

No Cost EMI
In an attempt to make high-end products accessible to all, our No Cost EMI plan enables you to shop with us under EMI, without shelling out any processing fee. Applicable on select mobiles, laptops, large and small appliances, furniture, electronics and watches, you can now shop without burning a hole in your pocket. If you've been eyeing a product for a long time, chances are it may be up for a no cost EMI. Take a look ASAP! Terms and conditions apply.

EMI on Debit Cards
Did you know debit card holders account for 79.38 crore in the country, while there are only 3.14 crore credit card holders? After enabling EMI on Credit Cards, in another attempt to make online shopping accessible to everyone, Flipkart introduces EMI on Debit Cards, empowering you to shop confidently with us without having to worry about pauses in monthly cash flow. At present, we have partnered with Axis Bank, HDFC Bank, State Bank of India and ICICI Bank for this facility. More power to all our shoppers! Terms and conditions apply.

Mobile Exchange Offers
Get an instant discount on the phone that you have been eyeing on. Exchange your old mobile for a new one after the Flipkart experts calculate the value of your old phone, provided it is in a working condition without damage to the screen. If a phone is applicable for an exchange offer, you will see the 'Buy with Exchange' option on the product description of the phone. So, be smart, always opt for an exchange wherever possible. Terms and conditions apply.

What Can You Buy From Flipkart?
Mobile Phones
From budget phones to state-of-the-art smartphones, we have a mobile for everybody out there. Whether you're looking for larger, fuller screens, power-packed batteries, blazing-fast processors, beautification apps, high-tech selfie cameras or just large internal space, we take care of all the essentials. Shop from top brands in the country like Samsung, Apple, Oppo, Xiaomi, Realme, Vivo, and Honor to name a few. Rest assured, you're buying from only the most reliable names in the market. What's more, with Flipkart's Complete Mobile Protection Plan, you will never again find the need to run around service centres. This plan entails you to a number of post-purchase solutions, starting at as low as Rupees 99 only! Broken screens, liquid damage to phone, hardware and software glitches, and replacements - the Flipkart Complete Mobile Protection covers a comprehensive range of post-purchase problems, with door-to-door services.

Electronic Devices and Accessories
When it comes to laptops, we are not far behind. Filter among dozens of super-fast operating systems, hard disk capacity, RAM, lifestyle, screen size and many other criterias for personalized results in a flash. All you students out there, confused about what laptop to get? Our Back To College Store segregates laptops purpose wise (gaming, browsing and research, project work, entertainment, design, multitasking) with recommendations from top brands and industry experts, facilitating a shopping experience that is quicker and simpler.

Photography lovers, you couldn't land at a better page than ours. Cutting-edge DSLR cameras, ever reliable point-and-shoot cameras, millennial favourite instant cameras or action cameras for adventure junkies: our range of cameras is as much for beginners as it is for professionals. Canon, Nikon, GoPro, Sony, and Fujifilm are some big names you'll find in our store. Photography lovers, you couldn't land at a better page than ours. Cutting-edge DSLR cameras, ever reliable point-and-shoot cameras, millennial favourite instant cameras or action cameras for adventure junkies: our range of cameras is as much for beginners as it is for professionals. Canon, Nikon, GoPro, Sony, and Fujifilm are some big names you'll find in our store.

Turn your home into a theatre with a stunning surround sound system. Choose from our elaborate range of Sony home theatres, JBL soundbars and Philips tower speakers for an experience to remember.

How about jazzing up your phone with our quirky designer cases and covers? Our wide-ranging mobile accessories starting from headphones, power banks, memory cards, mobile chargers, to selfie sticks can prove to be ideal travel companions for you and your phone; never again worry about running out of charge or memory on your next vacation.

Large Appliances
Sleek TVs, power-saving refrigerators, rapid-cooling ACs, resourceful washing machines - discover everything you need to run a house under one roof. Our Dependable TV and Appliance Store ensures zero transit damage, with a replacement guarantee if anything goes wrong; delivery and installation as per your convenience and a double warranty (Official Brand Warranty along with an extended Flipkart Warranty) - rest assured, value for money is what is promised and delivered. Shop from market leaders in the country like Samsung, LG, Whirlpool, Midea, Mi, Vu, Panasonic, Godrej, Sony, Daikin, and Hitachi among many others.

For certain product categories, Customers meeting the eligibility criteria will have the option to buy larger quantities. To know more on the eligibility criteria and terms and conditions, please reach out to Purchases.oni@flipkart.com.

Small Home Appliances
Find handy and practical home appliances designed to make your life simpler: electric kettles, OTGs, microwave ovens, sandwich makers, hand blenders, coffee makers, and many more other time-saving appliances that are truly crafted for a quicker lifestyle. Live life king size with these appliances at home.

Lifestyle
Flipkart, 'India ka Fashion Capital', is your one-stop fashion destination for anything and everything you need to look good. Our exhaustive range of Western and Indian wear, summer and winter clothing, formal and casual footwear, bridal and artificial jewellery, long-lasting make-up, grooming tools and accessories are sure to sweep you off your feet. Shop from crowd favourites like Vero Moda, Forever 21, Only, Arrow, Woodland, Nike, Puma, Revlon, Mac, and Sephora among dozens of other top-of-the-ladder names. From summer staple maxi dresses, no-nonsense cigarette pants, traditional Bandhani kurtis to street-smart biker jackets, you can rely on us for a wardrobe that is up to date. Explore our in-house brands like Metronaut, Anmi, and Denizen, to name a few, for carefully curated designs that are the talk of the town. Get ready to be spoiled for choice.Festivals, office get-togethers, weddings, brunches, or nightwear - Flipkart will have your back each time.

Home and Furniture
Moving to a new place is never easy, especially if you're buying new furniture. Beds, sofa sets, dining tables, wardrobes, and TV units - it's not easy to set up everything again. With the hundreds of options thrown at you, the ride could be overwhelming. What place is reliable, what furniture will stand the test of time? These are questions you must ask before you choose a store. Well, our Durability Certified Furniture Store has not only curated a range of furniture keeping in mind the modern Indian consumer but furniture that comes with a lab certification, ensuring they last you for up to 10 years. Yes, all our furniture has gone through 35 stability and load tests so that you receive only the best-quality furniture. Be FurniSure, always. Names to look out for are Nilkamal, Godrej Interio, Urban Ladder, HomeTown, Durian and Perfect Homes.

You may have your furniture all set up, but they could end up looking flat and incomplete without complementary decor. Curtains, cushion covers, bed sheets, wall shelves, paintings, floor lamps - find everything that turns a house to an inviting home under one roof at Flipkart.

Baby and Kids
Your kids deserve only the best. From bodysuits, booties, diapers to strollers, if you're an expecting mother or a new mother, you will find everything you need to set sail on a smooth parenting journey with the help of our baby care collection. When it comes to safety, hygiene and comfort, you can rely on us without a second thought. Huggies, Pampers, MamyPoko, and Johnson & Johnson: we host only the most-trusted names in the business for your baby.

Books, Sports and Games
Work hard and no play? We don't believe in that. Get access to best-selling fiction and non-fiction books by your favourite authors, thrilling English and Indian blockbusters, most-wanted gaming consoles, and a tempting range of fitness and sports gadgets and equipment bound to inspire you to get moving.

Grocery/Supermart
Launching into the grocery vertical, Flipkart introduces Supermart that is out to bring everyday essentials close to you. From pulses, spices, dairy, personal and sanitary care, breakfast essentials, health drinks, spreads, ready to cook, grooming to cleaning agents, we are happy to present everything you need to run a house. Now buy Grocery products for as low as 1 Rupee only - our 1 Rupee Store presents new products every day for a nominal price of 1 Rupee only. Terms and conditions apply.
ABOUT
Contact Us
About Us
Careers
Flipkart Stories
Press
Corporate Information
GROUP COMPANIES
Myntra
Flipkart Wholesale
Cleartrip
Shopsy
HELP
Payments
Shipping
Cancellation & Returns
FAQ
Report Infringement
CONSUMER POLICY
Cancellation & Returns
Terms Of Use
Security
Privacy
Sitemap
Grievance Redressal
EPR Compliance
Mail Us:
Flipkart Internet Private Limited,
Buildings Alyssa, Begonia &
Clove Embassy Tech Village,
Outer Ring Road, Devarabeesanahalli Village,
Bengaluru, 560103,
Karnataka, India
Social:
Registered Office Address:
Flipkart Internet Private Limited,
Buildings Alyssa, Begonia &
Clove Embassy Tech Village,
Outer Ring Road, Devarabeesanahalli Village,
Bengaluru, 560103,
Karnataka, India
CIN : U51109KA2012PTC066107
Telephone: 044-45614700
Become a Seller
Advertise
Gift Cards
Help Center
© 2007-2024 Flipkart.com
Liked the new design ?
Tag Name: div, Text: Search Icon
Login
Login
Cart
Become a Seller
Grocery
Mobiles
Fashion
Electronics
Home & Furniture
Appliances
Travel
Beauty, Toys & More
Two Wheelers
Best of Electronics
Best Truewireless Headphones
Grab Now
Printers
From ₹2336
Top Selling Dell Keyboard
From ₹229
Best Selling Mobile Speakers
From ₹499*
boAt Smartwatches
From ₹1,099
Printers
From ₹3999
Beauty, Food, Toys & more
Top Selling Stationery
From ₹49
Electric Cycle
Up to 40% Off
Food Spreads
Upto 75% Off
Best of Action Toys
Up to 70% Off
Non-Geared Cycles
Up to 40% Off
Microphones
Up to 70% off
Coffee Powder
Upto 80% Off
Most Shopped on FK
Men's T-shirts
Special offer
Laptop Bags
Min. 70% Off
Women's Ethnic Sets
Min. 50% Off
Suitcases
Min. 70% Off
Hang on, loading content
Top Stories :Brand Directory
MOST SEARCHED FOR ON FLIPKART:iPhone 15iPhone 15 PlusiPhone 15 ProiPhone 15 Pro MaxVivo x 100Spoyl StoreSAMSUNG Flip5SAMSUNG Fold5Flipkart Axis Bank Super Elite Credit card5G Mobile PhonesPrimebook LaptopsMoto Edge 40Grievance RedressalOPPO Reno7 Pro 5GiPhone 13Help CentreTrack OrdersManage OrdersReturn OrdersGift Cards StoreFlipkart Axis Bank Credit CardPay Later
MOBILESRedmi 12 5GRealme 12+ 5GMotorola G84Realme C53Infinix Smart 8Samsung Galaxy S23 5GSamsung Galaxy S21 FE 5G Qualcommvivo V30Samsung Galaxy S24 5GSamsung Galaxy S24+ 5GiPhone 12 64GBiPhone 12 Pro 512GBiPhone 12 128GBVivo Y15SAMSUNG Galaxy S21 FE 5GInfinix HOT 30iRealme 10 Pro 5GMOTOROLA G62 5GNothing PhoneREDMI Note 12 Pro 5GInfinix SMART 7Vivo Y12Oppo A12Motorola 5g PhoneRealme 5g SmartphoneApple 5g PhoneIqoo 5g PhonesOneplus 5g PhonesVivo 5g PhonesOppo 5g Smart PhonesOppo F15Oppo A31Samsung A71Samsung A51Samsung A31iPhone 11iPhone 11 Pro4G MobileNokia MobileSamsung MobileiphoneOppo MobileVivo Mobile
CAMERAGoPro Action CameraNikon CameraCanon CameraSony CameraCanon DSLRNikon DSLR
LAPTOPSAsus ROG AllyMacBook Pro M2Premium LaptopASUS ROG Strix SCAR 16 (2023) Core i9 13th GenASUS ROG Zephyrus M16 (2023) Core i9 13th GenASUS Zenbook 14 OLED (2022)Realme Book Prime Core i5 11th GenMicrosoft Surface Go Pentium 128GBApple LaptopsAcer LaptopsLenovo LaptopsDell LaptopsAsus LaptopsHP LaptopsGaming Laptops2 in 1 LaptopsLaptopsDell latest laptops 2022HP latest laptops 2022Infinix INBook Y1 PlusSAMSUNG Galaxy Book312th Gen Intel Core Laptops
TVSNokia TVPanasonic TVThomson TVMi X ProRealme TVMotorola TVOnePlus TVsLG TVTVSony TVSamsung TVAndroid TelevisionIffalcon TvMi TV
LARGE APPLIANCES:TelevisionWashing MachinesRefrigeratorsAir ConditionersElectric CookersElectric Jug(Heater) / Travel KettlesInduction CooktopsInverters / stabilizerIrons / Iron BoxMixer Grinder JuicerWet GrindersChimneysMicrowave OvensVacuum CleanersWater PurifierFan
CLOTHINGGreen bridal lehengaTopsShoesSunglassesBridal BlouseHalf saree blouse designsDesigner blousesBlouse designsShirtsCotton saree blouse designsTshirtsJeansSareesDressesOne piecesGroom wedding sherwaniDesigner Salwar SuitsBraCotton simple blouse designsBanarasi saree blouse designsStylish blouse astin designTrack PantBlouse neck designsKurtasParty DressesPalazzo SuitsAnarkaliGownsCut out dressSalwar SuitsKurtisDesigner SareesLeggingsShortsGeorgette SareesEthnic Wearuppada pattu sareesBlouse back designJodhpur pants
FOOTWEAR:Adidas ShoesReebok ShoesNike ShoesPuma ShoesBootsBata ShoesWoodland ShoesSkechers ShoesSneakersWomens BootsSports ShoesLoafersSandalsLotto Sports ShoesCasual ShoesWomens Skechers ShoesAsics Sports ShoesFormal ShoesSchool Shoes
GROCERIESPhonePe Grocery VoucherHand WashSoapCashew NutsSunflower OilEggsToilet CleanerHarpic Toilet CleanerDettol SoapMustard OilBiscuitsCheesePatanjali AttaFortune OilAashirvaad AttaTea
BEST SELLING ON FLIPKARTHeadphonesBest Gas GeyserKitchen GeyserNutri BlendersPortable Air CoolerBest Air CoolerBagsHitachi Refrigerator 3 DoorBooksToysCandlesHelmetsWall ClocksBaby FoodChocolatesCyclesCalculatorsLipsticksMaskVertiv UPSFastrack WatchesWalletsEarringsGold CoinsRealme Pad MiniHandbagsconekt SW2 SmartwatchMivi DuoPods a350Speaker Cleaner
FURNITUREFurnitureSofasBedsDining setsWardrobesMattressesTV UnitsTablesChairsShelvesBean BagsOffice ChairsComputer TableOffice TablesRed SofaWakefit BedsWhite SofaWakefit MattressGreen SofaBlack SofaBrown Sofa
BGMH:Whey ProteinHomeopathyCricketCyclesFootballsTreadmillsChristmas GiftsFitness AccessoriesOnline GuitarBooks StoreMusical Instrument StoreDabur ChyawanprashBaidyanath ChyawanprashEnergy DrinksToysMilk Drink MixesRakhiChyawanprashIndian FlagProtein Supplements
Flipkart: The One-stop Shopping Destination
E-commerce is revolutionizing the way we all shop in India. Why do you want to hop from one store to another in search of the latest phone when you can find it on the Internet in a single click? Not only mobiles. Flipkart houses everything you can possibly imagine, from trending electronics like laptops, tablets, smartphones, and mobile accessories to in-vogue fashion staples like shoes, clothing and lifestyle accessories; from modern furniture like sofa sets, dining tables, and wardrobes to appliances that make your life easy like washing machines, TVs, ACs, mixer grinder juicers and other time-saving kitchen and small appliances; from home furnishings like cushion covers, mattresses and bedsheets to toys and musical instruments, we got them all covered. You name it, and you can stay assured about finding them all here. For those of you with erratic working hours, Flipkart is your best bet. Shop in your PJs, at night or in the wee hours of the morning. This e-commerce never shuts down.

What's more, with our year-round shopping festivals and events, our prices are irresistible. We're sure you'll find yourself picking up more than what you had in mind. If you are wondering why you should shop from Flipkart when there are multiple options available to you, well, the below will answer your question.

Flipkart Plus
A world of limitless possibilities awaits you - Flipkart Plus was kickstarted as a loyalty reward programme for all its regular customers at zero subscription fee. All you need is 500 supercoins to be a part of this service. For every 100 rupees spent on Flipkart order, Plus members earns 4 supercoins & non-plus members earn 2 supercoins. Free delivery, early access during sales and shopping festivals, exchange offers and priority customer service are the top benefits to a Flipkart Plus member. In short, earn more when you shop more!

What's more, you can even use the Flipkart supercoins for a number of exciting services, like:
An annual Zomato Gold membership
An annual Hotstar Premium membership
6 months Gaana plus subscription
Rupees 550 instant discount on flights on ixigo
Check out https://www.flipkart.com/plus/all-offers for the entire list. Terms and conditions apply.

No Cost EMI
In an attempt to make high-end products accessible to all, our No Cost EMI plan enables you to shop with us under EMI, without shelling out any processing fee. Applicable on select mobiles, laptops, large and small appliances, furniture, electronics and watches, you can now shop without burning a hole in your pocket. If you've been eyeing a product for a long time, chances are it may be up for a no cost EMI. Take a look ASAP! Terms and conditions apply.

EMI on Debit Cards
Did you know debit card holders account for 79.38 crore in the country, while there are only 3.14 crore credit card holders? After enabling EMI on Credit Cards, in another attempt to make online shopping accessible to everyone, Flipkart introduces EMI on Debit Cards, empowering you to shop confidently with us without having to worry about pauses in monthly cash flow. At present, we have partnered with Axis Bank, HDFC Bank, State Bank of India and ICICI Bank for this facility. More power to all our shoppers! Terms and conditions apply.

Mobile Exchange Offers
Get an instant discount on the phone that you have been eyeing on. Exchange your old mobile for a new one after the Flipkart experts calculate the value of your old phone, provided it is in a working condition without damage to the screen. If a phone is applicable for an exchange offer, you will see the 'Buy with Exchange' option on the product description of the phone. So, be smart, always opt for an exchange wherever possible. Terms and conditions apply.

What Can You Buy From Flipkart?
Mobile Phones
From budget phones to state-of-the-art smartphones, we have a mobile for everybody out there. Whether you're looking for larger, fuller screens, power-packed batteries, blazing-fast processors, beautification apps, high-tech selfie cameras or just large internal space, we take care of all the essentials. Shop from top brands in the country like Samsung, Apple, Oppo, Xiaomi, Realme, Vivo, and Honor to name a few. Rest assured, you're buying from only the most reliable names in the market. What's more, with Flipkart's Complete Mobile Protection Plan, you will never again find the need to run around service centres. This plan entails you to a number of post-purchase solutions, starting at as low as Rupees 99 only! Broken screens, liquid damage to phone, hardware and software glitches, and replacements - the Flipkart Complete Mobile Protection covers a comprehensive range of post-purchase problems, with door-to-door services.

Electronic Devices and Accessories
When it comes to laptops, we are not far behind. Filter among dozens of super-fast operating systems, hard disk capacity, RAM, lifestyle, screen size and many other criterias for personalized results in a flash. All you students out there, confused about what laptop to get? Our Back To College Store segregates laptops purpose wise (gaming, browsing and research, project work, entertainment, design, multitasking) with recommendations from top brands and industry experts, facilitating a shopping experience that is quicker and simpler.

Photography lovers, you couldn't land at a better page than ours. Cutting-edge DSLR cameras, ever reliable point-and-shoot cameras, millennial favourite instant cameras or action cameras for adventure junkies: our range of cameras is as much for beginners as it is for professionals. Canon, Nikon, GoPro, Sony, and Fujifilm are some big names you'll find in our store. Photography lovers, you couldn't land at a better page than ours. Cutting-edge DSLR cameras, ever reliable point-and-shoot cameras, millennial favourite instant cameras or action cameras for adventure junkies: our range of cameras is as much for beginners as it is for professionals. Canon, Nikon, GoPro, Sony, and Fujifilm are some big names you'll find in our store.

Turn your home into a theatre with a stunning surround sound system. Choose from our elaborate range of Sony home theatres, JBL soundbars and Philips tower speakers for an experience to remember.

How about jazzing up your phone with our quirky designer cases and covers? Our wide-ranging mobile accessories starting from headphones, power banks, memory cards, mobile chargers, to selfie sticks can prove to be ideal travel companions for you and your phone; never again worry about running out of charge or memory on your next vacation.

Large Appliances
Sleek TVs, power-saving refrigerators, rapid-cooling ACs, resourceful washing machines - discover everything you need to run a house under one roof. Our Dependable TV and Appliance Store ensures zero transit damage, with a replacement guarantee if anything goes wrong; delivery and installation as per your convenience and a double warranty (Official Brand Warranty along with an extended Flipkart Warranty) - rest assured, value for money is what is promised and delivered. Shop from market leaders in the country like Samsung, LG, Whirlpool, Midea, Mi, Vu, Panasonic, Godrej, Sony, Daikin, and Hitachi among many others.

For certain product categories, Customers meeting the eligibility criteria will have the option to buy larger quantities. To know more on the eligibility criteria and terms and conditions, please reach out to Purchases.oni@flipkart.com.

Small Home Appliances
Find handy and practical home appliances designed to make your life simpler: electric kettles, OTGs, microwave ovens, sandwich makers, hand blenders, coffee makers, and many more other time-saving appliances that are truly crafted for a quicker lifestyle. Live life king size with these appliances at home.

Lifestyle
Flipkart, 'India ka Fashion Capital', is your one-stop fashion destination for anything and everything you need to look good. Our exhaustive range of Western and Indian wear, summer and winter clothing, formal and casual footwear, bridal and artificial jewellery, long-lasting make-up, grooming tools and accessories are sure to sweep you off your feet. Shop from crowd favourites like Vero Moda, Forever 21, Only, Arrow, Woodland, Nike, Puma, Revlon, Mac, and Sephora among dozens of other top-of-the-ladder names. From summer staple maxi dresses, no-nonsense cigarette pants, traditional Bandhani kurtis to street-smart biker jackets, you can rely on us for a wardrobe that is up to date. Explore our in-house brands like Metronaut, Anmi, and Denizen, to name a few, for carefully curated designs that are the talk of the town. Get ready to be spoiled for choice.Festivals, office get-togethers, weddings, brunches, or nightwear - Flipkart will have your back each time.

Home and Furniture
Moving to a new place is never easy, especially if you're buying new furniture. Beds, sofa sets, dining tables, wardrobes, and TV units - it's not easy to set up everything again. With the hundreds of options thrown at you, the ride could be overwhelming. What place is reliable, what furniture will stand the test of time? These are questions you must ask before you choose a store. Well, our Durability Certified Furniture Store has not only curated a range of furniture keeping in mind the modern Indian consumer but furniture that comes with a lab certification, ensuring they last you for up to 10 years. Yes, all our furniture has gone through 35 stability and load tests so that you receive only the best-quality furniture. Be FurniSure, always. Names to look out for are Nilkamal, Godrej Interio, Urban Ladder, HomeTown, Durian and Perfect Homes.

You may have your furniture all set up, but they could end up looking flat and incomplete without complementary decor. Curtains, cushion covers, bed sheets, wall shelves, paintings, floor lamps - find everything that turns a house to an inviting home under one roof at Flipkart.

Baby and Kids
Your kids deserve only the best. From bodysuits, booties, diapers to strollers, if you're an expecting mother or a new mother, you will find everything you need to set sail on a smooth parenting journey with the help of our baby care collection. When it comes to safety, hygiene and comfort, you can rely on us without a second thought. Huggies, Pampers, MamyPoko, and Johnson & Johnson: we host only the most-trusted names in the business for your baby.

Books, Sports and Games
Work hard and no play? We don't believe in that. Get access to best-selling fiction and non-fiction books by your favourite authors, thrilling English and Indian blockbusters, most-wanted gaming consoles, and a tempting range of fitness and sports gadgets and equipment bound to inspire you to get moving.

Grocery/Supermart
Launching into the grocery vertical, Flipkart introduces Supermart that is out to bring everyday essentials close to you. From pulses, spices, dairy, personal and sanitary care, breakfast essentials, health drinks, spreads, ready to cook, grooming to cleaning agents, we are happy to present everything you need to run a house. Now buy Grocery products for as low as 1 Rupee only - our 1 Rupee Store presents new products every day for a nominal price of 1 Rupee only. Terms and conditions apply.
ABOUT
Contact Us
About Us
Careers
Flipkart Stories
Press
Corporate Information
GROUP COMPANIES
Myntra
Flipkart Wholesale
Cleartrip
Shopsy
HELP
Payments
Shipping
Cancellation & Returns
FAQ
Report Infringement
CONSUMER POLICY
Cancellation & Returns
Terms Of Use
Security
Privacy
Sitemap
Grievance Redressal
EPR Compliance
Mail Us:
Flipkart Internet Private Limited,
Buildings Alyssa, Begonia &
Clove Embassy Tech Village,
Outer Ring Road, Devarabeesanahalli Village,
Bengaluru, 560103,
Karnataka, India
Social:
Registered Office Address:
Flipkart Internet Private Limited,
Buildings Alyssa, Begonia &
Clove Embassy Tech Village,
Outer Ring Road, Devarabeesanahalli Village,
Bengaluru, 560103,
Karnataka, India
CIN : U51109KA2012PTC066107
Telephone: 044-45614700
Become a Seller
Advertise
Gift Cards
Help Center
© 2007-2024 Flipkart.com
Tag Name: div, Text: Search Icon
Login
Login
Cart
Become a Seller
Grocery
Mobiles
Fashion
Electronics
Home & Furniture
Appliances
Travel
Beauty, Toys & More
Two Wheelers
Best of Electronics
Best Truewireless Headphones
Grab Now
Printers
From ₹2336
Top Selling Dell Keyboard
From ₹229
Best Selling Mobile Speakers
From ₹499*
boAt Smartwatches
From ₹1,099
Printers
From ₹3999
Beauty, Food, Toys & more
Top Selling Stationery
From ₹49
Electric Cycle
Up to 40% Off
Food Spreads
Upto 75% Off
Best of Action Toys
Up to 70% Off
Non-Geared Cycles
Up to 40% Off
Microphones
Up to 70% off
Coffee Powder
Upto 80% Off
Most Shopped on FK
Men's T-shirts
Special offer
Laptop Bags
Min. 70% Off
Women's Ethnic Sets
Min. 50% Off
Suitcases
Min. 70% Off
Hang on, loading content
Top Stories :Brand Directory
MOST SEARCHED FOR ON FLIPKART:iPhone 15iPhone 15 PlusiPhone 15 ProiPhone 15 Pro MaxVivo x 100Spoyl StoreSAMSUNG Flip5SAMSUNG Fold5Flipkart Axis Bank Super Elite Credit card5G Mobile PhonesPrimebook LaptopsMoto Edge 40Grievance RedressalOPPO Reno7 Pro 5GiPhone 13Help CentreTrack OrdersManage OrdersReturn OrdersGift Cards StoreFlipkart Axis Bank Credit CardPay Later
MOBILESRedmi 12 5GRealme 12+ 5GMotorola G84Realme C53Infinix Smart 8Samsung Galaxy S23 5GSamsung Galaxy S21 FE 5G Qualcommvivo V30Samsung Galaxy S24 5GSamsung Galaxy S24+ 5GiPhone 12 64GBiPhone 12 Pro 512GBiPhone 12 128GBVivo Y15SAMSUNG Galaxy S21 FE 5GInfinix HOT 30iRealme 10 Pro 5GMOTOROLA G62 5GNothing PhoneREDMI Note 12 Pro 5GInfinix SMART 7Vivo Y12Oppo A12Motorola 5g PhoneRealme 5g SmartphoneApple 5g PhoneIqoo 5g PhonesOneplus 5g PhonesVivo 5g PhonesOppo 5g Smart PhonesOppo F15Oppo A31Samsung A71Samsung A51Samsung A31iPhone 11iPhone 11 Pro4G MobileNokia MobileSamsung MobileiphoneOppo MobileVivo Mobile
CAMERAGoPro Action CameraNikon CameraCanon CameraSony CameraCanon DSLRNikon DSLR
LAPTOPSAsus ROG AllyMacBook Pro M2Premium LaptopASUS ROG Strix SCAR 16 (2023) Core i9 13th GenASUS ROG Zephyrus M16 (2023) Core i9 13th GenASUS Zenbook 14 OLED (2022)Realme Book Prime Core i5 11th GenMicrosoft Surface Go Pentium 128GBApple LaptopsAcer LaptopsLenovo LaptopsDell LaptopsAsus LaptopsHP LaptopsGaming Laptops2 in 1 LaptopsLaptopsDell latest laptops 2022HP latest laptops 2022Infinix INBook Y1 PlusSAMSUNG Galaxy Book312th Gen Intel Core Laptops
TVSNokia TVPanasonic TVThomson TVMi X ProRealme TVMotorola TVOnePlus TVsLG TVTVSony TVSamsung TVAndroid TelevisionIffalcon TvMi TV
LARGE APPLIANCES:TelevisionWashing MachinesRefrigeratorsAir ConditionersElectric CookersElectric Jug(Heater) / Travel KettlesInduction CooktopsInverters / stabilizerIrons / Iron BoxMixer Grinder JuicerWet GrindersChimneysMicrowave OvensVacuum CleanersWater PurifierFan
CLOTHINGGreen bridal lehengaTopsShoesSunglassesBridal BlouseHalf saree blouse designsDesigner blousesBlouse designsShirtsCotton saree blouse designsTshirtsJeansSareesDressesOne piecesGroom wedding sherwaniDesigner Salwar SuitsBraCotton simple blouse designsBanarasi saree blouse designsStylish blouse astin designTrack PantBlouse neck designsKurtasParty DressesPalazzo SuitsAnarkaliGownsCut out dressSalwar SuitsKurtisDesigner SareesLeggingsShortsGeorgette SareesEthnic Wearuppada pattu sareesBlouse back designJodhpur pants
FOOTWEAR:Adidas ShoesReebok ShoesNike ShoesPuma ShoesBootsBata ShoesWoodland ShoesSkechers ShoesSneakersWomens BootsSports ShoesLoafersSandalsLotto Sports ShoesCasual ShoesWomens Skechers ShoesAsics Sports ShoesFormal ShoesSchool Shoes
GROCERIESPhonePe Grocery VoucherHand WashSoapCashew NutsSunflower OilEggsToilet CleanerHarpic Toilet CleanerDettol SoapMustard OilBiscuitsCheesePatanjali AttaFortune OilAashirvaad AttaTea
BEST SELLING ON FLIPKARTHeadphonesBest Gas GeyserKitchen GeyserNutri BlendersPortable Air CoolerBest Air CoolerBagsHitachi Refrigerator 3 DoorBooksToysCandlesHelmetsWall ClocksBaby FoodChocolatesCyclesCalculatorsLipsticksMaskVertiv UPSFastrack WatchesWalletsEarringsGold CoinsRealme Pad MiniHandbagsconekt SW2 SmartwatchMivi DuoPods a350Speaker Cleaner
FURNITUREFurnitureSofasBedsDining setsWardrobesMattressesTV UnitsTablesChairsShelvesBean BagsOffice ChairsComputer TableOffice TablesRed SofaWakefit BedsWhite SofaWakefit MattressGreen SofaBlack SofaBrown Sofa
BGMH:Whey ProteinHomeopathyCricketCyclesFootballsTreadmillsChristmas GiftsFitness AccessoriesOnline GuitarBooks StoreMusical Instrument StoreDabur ChyawanprashBaidyanath ChyawanprashEnergy DrinksToysMilk Drink MixesRakhiChyawanprashIndian FlagProtein Supplements
Flipkart: The One-stop Shopping Destination
E-commerce is revolutionizing the way we all shop in India. Why do you want to hop from one store to another in search of the latest phone when you can find it on the Internet in a single click? Not only mobiles. Flipkart houses everything you can possibly imagine, from trending electronics like laptops, tablets, smartphones, and mobile accessories to in-vogue fashion staples like shoes, clothing and lifestyle accessories; from modern furniture like sofa sets, dining tables, and wardrobes to appliances that make your life easy like washing machines, TVs, ACs, mixer grinder juicers and other time-saving kitchen and small appliances; from home furnishings like cushion covers, mattresses and bedsheets to toys and musical instruments, we got them all covered. You name it, and you can stay assured about finding them all here. For those of you with erratic working hours, Flipkart is your best bet. Shop in your PJs, at night or in the wee hours of the morning. This e-commerce never shuts down.

What's more, with our year-round shopping festivals and events, our prices are irresistible. We're sure you'll find yourself picking up more than what you had in mind. If you are wondering why you should shop from Flipkart when there are multiple options available to you, well, the below will answer your question.

Flipkart Plus
A world of limitless possibilities awaits you - Flipkart Plus was kickstarted as a loyalty reward programme for all its regular customers at zero subscription fee. All you need is 500 supercoins to be a part of this service. For every 100 rupees spent on Flipkart order, Plus members earns 4 supercoins & non-plus members earn 2 supercoins. Free delivery, early access during sales and shopping festivals, exchange offers and priority customer service are the top benefits to a Flipkart Plus member. In short, earn more when you shop more!

What's more, you can even use the Flipkart supercoins for a number of exciting services, like:
An annual Zomato Gold membership
An annual Hotstar Premium membership
6 months Gaana plus subscription
Rupees 550 instant discount on flights on ixigo
Check out https://www.flipkart.com/plus/all-offers for the entire list. Terms and conditions apply.

No Cost EMI
In an attempt to make high-end products accessible to all, our No Cost EMI plan enables you to shop with us under EMI, without shelling out any processing fee. Applicable on select mobiles, laptops, large and small appliances, furniture, electronics and watches, you can now shop without burning a hole in your pocket. If you've been eyeing a product for a long time, chances are it may be up for a no cost EMI. Take a look ASAP! Terms and conditions apply.

EMI on Debit Cards
Did you know debit card holders account for 79.38 crore in the country, while there are only 3.14 crore credit card holders? After enabling EMI on Credit Cards, in another attempt to make online shopping accessible to everyone, Flipkart introduces EMI on Debit Cards, empowering you to shop confidently with us without having to worry about pauses in monthly cash flow. At present, we have partnered with Axis Bank, HDFC Bank, State Bank of India and ICICI Bank for this facility. More power to all our shoppers! Terms and conditions apply.

Mobile Exchange Offers
Get an instant discount on the phone that you have been eyeing on. Exchange your old mobile for a new one after the Flipkart experts calculate the value of your old phone, provided it is in a working condition without damage to the screen. If a phone is applicable for an exchange offer, you will see the 'Buy with Exchange' option on the product description of the phone. So, be smart, always opt for an exchange wherever possible. Terms and conditions apply.

What Can You Buy From Flipkart?
Mobile Phones
From budget phones to state-of-the-art smartphones, we have a mobile for everybody out there. Whether you're looking for larger, fuller screens, power-packed batteries, blazing-fast processors, beautification apps, high-tech selfie cameras or just large internal space, we take care of all the essentials. Shop from top brands in the country like Samsung, Apple, Oppo, Xiaomi, Realme, Vivo, and Honor to name a few. Rest assured, you're buying from only the most reliable names in the market. What's more, with Flipkart's Complete Mobile Protection Plan, you will never again find the need to run around service centres. This plan entails you to a number of post-purchase solutions, starting at as low as Rupees 99 only! Broken screens, liquid damage to phone, hardware and software glitches, and replacements - the Flipkart Complete Mobile Protection covers a comprehensive range of post-purchase problems, with door-to-door services.

Electronic Devices and Accessories
When it comes to laptops, we are not far behind. Filter among dozens of super-fast operating systems, hard disk capacity, RAM, lifestyle, screen size and many other criterias for personalized results in a flash. All you students out there, confused about what laptop to get? Our Back To College Store segregates laptops purpose wise (gaming, browsing and research, project work, entertainment, design, multitasking) with recommendations from top brands and industry experts, facilitating a shopping experience that is quicker and simpler.

Photography lovers, you couldn't land at a better page than ours. Cutting-edge DSLR cameras, ever reliable point-and-shoot cameras, millennial favourite instant cameras or action cameras for adventure junkies: our range of cameras is as much for beginners as it is for professionals. Canon, Nikon, GoPro, Sony, and Fujifilm are some big names you'll find in our store. Photography lovers, you couldn't land at a better page than ours. Cutting-edge DSLR cameras, ever reliable point-and-shoot cameras, millennial favourite instant cameras or action cameras for adventure junkies: our range of cameras is as much for beginners as it is for professionals. Canon, Nikon, GoPro, Sony, and Fujifilm are some big names you'll find in our store.

Turn your home into a theatre with a stunning surround sound system. Choose from our elaborate range of Sony home theatres, JBL soundbars and Philips tower speakers for an experience to remember.

How about jazzing up your phone with our quirky designer cases and covers? Our wide-ranging mobile accessories starting from headphones, power banks, memory cards, mobile chargers, to selfie sticks can prove to be ideal travel companions for you and your phone; never again worry about running out of charge or memory on your next vacation.

Large Appliances
Sleek TVs, power-saving refrigerators, rapid-cooling ACs, resourceful washing machines - discover everything you need to run a house under one roof. Our Dependable TV and Appliance Store ensures zero transit damage, with a replacement guarantee if anything goes wrong; delivery and installation as per your convenience and a double warranty (Official Brand Warranty along with an extended Flipkart Warranty) - rest assured, value for money is what is promised and delivered. Shop from market leaders in the country like Samsung, LG, Whirlpool, Midea, Mi, Vu, Panasonic, Godrej, Sony, Daikin, and Hitachi among many others.

For certain product categories, Customers meeting the eligibility criteria will have the option to buy larger quantities. To know more on the eligibility criteria and terms and conditions, please reach out to Purchases.oni@flipkart.com.

Small Home Appliances
Find handy and practical home appliances designed to make your life simpler: electric kettles, OTGs, microwave ovens, sandwich makers, hand blenders, coffee makers, and many more other time-saving appliances that are truly crafted for a quicker lifestyle. Live life king size with these appliances at home.

Lifestyle
Flipkart, 'India ka Fashion Capital', is your one-stop fashion destination for anything and everything you need to look good. Our exhaustive range of Western and Indian wear, summer and winter clothing, formal and casual footwear, bridal and artificial jewellery, long-lasting make-up, grooming tools and accessories are sure to sweep you off your feet. Shop from crowd favourites like Vero Moda, Forever 21, Only, Arrow, Woodland, Nike, Puma, Revlon, Mac, and Sephora among dozens of other top-of-the-ladder names. From summer staple maxi dresses, no-nonsense cigarette pants, traditional Bandhani kurtis to street-smart biker jackets, you can rely on us for a wardrobe that is up to date. Explore our in-house brands like Metronaut, Anmi, and Denizen, to name a few, for carefully curated designs that are the talk of the town. Get ready to be spoiled for choice.Festivals, office get-togethers, weddings, brunches, or nightwear - Flipkart will have your back each time.

Home and Furniture
Moving to a new place is never easy, especially if you're buying new furniture. Beds, sofa sets, dining tables, wardrobes, and TV units - it's not easy to set up everything again. With the hundreds of options thrown at you, the ride could be overwhelming. What place is reliable, what furniture will stand the test of time? These are questions you must ask before you choose a store. Well, our Durability Certified Furniture Store has not only curated a range of furniture keeping in mind the modern Indian consumer but furniture that comes with a lab certification, ensuring they last you for up to 10 years. Yes, all our furniture has gone through 35 stability and load tests so that you receive only the best-quality furniture. Be FurniSure, always. Names to look out for are Nilkamal, Godrej Interio, Urban Ladder, HomeTown, Durian and Perfect Homes.

You may have your furniture all set up, but they could end up looking flat and incomplete without complementary decor. Curtains, cushion covers, bed sheets, wall shelves, paintings, floor lamps - find everything that turns a house to an inviting home under one roof at Flipkart.

Baby and Kids
Your kids deserve only the best. From bodysuits, booties, diapers to strollers, if you're an expecting mother or a new mother, you will find everything you need to set sail on a smooth parenting journey with the help of our baby care collection. When it comes to safety, hygiene and comfort, you can rely on us without a second thought. Huggies, Pampers, MamyPoko, and Johnson & Johnson: we host only the most-trusted names in the business for your baby.

Books, Sports and Games
Work hard and no play? We don't believe in that. Get access to best-selling fiction and non-fiction books by your favourite authors, thrilling English and Indian blockbusters, most-wanted gaming consoles, and a tempting range of fitness and sports gadgets and equipment bound to inspire you to get moving.

Grocery/Supermart
Launching into the grocery vertical, Flipkart introduces Supermart that is out to bring everyday essentials close to you. From pulses, spices, dairy, personal and sanitary care, breakfast essentials, health drinks, spreads, ready to cook, grooming to cleaning agents, we are happy to present everything you need to run a house. Now buy Grocery products for as low as 1 Rupee only - our 1 Rupee Store presents new products every day for a nominal price of 1 Rupee only. Terms and conditions apply.
ABOUT
Contact Us
About Us
Careers
Flipkart Stories
Press
Corporate Information
GROUP COMPANIES
Myntra
Flipkart Wholesale
Cleartrip
Shopsy
HELP
Payments
Shipping
Cancellation & Returns
FAQ
Report Infringement
CONSUMER POLICY
Cancellation & Returns
Terms Of Use
Security
Privacy
Sitemap
Grievance Redressal
EPR Compliance
Mail Us:
Flipkart Internet Private Limited,
Buildings Alyssa, Begonia &
Clove Embassy Tech Village,
Outer Ring Road, Devarabeesanahalli Village,
Bengaluru, 560103,
Karnataka, India
Social:
Registered Office Address:
Flipkart Internet Private Limited,
Buildings Alyssa, Begonia &
Clove Embassy Tech Village,
Outer Ring Road, Devarabeesanahalli Village,
Bengaluru, 560103,
Karnataka, India
CIN : U51109KA2012PTC066107
Telephone: 044-45614700
Become a Seller
Advertise
Gift Cards
Help Center
© 2007-2024 Flipkart.com
Tag Name: div, Text: Search Icon
Login
Login
Cart
Become a Seller
Tag Name: div, Text: Search Icon
Login
Login
Cart
Become a Seller
Tag Name: header, Text: Search Icon
Login
Login
Cart
Become a Seller
Tag Name: div, Text: Search Icon
Tag Name: a, Text: 
Tag Name: img, Text: 
Tag Name: div, Text: 
Tag Name: a, Text: 
Tag Name: picture, Text: 
Tag Name: source, Text: 
Tag Name: source, Text: 
Tag Name: img, Text: 
Tag Name: div, Text: Search Icon
Tag Name: form, Text: Search Icon
Tag Name: div, Text: Search Icon
Tag Name: button, Text: Search Icon
Tag Name: svg, Text: Search Icon
Tag Name: title, Text: Search Icon
Tag Name: path, Text: 
Tag Name: path, Text: 
Tag Name: div, Text: 
Tag Name: input, Text: 
Tag Name: input, Text: 
Tag Name: input, Text: 
Tag Name: input, Text: 
Tag Name: input, Text: 
Tag Name: input, Text: 
Tag Name: ul, Text: 
Tag Name: div, Text: Login
Login
Cart
Become a Seller
Tag Name: div, Text: 
Tag Name: a, Text: 
Tag Name: img, Text: 
Tag Name: div, Text: Login
Login
Tag Name: div, Text: Login
Login
Tag Name: div, Text: Login
Login
Tag Name: div, Text: Login
Tag Name: div, Text: Login
Tag Name: a, Text: Login
Tag Name: img, Text: 
Tag Name: span, Text: Login
Tag Name: img, Text: 
Tag Name: ul, Text: 
Tag Name: a, Text: 
Tag Name: span, Text: 
Tag Name: span, Text: 
Tag Name: a, Text: 
Tag Name: li, Text: 
Tag Name: div, Text: 
Tag Name: img, Text: 
Tag Name: a, Text: 
Tag Name: li, Text: 
Tag Name: div, Text: 
Tag Name: img, Text: 
Tag Name: a, Text: 
Tag Name: li, Text: 
Tag Name: div, Text: 
Tag Name: img, Text: 
Tag Name: a, Text: 
Tag Name: li, Text: 
Tag Name: div, Text: 
Tag Name: img, Text: 
Tag Name: a, Text: 
Tag Name: li, Text: 
Tag Name: div, Text: 
Tag Name: img, Text: 
Tag Name: a, Text: 
Tag Name: li, Text: 
Tag Name: div, Text: 
Tag Name: img, Text: 
Tag Name: div, Text: Login
Tag Name: div, Text: 
Tag Name: div, Text: Login
Tag Name: a, Text: Login
Tag Name: a, Text: 
Tag Name: img, Text: 
Tag Name: div, Text: 
Tag Name: div, Text: Cart
Tag Name: div, Text: Cart
Tag Name: a, Text: 
Tag Name: img, Text: 
Tag Name: a, Text: Cart
Tag Name: div, Text: Become a Seller
Tag Name: div, Text: Become a Seller
Tag Name: a, Text: 
Tag Name: img, Text: 
Tag Name: a, Text: Become a Seller
Tag Name: div, Text: 
Tag Name: div, Text: 
Tag Name: div, Text: 
Tag Name: div, Text: 
Tag Name: div, Text: 
Tag Name: a, Text: 
Tag Name: img, Text: 
Tag Name: ul, Text: 
Tag Name: a, Text: 
Tag Name: li, Text: 
Tag Name: div, Text: 
Tag Name: img, Text: 
Tag Name: a, Text: 
Tag Name: li, Text: 
Tag Name: div, Text: 
Tag Name: img, Text: 
Tag Name: a, Text: 
Tag Name: li, Text: 
Tag Name: div, Text: 
Tag Name: img, Text: 
Tag Name: a, Text: 
Tag Name: li, Text: 
Tag Name: div, Text: 
Tag Name: img, Text: 
Tag Name: div, Text: 
Tag Name: div, Text: Grocery
Mobiles
Fashion
Electronics
Home & Furniture
Appliances
Travel
Beauty, Toys & More
Two Wheelers
Best of Electronics
Best Truewireless Headphones
Grab Now
Printers
From ₹2336
Top Selling Dell Keyboard
From ₹229
Best Selling Mobile Speakers
From ₹499*
boAt Smartwatches
From ₹1,099
Printers
From ₹3999
Beauty, Food, Toys & more
Top Selling Stationery
From ₹49
Electric Cycle
Up to 40% Off
Food Spreads
Upto 75% Off
Best of Action Toys
Up to 70% Off
Non-Geared Cycles
Up to 40% Off
Microphones
Up to 70% off
Coffee Powder
Upto 80% Off
Most Shopped on FK
Men's T-shirts
Special offer
Laptop Bags
Min. 70% Off
Women's Ethnic Sets
Min. 50% Off
Suitcases
Min. 70% Off
Hang on, loading content
Top Stories :Brand Directory
MOST SEARCHED FOR ON FLIPKART:iPhone 15iPhone 15 PlusiPhone 15 ProiPhone 15 Pro MaxVivo x 100Spoyl StoreSAMSUNG Flip5SAMSUNG Fold5Flipkart Axis Bank Super Elite Credit card5G Mobile PhonesPrimebook LaptopsMoto Edge 40Grievance RedressalOPPO Reno7 Pro 5GiPhone 13Help CentreTrack OrdersManage OrdersReturn OrdersGift Cards StoreFlipkart Axis Bank Credit CardPay Later
MOBILESRedmi 12 5GRealme 12+ 5GMotorola G84Realme C53Infinix Smart 8Samsung Galaxy S23 5GSamsung Galaxy S21 FE 5G Qualcommvivo V30Samsung Galaxy S24 5GSamsung Galaxy S24+ 5GiPhone 12 64GBiPhone 12 Pro 512GBiPhone 12 128GBVivo Y15SAMSUNG Galaxy S21 FE 5GInfinix HOT 30iRealme 10 Pro 5GMOTOROLA G62 5GNothing PhoneREDMI Note 12 Pro 5GInfinix SMART 7Vivo Y12Oppo A12Motorola 5g PhoneRealme 5g SmartphoneApple 5g PhoneIqoo 5g PhonesOneplus 5g PhonesVivo 5g PhonesOppo 5g Smart PhonesOppo F15Oppo A31Samsung A71Samsung A51Samsung A31iPhone 11iPhone 11 Pro4G MobileNokia MobileSamsung MobileiphoneOppo MobileVivo Mobile
CAMERAGoPro Action CameraNikon CameraCanon CameraSony CameraCanon DSLRNikon DSLR
LAPTOPSAsus ROG AllyMacBook Pro M2Premium LaptopASUS ROG Strix SCAR 16 (2023) Core i9 13th GenASUS ROG Zephyrus M16 (2023) Core i9 13th GenASUS Zenbook 14 OLED (2022)Realme Book Prime Core i5 11th GenMicrosoft Surface Go Pentium 128GBApple LaptopsAcer LaptopsLenovo LaptopsDell LaptopsAsus LaptopsHP LaptopsGaming Laptops2 in 1 LaptopsLaptopsDell latest laptops 2022HP latest laptops 2022Infinix INBook Y1 PlusSAMSUNG Galaxy Book312th Gen Intel Core Laptops
TVSNokia TVPanasonic TVThomson TVMi X ProRealme TVMotorola TVOnePlus TVsLG TVTVSony TVSamsung TVAndroid TelevisionIffalcon TvMi TV
LARGE APPLIANCES:TelevisionWashing MachinesRefrigeratorsAir ConditionersElectric CookersElectric Jug(Heater) / Travel KettlesInduction CooktopsInverters / stabilizerIrons / Iron BoxMixer Grinder JuicerWet GrindersChimneysMicrowave OvensVacuum CleanersWater PurifierFan
CLOTHINGGreen bridal lehengaTopsShoesSunglassesBridal BlouseHalf saree blouse designsDesigner blousesBlouse designsShirtsCotton saree blouse designsTshirtsJeansSareesDressesOne piecesGroom wedding sherwaniDesigner Salwar SuitsBraCotton simple blouse designsBanarasi saree blouse designsStylish blouse astin designTrack PantBlouse neck designsKurtasParty DressesPalazzo SuitsAnarkaliGownsCut out dressSalwar SuitsKurtisDesigner SareesLeggingsShortsGeorgette SareesEthnic Wearuppada pattu sareesBlouse back designJodhpur pants
FOOTWEAR:Adidas ShoesReebok ShoesNike ShoesPuma ShoesBootsBata ShoesWoodland ShoesSkechers ShoesSneakersWomens BootsSports ShoesLoafersSandalsLotto Sports ShoesCasual ShoesWomens Skechers ShoesAsics Sports ShoesFormal ShoesSchool Shoes
GROCERIESPhonePe Grocery VoucherHand WashSoapCashew NutsSunflower OilEggsToilet CleanerHarpic Toilet CleanerDettol SoapMustard OilBiscuitsCheesePatanjali AttaFortune OilAashirvaad AttaTea
BEST SELLING ON FLIPKARTHeadphonesBest Gas GeyserKitchen GeyserNutri BlendersPortable Air CoolerBest Air CoolerBagsHitachi Refrigerator 3 DoorBooksToysCandlesHelmetsWall ClocksBaby FoodChocolatesCyclesCalculatorsLipsticksMaskVertiv UPSFastrack WatchesWalletsEarringsGold CoinsRealme Pad MiniHandbagsconekt SW2 SmartwatchMivi DuoPods a350Speaker Cleaner
FURNITUREFurnitureSofasBedsDining setsWardrobesMattressesTV UnitsTablesChairsShelvesBean BagsOffice ChairsComputer TableOffice TablesRed SofaWakefit BedsWhite SofaWakefit MattressGreen SofaBlack SofaBrown Sofa
BGMH:Whey ProteinHomeopathyCricketCyclesFootballsTreadmillsChristmas GiftsFitness AccessoriesOnline GuitarBooks StoreMusical Instrument StoreDabur ChyawanprashBaidyanath ChyawanprashEnergy DrinksToysMilk Drink MixesRakhiChyawanprashIndian FlagProtein Supplements
Flipkart: The One-stop Shopping Destination
E-commerce is revolutionizing the way we all shop in India. Why do you want to hop from one store to another in search of the latest phone when you can find it on the Internet in a single click? Not only mobiles. Flipkart houses everything you can possibly imagine, from trending electronics like laptops, tablets, smartphones, and mobile accessories to in-vogue fashion staples like shoes, clothing and lifestyle accessories; from modern furniture like sofa sets, dining tables, and wardrobes to appliances that make your life easy like washing machines, TVs, ACs, mixer grinder juicers and other time-saving kitchen and small appliances; from home furnishings like cushion covers, mattresses and bedsheets to toys and musical instruments, we got them all covered. You name it, and you can stay assured about finding them all here. For those of you with erratic working hours, Flipkart is your best bet. Shop in your PJs, at night or in the wee hours of the morning. This e-commerce never shuts down.

What's more, with our year-round shopping festivals and events, our prices are irresistible. We're sure you'll find yourself picking up more than what you had in mind. If you are wondering why you should shop from Flipkart when there are multiple options available to you, well, the below will answer your question.

Flipkart Plus
A world of limitless possibilities awaits you - Flipkart Plus was kickstarted as a loyalty reward programme for all its regular customers at zero subscription fee. All you need is 500 supercoins to be a part of this service. For every 100 rupees spent on Flipkart order, Plus members earns 4 supercoins & non-plus members earn 2 supercoins. Free delivery, early access during sales and shopping festivals, exchange offers and priority customer service are the top benefits to a Flipkart Plus member. In short, earn more when you shop more!

What's more, you can even use the Flipkart supercoins for a number of exciting services, like:
An annual Zomato Gold membership
An annual Hotstar Premium membership
6 months Gaana plus subscription
Rupees 550 instant discount on flights on ixigo
Check out https://www.flipkart.com/plus/all-offers for the entire list. Terms and conditions apply.

No Cost EMI
In an attempt to make high-end products accessible to all, our No Cost EMI plan enables you to shop with us under EMI, without shelling out any processing fee. Applicable on select mobiles, laptops, large and small appliances, furniture, electronics and watches, you can now shop without burning a hole in your pocket. If you've been eyeing a product for a long time, chances are it may be up for a no cost EMI. Take a look ASAP! Terms and conditions apply.

EMI on Debit Cards
Did you know debit card holders account for 79.38 crore in the country, while there are only 3.14 crore credit card holders? After enabling EMI on Credit Cards, in another attempt to make online shopping accessible to everyone, Flipkart introduces EMI on Debit Cards, empowering you to shop confidently with us without having to worry about pauses in monthly cash flow. At present, we have partnered with Axis Bank, HDFC Bank, State Bank of India and ICICI Bank for this facility. More power to all our shoppers! Terms and conditions apply.

Mobile Exchange Offers
Get an instant discount on the phone that you have been eyeing on. Exchange your old mobile for a new one after the Flipkart experts calculate the value of your old phone, provided it is in a working condition without damage to the screen. If a phone is applicable for an exchange offer, you will see the 'Buy with Exchange' option on the product description of the phone. So, be smart, always opt for an exchange wherever possible. Terms and conditions apply.

What Can You Buy From Flipkart?
Mobile Phones
From budget phones to state-of-the-art smartphones, we have a mobile for everybody out there. Whether you're looking for larger, fuller screens, power-packed batteries, blazing-fast processors, beautification apps, high-tech selfie cameras or just large internal space, we take care of all the essentials. Shop from top brands in the country like Samsung, Apple, Oppo, Xiaomi, Realme, Vivo, and Honor to name a few. Rest assured, you're buying from only the most reliable names in the market. What's more, with Flipkart's Complete Mobile Protection Plan, you will never again find the need to run around service centres. This plan entails you to a number of post-purchase solutions, starting at as low as Rupees 99 only! Broken screens, liquid damage to phone, hardware and software glitches, and replacements - the Flipkart Complete Mobile Protection covers a comprehensive range of post-purchase problems, with door-to-door services.

Electronic Devices and Accessories
When it comes to laptops, we are not far behind. Filter among dozens of super-fast operating systems, hard disk capacity, RAM, lifestyle, screen size and many other criterias for personalized results in a flash. All you students out there, confused about what laptop to get? Our Back To College Store segregates laptops purpose wise (gaming, browsing and research, project work, entertainment, design, multitasking) with recommendations from top brands and industry experts, facilitating a shopping experience that is quicker and simpler.

Photography lovers, you couldn't land at a better page than ours. Cutting-edge DSLR cameras, ever reliable point-and-shoot cameras, millennial favourite instant cameras or action cameras for adventure junkies: our range of cameras is as much for beginners as it is for professionals. Canon, Nikon, GoPro, Sony, and Fujifilm are some big names you'll find in our store. Photography lovers, you couldn't land at a better page than ours. Cutting-edge DSLR cameras, ever reliable point-and-shoot cameras, millennial favourite instant cameras or action cameras for adventure junkies: our range of cameras is as much for beginners as it is for professionals. Canon, Nikon, GoPro, Sony, and Fujifilm are some big names you'll find in our store.

Turn your home into a theatre with a stunning surround sound system. Choose from our elaborate range of Sony home theatres, JBL soundbars and Philips tower speakers for an experience to remember.

How about jazzing up your phone with our quirky designer cases and covers? Our wide-ranging mobile accessories starting from headphones, power banks, memory cards, mobile chargers, to selfie sticks can prove to be ideal travel companions for you and your phone; never again worry about running out of charge or memory on your next vacation.

Large Appliances
Sleek TVs, power-saving refrigerators, rapid-cooling ACs, resourceful washing machines - discover everything you need to run a house under one roof. Our Dependable TV and Appliance Store ensures zero transit damage, with a replacement guarantee if anything goes wrong; delivery and installation as per your convenience and a double warranty (Official Brand Warranty along with an extended Flipkart Warranty) - rest assured, value for money is what is promised and delivered. Shop from market leaders in the country like Samsung, LG, Whirlpool, Midea, Mi, Vu, Panasonic, Godrej, Sony, Daikin, and Hitachi among many others.

For certain product categories, Customers meeting the eligibility criteria will have the option to buy larger quantities. To know more on the eligibility criteria and terms and conditions, please reach out to Purchases.oni@flipkart.com.

Small Home Appliances
Find handy and practical home appliances designed to make your life simpler: electric kettles, OTGs, microwave ovens, sandwich makers, hand blenders, coffee makers, and many more other time-saving appliances that are truly crafted for a quicker lifestyle. Live life king size with these appliances at home.

Lifestyle
Flipkart, 'India ka Fashion Capital', is your one-stop fashion destination for anything and everything you need to look good. Our exhaustive range of Western and Indian wear, summer and winter clothing, formal and casual footwear, bridal and artificial jewellery, long-lasting make-up, grooming tools and accessories are sure to sweep you off your feet. Shop from crowd favourites like Vero Moda, Forever 21, Only, Arrow, Woodland, Nike, Puma, Revlon, Mac, and Sephora among dozens of other top-of-the-ladder names. From summer staple maxi dresses, no-nonsense cigarette pants, traditional Bandhani kurtis to street-smart biker jackets, you can rely on us for a wardrobe that is up to date. Explore our in-house brands like Metronaut, Anmi, and Denizen, to name a few, for carefully curated designs that are the talk of the town. Get ready to be spoiled for choice.Festivals, office get-togethers, weddings, brunches, or nightwear - Flipkart will have your back each time.

Home and Furniture
Moving to a new place is never easy, especially if you're buying new furniture. Beds, sofa sets, dining tables, wardrobes, and TV units - it's not easy to set up everything again. With the hundreds of options thrown at you, the ride could be overwhelming. What place is reliable, what furniture will stand the test of time? These are questions you must ask before you choose a store. Well, our Durability Certified Furniture Store has not only curated a range of furniture keeping in mind the modern Indian consumer but furniture that comes with a lab certification, ensuring they last you for up to 10 years. Yes, all our furniture has gone through 35 stability and load tests so that you receive only the best-quality furniture. Be FurniSure, always. Names to look out for are Nilkamal, Godrej Interio, Urban Ladder, HomeTown, Durian and Perfect Homes.

You may have your furniture all set up, but they could end up looking flat and incomplete without complementary decor. Curtains, cushion covers, bed sheets, wall shelves, paintings, floor lamps - find everything that turns a house to an inviting home under one roof at Flipkart.

Baby and Kids
Your kids deserve only the best. From bodysuits, booties, diapers to strollers, if you're an expecting mother or a new mother, you will find everything you need to set sail on a smooth parenting journey with the help of our baby care collection. When it comes to safety, hygiene and comfort, you can rely on us without a second thought. Huggies, Pampers, MamyPoko, and Johnson & Johnson: we host only the most-trusted names in the business for your baby.

Books, Sports and Games
Work hard and no play? We don't believe in that. Get access to best-selling fiction and non-fiction books by your favourite authors, thrilling English and Indian blockbusters, most-wanted gaming consoles, and a tempting range of fitness and sports gadgets and equipment bound to inspire you to get moving.

Grocery/Supermart
Launching into the grocery vertical, Flipkart introduces Supermart that is out to bring everyday essentials close to you. From pulses, spices, dairy, personal and sanitary care, breakfast essentials, health drinks, spreads, ready to cook, grooming to cleaning agents, we are happy to present everything you need to run a house. Now buy Grocery products for as low as 1 Rupee only - our 1 Rupee Store presents new products every day for a nominal price of 1 Rupee only. Terms and conditions apply.
ABOUT
Contact Us
About Us
Careers
Flipkart Stories
Press
Corporate Information
GROUP COMPANIES
Myntra
Flipkart Wholesale
Cleartrip
Shopsy
HELP
Payments
Shipping
Cancellation & Returns
FAQ
Report Infringement
CONSUMER POLICY
Cancellation & Returns
Terms Of Use
Security
Privacy
Sitemap
Grievance Redressal
EPR Compliance
Mail Us:
Flipkart Internet Private Limited,
Buildings Alyssa, Begonia &
Clove Embassy Tech Village,
Outer Ring Road, Devarabeesanahalli Village,
Bengaluru, 560103,
Karnataka, India
Social:
Registered Office Address:
Flipkart Internet Private Limited,
Buildings Alyssa, Begonia &
Clove Embassy Tech Village,
Outer Ring Road, Devarabeesanahalli Village,
Bengaluru, 560103,
Karnataka, India
CIN : U51109KA2012PTC066107
Telephone: 044-45614700
Become a Seller
Advertise
Gift Cards
Help Center
© 2007-2024 Flipkart.com
Tag Name: div, Text: Grocery
Mobiles
Fashion
Electronics
Home & Furniture
Appliances
Travel
Beauty, Toys & More
Two Wheelers
Best of Electronics
Best Truewireless Headphones
Grab Now
Printers
From ₹2336
Top Selling Dell Keyboard
From ₹229
Best Selling Mobile Speakers
From ₹499*
boAt Smartwatches
From ₹1,099
Printers
From ₹3999
Beauty, Food, Toys & more
Top Selling Stationery
From ₹49
Electric Cycle
Up to 40% Off
Food Spreads
Upto 75% Off
Best of Action Toys
Up to 70% Off
Non-Geared Cycles
Up to 40% Off
Microphones
Up to 70% off
Coffee Powder
Upto 80% Off
Most Shopped on FK
Men's T-shirts
Special offer
Laptop Bags
Min. 70% Off
Women's Ethnic Sets
Min. 50% Off
Suitcases
Min. 70% Off
Tag Name: div, Text: Grocery
Mobiles
Fashion
Electronics
Home & Furniture
Appliances
Travel
Beauty, Toys & More
Two Wheelers
Best of Electronics
Best Truewireless Headphones
Grab Now
Printers
From ₹2336
Top Selling Dell Keyboard
From ₹229
Best Selling Mobile Speakers
From ₹499*
boAt Smartwatches
From ₹1,099
Printers
From ₹3999
Beauty, Food, Toys & more
Top Selling Stationery
From ₹49
Electric Cycle
Up to 40% Off
Food Spreads
Upto 75% Off
Best of Action Toys
Up to 70% Off
Non-Geared Cycles
Up to 40% Off
Microphones
Up to 70% off
Coffee Powder
Upto 80% Off
Most Shopped on FK
Men's T-shirts
Special offer
Laptop Bags
Min. 70% Off
Women's Ethnic Sets
Min. 50% Off
Suitcases
Min. 70% Off
Tag Name: div, Text: Grocery
Mobiles
Fashion
Electronics
Home & Furniture
Appliances
Travel
Beauty, Toys & More
Two Wheelers
Tag Name: div, Text: Grocery
Mobiles
Fashion
Electronics
Home & Furniture
Appliances
Travel
Beauty, Toys & More
Two Wheelers
Tag Name: div, Text: Grocery
Mobiles
Fashion
Electronics
Home & Furniture
Appliances
Travel
Beauty, Toys & More
Two Wheelers
Tag Name: div, Text: Grocery
Mobiles
Fashion
Electronics
Home & Furniture
Appliances
Travel
Beauty, Toys & More
Two Wheelers
Tag Name: div, Text: Grocery
Mobiles
Fashion
Electronics
Home & Furniture
Appliances
Travel
Beauty, Toys & More
Two Wheelers
Tag Name: div, Text: Grocery
Mobiles
Fashion
Electronics
Home & Furniture
Appliances
Travel
Beauty, Toys & More
Two Wheelers
Tag Name: a, Text: Grocery
Tag Name: div, Text: Grocery
Tag Name: div, Text: Grocery
Tag Name: div, Text: 
Tag Name: div, Text: 
Tag Name: img, Text: 
Tag Name: span, Text: Grocery
Tag Name: span, Text: Grocery
Tag Name: a, Text: Mobiles
Tag Name: div, Text: Mobiles
Tag Name: div, Text: Mobiles
Tag Name: div, Text: 
Tag Name: div, Text: 
Tag Name: img, Text: 
Tag Name: span, Text: Mobiles
Tag Name: span, Text: Mobiles
Tag Name: div, Text: Fashion
Tag Name: div, Text: Fashion
Tag Name: div, Text: Fashion
Tag Name: div, Text: 
Tag Name: div, Text: 
Tag Name: img, Text: 
Tag Name: span, Text: Fashion
Tag Name: span, Text: Fashion
Tag Name: span, Text: 
Tag Name: div, Text: Electronics
Tag Name: div, Text: Electronics
Tag Name: div, Text: Electronics
Tag Name: div, Text: 
Tag Name: div, Text: 
Tag Name: img, Text: 
Tag Name: span, Text: Electronics
Tag Name: span, Text: Electronics
Tag Name: span, Text: 
Tag Name: div, Text: Home & Furniture
Tag Name: div, Text: Home & Furniture
Tag Name: div, Text: Home & Furniture
Tag Name: div, Text: 
Tag Name: div, Text: 
Tag Name: img, Text: 
Tag Name: span, Text: Home & Furniture
Tag Name: span, Text: Home & Furniture
Tag Name: span, Text: 
Tag Name: a, Text: Appliances
Tag Name: div, Text: Appliances
Tag Name: div, Text: Appliances
Tag Name: div, Text: 
Tag Name: div, Text: 
Tag Name: img, Text: 
Tag Name: span, Text: Appliances
Tag Name: span, Text: Appliances
Tag Name: a, Text: Travel
Tag Name: div, Text: Travel
Tag Name: div, Text: Travel
Tag Name: div, Text: 
Tag Name: div, Text: 
Tag Name: img, Text: 
Tag Name: span, Text: Travel
Tag Name: span, Text: Travel
Tag Name: div, Text: Beauty, Toys & More
Tag Name: div, Text: Beauty, Toys & More
Tag Name: div, Text: Beauty, Toys & More
Tag Name: div, Text: 
Tag Name: div, Text: 
Tag Name: img, Text: 
Tag Name: span, Text: Beauty, Toys & More
Tag Name: span, Text: Beauty, Toys & More
Tag Name: span, Text: 
Tag Name: div, Text: Two Wheelers
Tag Name: div, Text: Two Wheelers
Tag Name: div, Text: Two Wheelers
Tag Name: div, Text: 
Tag Name: div, Text: 
Tag Name: img, Text: 
Tag Name: span, Text: Two Wheelers
Tag Name: span, Text: Two Wheelers
Tag Name: span, Text: 
Tag Name: div, Text: 
Tag Name: div, Text: 
Tag Name: div, Text: 
Tag Name: div, Text: 
Tag Name: div, Text: 
Tag Name: div, Text: 
Tag Name: div, Text: 
Tag Name: div, Text: 
Tag Name: div, Text: 
Tag Name: div, Text: 
Tag Name: div, Text: 
Tag Name: div, Text: 
Tag Name: div, Text: 
Tag Name: div, Text: 
Tag Name: div, Text: 
Tag Name: a, Text: 
Tag Name: div, Text: 
Tag Name: picture, Text: 
Tag Name: source, Text: 
Tag Name: source, Text: 
Tag Name: img, Text: 
Tag Name: img, Text: 
Tag Name: button, Text: 
Tag Name: span, Text: 
Tag Name: button, Text: 
Tag Name: span, Text: 
Tag Name: div, Text: 
Tag Name: div, Text: 
Tag Name: div, Text: 
Tag Name: div, Text: 
Tag Name: div, Text: 
Tag Name: div, Text: 
Tag Name: div, Text: Best of Electronics
Best Truewireless Headphones
Grab Now
Printers
From ₹2336
Top Selling Dell Keyboard
From ₹229
Best Selling Mobile Speakers
From ₹499*
boAt Smartwatches
From ₹1,099
Printers
From ₹3999
Tag Name: div, Text: Best of Electronics
Best Truewireless Headphones
Grab Now
Printers
From ₹2336
Top Selling Dell Keyboard
From ₹229
Best Selling Mobile Speakers
From ₹499*
boAt Smartwatches
From ₹1,099
Printers
From ₹3999
Tag Name: div, Text: Best of Electronics
Best Truewireless Headphones
Grab Now
Printers
From ₹2336
Top Selling Dell Keyboard
From ₹229
Best Selling Mobile Speakers
From ₹499*
boAt Smartwatches
From ₹1,099
Printers
From ₹3999
Tag Name: div, Text: Best of Electronics
Best Truewireless Headphones
Grab Now
Printers
From ₹2336
Top Selling Dell Keyboard
From ₹229
Best Selling Mobile Speakers
From ₹499*
boAt Smartwatches
From ₹1,099
Printers
From ₹3999
Tag Name: div, Text: Best of Electronics
Best Truewireless Headphones
Grab Now
Printers
From ₹2336
Top Selling Dell Keyboard
From ₹229
Best Selling Mobile Speakers
From ₹499*
boAt Smartwatches
From ₹1,099
Printers
From ₹3999
Tag Name: div, Text: Best of Electronics
Best Truewireless Headphones
Grab Now
Printers
From ₹2336
Top Selling Dell Keyboard
From ₹229
Best Selling Mobile Speakers
From ₹499*
boAt Smartwatches
From ₹1,099
Printers
From ₹3999
Tag Name: div, Text: Best of Electronics
Best Truewireless Headphones
Grab Now
Printers
From ₹2336
Top Selling Dell Keyboard
From ₹229
Best Selling Mobile Speakers
From ₹499*
boAt Smartwatches
From ₹1,099
Printers
From ₹3999
Tag Name: a, Text: Best of Electronics
Tag Name: div, Text: Best of Electronics
Tag Name: div, Text: Best of Electronics
Tag Name: div, Text: Best of Electronics
Tag Name: div, Text: 
Tag Name: div, Text: 
Tag Name: svg, Text: 
Tag Name: path, Text: 
Tag Name: div, Text: Best Truewireless Headphones
Grab Now
Printers
From ₹2336
Top Selling Dell Keyboard
From ₹229
Best Selling Mobile Speakers
From ₹499*
boAt Smartwatches
From ₹1,099
Printers
From ₹3999
Tag Name: div, Text: Best Truewireless Headphones
Grab Now
Printers
From ₹2336
Top Selling Dell Keyboard
From ₹229
Best Selling Mobile Speakers
From ₹499*
boAt Smartwatches
From ₹1,099
Printers
From ₹3999
Tag Name: div, Text: Best Truewireless Headphones
Grab Now
Printers
From ₹2336
Top Selling Dell Keyboard
From ₹229
Best Selling Mobile Speakers
From ₹499*
boAt Smartwatches
From ₹1,099
Printers
From ₹3999
Tag Name: div, Text: Best Truewireless Headphones
Grab Now
Printers
From ₹2336
Top Selling Dell Keyboard
From ₹229
Best Selling Mobile Speakers
From ₹499*
boAt Smartwatches
From ₹1,099
Printers
From ₹3999
Tag Name: div, Text: Best Truewireless Headphones
Grab Now
Tag Name: div, Text: Best Truewireless Headphones
Grab Now
Tag Name: div, Text: Best Truewireless Headphones
Grab Now
Tag Name: div, Text: Best Truewireless Headphones
Grab Now
Tag Name: a, Text: Best Truewireless Headphones
Grab Now
Tag Name: div, Text: Best Truewireless Headphones
Grab Now
Tag Name: div, Text: Best Truewireless Headphones
Grab Now
Tag Name: div, Text: 
Tag Name: picture, Text: 
Tag Name: source, Text: 
Tag Name: source, Text: 
Tag Name: img, Text: 
Tag Name: img, Text: 
Tag Name: div, Text: Best Truewireless Headphones
Grab Now
Tag Name: div, Text: Best Truewireless Headphones
Tag Name: div, Text: Grab Now
Tag Name: svg, Text: 
Tag Name: path, Text: 
Tag Name: div, Text: Printers
From ₹2336
Tag Name: div, Text: Printers
From ₹2336
Tag Name: div, Text: Printers
From ₹2336
Tag Name: div, Text: Printers
From ₹2336
Tag Name: a, Text: Printers
From ₹2336
Tag Name: div, Text: Printers
From ₹2336
Tag Name: div, Text: Printers
From ₹2336
Tag Name: div, Text: 
Tag Name: picture, Text: 
Tag Name: source, Text: 
Tag Name: source, Text: 
Tag Name: img, Text: 
Tag Name: img, Text: 
Tag Name: div, Text: Printers
From ₹2336
Tag Name: div, Text: Printers
Tag Name: div, Text: From ₹2336
Tag Name: svg, Text: 
Tag Name: path, Text: 
Tag Name: div, Text: Top Selling Dell Keyboard
From ₹229
Tag Name: div, Text: Top Selling Dell Keyboard
From ₹229
Tag Name: div, Text: Top Selling Dell Keyboard
From ₹229
Tag Name: div, Text: Top Selling Dell Keyboard
From ₹229
Tag Name: a, Text: Top Selling Dell Keyboard
From ₹229
Tag Name: div, Text: Top Selling Dell Keyboard
From ₹229
Tag Name: div, Text: Top Selling Dell Keyboard
From ₹229
Tag Name: div, Text: 
Tag Name: picture, Text: 
Tag Name: source, Text: 
Tag Name: source, Text: 
Tag Name: img, Text: 
Tag Name: img, Text: 
Tag Name: div, Text: Top Selling Dell Keyboard
From ₹229
Tag Name: div, Text: Top Selling Dell Keyboard
Tag Name: div, Text: From ₹229
Tag Name: svg, Text: 
Tag Name: path, Text: 
Tag Name: div, Text: Best Selling Mobile Speakers
From ₹499*
Tag Name: div, Text: Best Selling Mobile Speakers
From ₹499*
Tag Name: div, Text: Best Selling Mobile Speakers
From ₹499*
Tag Name: div, Text: Best Selling Mobile Speakers
From ₹499*
Tag Name: a, Text: Best Selling Mobile Speakers
From ₹499*
Tag Name: div, Text: Best Selling Mobile Speakers
From ₹499*
Tag Name: div, Text: Best Selling Mobile Speakers
From ₹499*
Tag Name: div, Text: 
Tag Name: picture, Text: 
Tag Name: source, Text: 
Tag Name: source, Text: 
Tag Name: img, Text: 
Tag Name: img, Text: 
Tag Name: div, Text: Best Selling Mobile Speakers
From ₹499*
Tag Name: div, Text: Best Selling Mobile Speakers
Tag Name: div, Text: From ₹499*
Tag Name: svg, Text: 
Tag Name: path, Text: 
Tag Name: div, Text: boAt Smartwatches
From ₹1,099
Tag Name: div, Text: boAt Smartwatches
From ₹1,099
Tag Name: div, Text: boAt Smartwatches
From ₹1,099
Tag Name: div, Text: boAt Smartwatches
From ₹1,099
Tag Name: a, Text: boAt Smartwatches
From ₹1,099
Tag Name: div, Text: boAt Smartwatches
From ₹1,099
Tag Name: div, Text: boAt Smartwatches
From ₹1,099
Tag Name: div, Text: 
Tag Name: picture, Text: 
Tag Name: source, Text: 
Tag Name: source, Text: 
Tag Name: img, Text: 
Tag Name: img, Text: 
Tag Name: div, Text: boAt Smartwatches
From ₹1,099
Tag Name: div, Text: boAt Smartwatches
Tag Name: div, Text: From ₹1,099
Tag Name: svg, Text: 
Tag Name: path, Text: 
Tag Name: div, Text: Printers
From ₹3999
Tag Name: div, Text: Printers
From ₹3999
Tag Name: div, Text: Printers
From ₹3999
Tag Name: div, Text: Printers
From ₹3999
Tag Name: a, Text: Printers
From ₹3999
Tag Name: div, Text: Printers
From ₹3999
Tag Name: div, Text: Printers
From ₹3999
Tag Name: div, Text: 
Tag Name: picture, Text: 
Tag Name: source, Text: 
Tag Name: source, Text: 
Tag Name: img, Text: 
Tag Name: img, Text: 
Tag Name: div, Text: Printers
From ₹3999
Tag Name: div, Text: Printers
Tag Name: div, Text: From ₹3999
Tag Name: svg, Text: 
Tag Name: path, Text: 
Tag Name: div, Text: 
Tag Name: div, Text: 
Tag Name: div, Text: 
Tag Name: div, Text: 
Tag Name: a, Text: 
Tag Name: div, Text: 
Tag Name: div, Text: 
Tag Name: div, Text: 
Tag Name: picture, Text: 
Tag Name: source, Text: 
Tag Name: source, Text: 
Tag Name: img, Text: 
Tag Name: img, Text: 
Tag Name: div, Text: 
Tag Name: div, Text: 
Tag Name: div, Text: 
Tag Name: svg, Text: 
Tag Name: path, Text: 
Tag Name: div, Text: 
Tag Name: div, Text: 
Tag Name: div, Text: 
Tag Name: div, Text: 
Tag Name: a, Text: 
Tag Name: div, Text: 
Tag Name: div, Text: 
Tag Name: div, Text: 
Tag Name: picture, Text: 
Tag Name: source, Text: 
Tag Name: source, Text: 
Tag Name: img, Text: 
Tag Name: img, Text: 
Tag Name: div, Text: 
Tag Name: div, Text: 
Tag Name: div, Text: 
Tag Name: svg, Text: 
Tag Name: path, Text: 
Tag Name: button, Text: 
Tag Name: span, Text: 
Tag Name: div, Text: 
Tag Name: div, Text: 
Tag Name: div, Text: 
Tag Name: div, Text: 
Tag Name: div, Text: 
Tag Name: div, Text: 
Tag Name: div, Text: 
Tag Name: div, Text: 
Tag Name: div, Text: 
Tag Name: a, Text: 
Tag Name: div, Text: 
Tag Name: picture, Text: 
Tag Name: source, Text: 
Tag Name: source, Text: 
Tag Name: img, Text: 
Tag Name: img, Text: 
Tag Name: div, Text: Beauty, Food, Toys & more
Top Selling Stationery
From ₹49
Electric Cycle
Up to 40% Off
Food Spreads
Upto 75% Off
Best of Action Toys
Up to 70% Off
Non-Geared Cycles
Up to 40% Off
Microphones
Up to 70% off
Coffee Powder
Upto 80% Off
Tag Name: div, Text: Beauty, Food, Toys & more
Top Selling Stationery
From ₹49
Electric Cycle
Up to 40% Off
Food Spreads
Upto 75% Off
Best of Action Toys
Up to 70% Off
Non-Geared Cycles
Up to 40% Off
Microphones
Up to 70% off
Coffee Powder
Upto 80% Off
Tag Name: div, Text: Beauty, Food, Toys & more
Top Selling Stationery
From ₹49
Electric Cycle
Up to 40% Off
Food Spreads
Upto 75% Off
Best of Action Toys
Up to 70% Off
Non-Geared Cycles
Up to 40% Off
Microphones
Up to 70% off
Coffee Powder
Upto 80% Off
Tag Name: div, Text: Beauty, Food, Toys & more
Top Selling Stationery
From ₹49
Electric Cycle
Up to 40% Off
Food Spreads
Upto 75% Off
Best of Action Toys
Up to 70% Off
Non-Geared Cycles
Up to 40% Off
Microphones
Up to 70% off
Coffee Powder
Upto 80% Off
Tag Name: div, Text: Beauty, Food, Toys & more
Top Selling Stationery
From ₹49
Electric Cycle
Up to 40% Off
Food Spreads
Upto 75% Off
Best of Action Toys
Up to 70% Off
Non-Geared Cycles
Up to 40% Off
Microphones
Up to 70% off
Coffee Powder
Upto 80% Off
Tag Name: div, Text: Beauty, Food, Toys & more
Top Selling Stationery
From ₹49
Electric Cycle
Up to 40% Off
Food Spreads
Upto 75% Off
Best of Action Toys
Up to 70% Off
Non-Geared Cycles
Up to 40% Off
Microphones
Up to 70% off
Coffee Powder
Upto 80% Off
Tag Name: div, Text: Beauty, Food, Toys & more
Top Selling Stationery
From ₹49
Electric Cycle
Up to 40% Off
Food Spreads
Upto 75% Off
Best of Action Toys
Up to 70% Off
Non-Geared Cycles
Up to 40% Off
Microphones
Up to 70% off
Coffee Powder
Upto 80% Off
Tag Name: a, Text: Beauty, Food, Toys & more
Tag Name: div, Text: Beauty, Food, Toys & more
Tag Name: div, Text: Beauty, Food, Toys & more
Tag Name: div, Text: Beauty, Food, Toys & more
Tag Name: div, Text: 
Tag Name: div, Text: 
Tag Name: svg, Text: 
Tag Name: path, Text: 
Tag Name: div, Text: Top Selling Stationery
From ₹49
Electric Cycle
Up to 40% Off
Food Spreads
Upto 75% Off
Best of Action Toys
Up to 70% Off
Non-Geared Cycles
Up to 40% Off
Microphones
Up to 70% off
Coffee Powder
Upto 80% Off
Tag Name: div, Text: Top Selling Stationery
From ₹49
Electric Cycle
Up to 40% Off
Food Spreads
Upto 75% Off
Best of Action Toys
Up to 70% Off
Non-Geared Cycles
Up to 40% Off
Microphones
Up to 70% off
Coffee Powder
Upto 80% Off
Tag Name: div, Text: Top Selling Stationery
From ₹49
Electric Cycle
Up to 40% Off
Food Spreads
Upto 75% Off
Best of Action Toys
Up to 70% Off
Non-Geared Cycles
Up to 40% Off
Microphones
Up to 70% off
Coffee Powder
Upto 80% Off
Tag Name: div, Text: Top Selling Stationery
From ₹49
Electric Cycle
Up to 40% Off
Food Spreads
Upto 75% Off
Best of Action Toys
Up to 70% Off
Non-Geared Cycles
Up to 40% Off
Microphones
Up to 70% off
Coffee Powder
Upto 80% Off
Tag Name: div, Text: Top Selling Stationery
From ₹49
Tag Name: div, Text: Top Selling Stationery
From ₹49
Tag Name: div, Text: Top Selling Stationery
From ₹49
Tag Name: div, Text: Top Selling Stationery
From ₹49
Tag Name: a, Text: Top Selling Stationery
From ₹49
Tag Name: div, Text: Top Selling Stationery
From ₹49
Tag Name: div, Text: Top Selling Stationery
From ₹49
Tag Name: div, Text: 
Tag Name: picture, Text: 
Tag Name: source, Text: 
Tag Name: source, Text: 
Tag Name: img, Text: 
Tag Name: img, Text: 
Tag Name: div, Text: Top Selling Stationery
From ₹49
Tag Name: div, Text: Top Selling Stationery
Tag Name: div, Text: From ₹49
Tag Name: svg, Text: 
Tag Name: path, Text: 
Tag Name: div, Text: Electric Cycle
Up to 40% Off
Tag Name: div, Text: Electric Cycle
Up to 40% Off
Tag Name: div, Text: Electric Cycle
Up to 40% Off
Tag Name: div, Text: Electric Cycle
Up to 40% Off
Tag Name: a, Text: Electric Cycle
Up to 40% Off
Tag Name: div, Text: Electric Cycle
Up to 40% Off
Tag Name: div, Text: Electric Cycle
Up to 40% Off
Tag Name: div, Text: 
Tag Name: picture, Text: 
Tag Name: source, Text: 
Tag Name: source, Text: 
Tag Name: img, Text: 
Tag Name: img, Text: 
Tag Name: div, Text: Electric Cycle
Up to 40% Off
Tag Name: div, Text: Electric Cycle
Tag Name: div, Text: Up to 40% Off
Tag Name: svg, Text: 
Tag Name: path, Text: 
Tag Name: div, Text: Food Spreads
Upto 75% Off
Tag Name: div, Text: Food Spreads
Upto 75% Off
Tag Name: div, Text: Food Spreads
Upto 75% Off
Tag Name: div, Text: Food Spreads
Upto 75% Off
Tag Name: a, Text: Food Spreads
Upto 75% Off
Tag Name: div, Text: Food Spreads
Upto 75% Off
Tag Name: div, Text: Food Spreads
Upto 75% Off
Tag Name: div, Text: 
Tag Name: picture, Text: 
Tag Name: source, Text: 
Tag Name: source, Text: 
Tag Name: img, Text: 
Tag Name: img, Text: 
Tag Name: div, Text: Food Spreads
Upto 75% Off
Tag Name: div, Text: Food Spreads
Tag Name: div, Text: Upto 75% Off
Tag Name: svg, Text: 
Tag Name: path, Text: 
Tag Name: div, Text: Best of Action Toys
Up to 70% Off
Tag Name: div, Text: Best of Action Toys
Up to 70% Off
Tag Name: div, Text: Best of Action Toys
Up to 70% Off
Tag Name: div, Text: Best of Action Toys
Up to 70% Off
Tag Name: a, Text: Best of Action Toys
Up to 70% Off
Tag Name: div, Text: Best of Action Toys
Up to 70% Off
Tag Name: div, Text: Best of Action Toys
Up to 70% Off
Tag Name: div, Text: 
Tag Name: picture, Text: 
Tag Name: source, Text: 
Tag Name: source, Text: 
Tag Name: img, Text: 
Tag Name: img, Text: 
Tag Name: div, Text: Best of Action Toys
Up to 70% Off
Tag Name: div, Text: Best of Action Toys
Tag Name: div, Text: Up to 70% Off
Tag Name: svg, Text: 
Tag Name: path, Text: 
Tag Name: div, Text: Non-Geared Cycles
Up to 40% Off
Tag Name: div, Text: Non-Geared Cycles
Up to 40% Off
Tag Name: div, Text: Non-Geared Cycles
Up to 40% Off
Tag Name: div, Text: Non-Geared Cycles
Up to 40% Off
Tag Name: a, Text: Non-Geared Cycles
Up to 40% Off
Tag Name: div, Text: Non-Geared Cycles
Up to 40% Off
Tag Name: div, Text: Non-Geared Cycles
Up to 40% Off
Tag Name: div, Text: 
Tag Name: picture, Text: 
Tag Name: source, Text: 
Tag Name: source, Text: 
Tag Name: img, Text: 
Tag Name: img, Text: 
Tag Name: div, Text: Non-Geared Cycles
Up to 40% Off
Tag Name: div, Text: Non-Geared Cycles
Tag Name: div, Text: Up to 40% Off
Tag Name: svg, Text: 
Tag Name: path, Text: 
Tag Name: div, Text: Microphones
Up to 70% off
Tag Name: div, Text: Microphones
Up to 70% off
Tag Name: div, Text: Microphones
Up to 70% off
Tag Name: div, Text: Microphones
Up to 70% off
Tag Name: a, Text: Microphones
Up to 70% off
Tag Name: div, Text: Microphones
Up to 70% off
Tag Name: div, Text: Microphones
Up to 70% off
Tag Name: div, Text: 
Tag Name: picture, Text: 
Tag Name: source, Text: 
Tag Name: source, Text: 
Tag Name: img, Text: 
Tag Name: img, Text: 
Tag Name: div, Text: Microphones
Up to 70% off
Tag Name: div, Text: Microphones
Tag Name: div, Text: Up to 70% off
Tag Name: svg, Text: 
Tag Name: path, Text: 
Tag Name: div, Text: Coffee Powder
Upto 80% Off
Tag Name: div, Text: Coffee Powder
Upto 80% Off
Tag Name: div, Text: Coffee Powder
Upto 80% Off
Tag Name: div, Text: Coffee Powder
Upto 80% Off
Tag Name: a, Text: Coffee Powder
Upto 80% Off
Tag Name: div, Text: Coffee Powder
Upto 80% Off
Tag Name: div, Text: Coffee Powder
Upto 80% Off
Tag Name: div, Text: 
Tag Name: picture, Text: 
Tag Name: source, Text: 
Tag Name: source, Text: 
Tag Name: img, Text: 
Tag Name: img, Text: 
Tag Name: div, Text: Coffee Powder
Upto 80% Off
Tag Name: div, Text: Coffee Powder
Tag Name: div, Text: Upto 80% Off
Tag Name: svg, Text: 
Tag Name: path, Text: 
Tag Name: div, Text: 
Tag Name: div, Text: 
Tag Name: div, Text: 
Tag Name: div, Text: 
Tag Name: a, Text: 
Tag Name: div, Text: 
Tag Name: div, Text: 
Tag Name: div, Text: 
Tag Name: picture, Text: 
Tag Name: source, Text: 
Tag Name: source, Text: 
Tag Name: img, Text: 
Tag Name: img, Text: 
Tag Name: div, Text: 
Tag Name: div, Text: 
Tag Name: div, Text: 
Tag Name: svg, Text: 
Tag Name: path, Text: 
Tag Name: button, Text: 
Tag Name: span, Text: 
Tag Name: div, Text: Most Shopped on FK
Men's T-shirts
Special offer
Laptop Bags
Min. 70% Off
Women's Ethnic Sets
Min. 50% Off
Suitcases
Min. 70% Off
Tag Name: div, Text: Most Shopped on FK
Men's T-shirts
Special offer
Laptop Bags
Min. 70% Off
Women's Ethnic Sets
Min. 50% Off
Suitcases
Min. 70% Off
Tag Name: div, Text: Most Shopped on FK
Men's T-shirts
Special offer
Laptop Bags
Min. 70% Off
Women's Ethnic Sets
Min. 50% Off
Suitcases
Min. 70% Off
Tag Name: div, Text: Most Shopped on FK
Men's T-shirts
Special offer
Laptop Bags
Min. 70% Off
Women's Ethnic Sets
Min. 50% Off
Suitcases
Min. 70% Off
Tag Name: div, Text: Most Shopped on FK
Men's T-shirts
Special offer
Laptop Bags
Min. 70% Off
Women's Ethnic Sets
Min. 50% Off
Suitcases
Min. 70% Off
Tag Name: div, Text: Most Shopped on FK
Men's T-shirts
Special offer
Laptop Bags
Min. 70% Off
Women's Ethnic Sets
Min. 50% Off
Suitcases
Min. 70% Off
Tag Name: div, Text: Most Shopped on FK
Men's T-shirts
Special offer
Laptop Bags
Min. 70% Off
Women's Ethnic Sets
Min. 50% Off
Suitcases
Min. 70% Off
Tag Name: a, Text: Most Shopped on FK
Tag Name: div, Text: Most Shopped on FK
Tag Name: div, Text: Most Shopped on FK
Tag Name: div, Text: Most Shopped on FK
Tag Name: div, Text: 
Tag Name: div, Text: 
Tag Name: svg, Text: 
Tag Name: path, Text: 
Tag Name: div, Text: Men's T-shirts
Special offer
Laptop Bags
Min. 70% Off
Women's Ethnic Sets
Min. 50% Off
Suitcases
Min. 70% Off
Tag Name: div, Text: Men's T-shirts
Special offer
Laptop Bags
Min. 70% Off
Women's Ethnic Sets
Min. 50% Off
Suitcases
Min. 70% Off
Tag Name: div, Text: Men's T-shirts
Special offer
Tag Name: div, Text: Men's T-shirts
Special offer
Tag Name: div, Text: Men's T-shirts
Special offer
Tag Name: div, Text: Men's T-shirts
Special offer
Tag Name: a, Text: Men's T-shirts
Special offer
Tag Name: div, Text: Men's T-shirts
Special offer
Tag Name: div, Text: 
Tag Name: div, Text: 
Tag Name: picture, Text: 
Tag Name: source, Text: 
Tag Name: source, Text: 
Tag Name: img, Text: 
Tag Name: img, Text: 
Tag Name: div, Text: Men's T-shirts
Special offer
Tag Name: div, Text: Men's T-shirts
Tag Name: div, Text: Special offer
Tag Name: div, Text: Special offer
Tag Name: div, Text: Laptop Bags
Min. 70% Off
Tag Name: div, Text: Laptop Bags
Min. 70% Off
Tag Name: div, Text: Laptop Bags
Min. 70% Off
Tag Name: div, Text: Laptop Bags
Min. 70% Off
Tag Name: a, Text: Laptop Bags
Min. 70% Off
Tag Name: div, Text: Laptop Bags
Min. 70% Off
Tag Name: div, Text: 
Tag Name: div, Text: 
Tag Name: picture, Text: 
Tag Name: source, Text: 
Tag Name: source, Text: 
Tag Name: img, Text: 
Tag Name: img, Text: 
Tag Name: div, Text: Laptop Bags
Min. 70% Off
Tag Name: div, Text: Laptop Bags
Tag Name: div, Text: Min. 70% Off
Tag Name: div, Text: Min. 70% Off
Tag Name: div, Text: Women's Ethnic Sets
Min. 50% Off
Tag Name: div, Text: Women's Ethnic Sets
Min. 50% Off
Tag Name: div, Text: Women's Ethnic Sets
Min. 50% Off
Tag Name: div, Text: Women's Ethnic Sets
Min. 50% Off
Tag Name: a, Text: Women's Ethnic Sets
Min. 50% Off
Tag Name: div, Text: Women's Ethnic Sets
Min. 50% Off
Tag Name: div, Text: 
Tag Name: div, Text: 
Tag Name: picture, Text: 
Tag Name: source, Text: 
Tag Name: source, Text: 
Tag Name: img, Text: 
Tag Name: img, Text: 
Tag Name: div, Text: Women's Ethnic Sets
Min. 50% Off
Tag Name: div, Text: Women's Ethnic Sets
Tag Name: div, Text: Min. 50% Off
Tag Name: div, Text: Min. 50% Off
Tag Name: div, Text: Suitcases
Min. 70% Off
Tag Name: div, Text: Suitcases
Min. 70% Off
Tag Name: div, Text: Suitcases
Min. 70% Off
Tag Name: div, Text: Suitcases
Min. 70% Off
Tag Name: a, Text: Suitcases
Min. 70% Off
Tag Name: div, Text: Suitcases
Min. 70% Off
Tag Name: div, Text: 
Tag Name: div, Text: 
Tag Name: picture, Text: 
Tag Name: source, Text: 
Tag Name: source, Text: 
Tag Name: img, Text: 
Tag Name: img, Text: 
Tag Name: div, Text: Suitcases
Min. 70% Off
Tag Name: div, Text: Suitcases
Tag Name: div, Text: Min. 70% Off
Tag Name: div, Text: Min. 70% Off
Tag Name: div, Text: 
Tag Name: div, Text: 
Tag Name: div, Text: 
Tag Name: div, Text: 
Tag Name: div, Text: 
Tag Name: div, Text: 
Tag Name: div, Text: 
Tag Name: div, Text: 
Tag Name: div, Text: 
Tag Name: div, Text: 
Tag Name: div, Text: 
Tag Name: div, Text: 
Tag Name: div, Text: 
Tag Name: div, Text: 
Tag Name: div, Text: 
Tag Name: picture, Text: 
Tag Name: source, Text: 
Tag Name: source, Text: 
Tag Name: img, Text: 
Tag Name: img, Text: 
Tag Name: div, Text: 
Tag Name: div, Text: Hang on, loading content
Top Stories :Brand Directory
MOST SEARCHED FOR ON FLIPKART:iPhone 15iPhone 15 PlusiPhone 15 ProiPhone 15 Pro MaxVivo x 100Spoyl StoreSAMSUNG Flip5SAMSUNG Fold5Flipkart Axis Bank Super Elite Credit card5G Mobile PhonesPrimebook LaptopsMoto Edge 40Grievance RedressalOPPO Reno7 Pro 5GiPhone 13Help CentreTrack OrdersManage OrdersReturn OrdersGift Cards StoreFlipkart Axis Bank Credit CardPay Later
MOBILESRedmi 12 5GRealme 12+ 5GMotorola G84Realme C53Infinix Smart 8Samsung Galaxy S23 5GSamsung Galaxy S21 FE 5G Qualcommvivo V30Samsung Galaxy S24 5GSamsung Galaxy S24+ 5GiPhone 12 64GBiPhone 12 Pro 512GBiPhone 12 128GBVivo Y15SAMSUNG Galaxy S21 FE 5GInfinix HOT 30iRealme 10 Pro 5GMOTOROLA G62 5GNothing PhoneREDMI Note 12 Pro 5GInfinix SMART 7Vivo Y12Oppo A12Motorola 5g PhoneRealme 5g SmartphoneApple 5g PhoneIqoo 5g PhonesOneplus 5g PhonesVivo 5g PhonesOppo 5g Smart PhonesOppo F15Oppo A31Samsung A71Samsung A51Samsung A31iPhone 11iPhone 11 Pro4G MobileNokia MobileSamsung MobileiphoneOppo MobileVivo Mobile
CAMERAGoPro Action CameraNikon CameraCanon CameraSony CameraCanon DSLRNikon DSLR
LAPTOPSAsus ROG AllyMacBook Pro M2Premium LaptopASUS ROG Strix SCAR 16 (2023) Core i9 13th GenASUS ROG Zephyrus M16 (2023) Core i9 13th GenASUS Zenbook 14 OLED (2022)Realme Book Prime Core i5 11th GenMicrosoft Surface Go Pentium 128GBApple LaptopsAcer LaptopsLenovo LaptopsDell LaptopsAsus LaptopsHP LaptopsGaming Laptops2 in 1 LaptopsLaptopsDell latest laptops 2022HP latest laptops 2022Infinix INBook Y1 PlusSAMSUNG Galaxy Book312th Gen Intel Core Laptops
TVSNokia TVPanasonic TVThomson TVMi X ProRealme TVMotorola TVOnePlus TVsLG TVTVSony TVSamsung TVAndroid TelevisionIffalcon TvMi TV
LARGE APPLIANCES:TelevisionWashing MachinesRefrigeratorsAir ConditionersElectric CookersElectric Jug(Heater) / Travel KettlesInduction CooktopsInverters / stabilizerIrons / Iron BoxMixer Grinder JuicerWet GrindersChimneysMicrowave OvensVacuum CleanersWater PurifierFan
CLOTHINGGreen bridal lehengaTopsShoesSunglassesBridal BlouseHalf saree blouse designsDesigner blousesBlouse designsShirtsCotton saree blouse designsTshirtsJeansSareesDressesOne piecesGroom wedding sherwaniDesigner Salwar SuitsBraCotton simple blouse designsBanarasi saree blouse designsStylish blouse astin designTrack PantBlouse neck designsKurtasParty DressesPalazzo SuitsAnarkaliGownsCut out dressSalwar SuitsKurtisDesigner SareesLeggingsShortsGeorgette SareesEthnic Wearuppada pattu sareesBlouse back designJodhpur pants
FOOTWEAR:Adidas ShoesReebok ShoesNike ShoesPuma ShoesBootsBata ShoesWoodland ShoesSkechers ShoesSneakersWomens BootsSports ShoesLoafersSandalsLotto Sports ShoesCasual ShoesWomens Skechers ShoesAsics Sports ShoesFormal ShoesSchool Shoes
GROCERIESPhonePe Grocery VoucherHand WashSoapCashew NutsSunflower OilEggsToilet CleanerHarpic Toilet CleanerDettol SoapMustard OilBiscuitsCheesePatanjali AttaFortune OilAashirvaad AttaTea
BEST SELLING ON FLIPKARTHeadphonesBest Gas GeyserKitchen GeyserNutri BlendersPortable Air CoolerBest Air CoolerBagsHitachi Refrigerator 3 DoorBooksToysCandlesHelmetsWall ClocksBaby FoodChocolatesCyclesCalculatorsLipsticksMaskVertiv UPSFastrack WatchesWalletsEarringsGold CoinsRealme Pad MiniHandbagsconekt SW2 SmartwatchMivi DuoPods a350Speaker Cleaner
FURNITUREFurnitureSofasBedsDining setsWardrobesMattressesTV UnitsTablesChairsShelvesBean BagsOffice ChairsComputer TableOffice TablesRed SofaWakefit BedsWhite SofaWakefit MattressGreen SofaBlack SofaBrown Sofa
BGMH:Whey ProteinHomeopathyCricketCyclesFootballsTreadmillsChristmas GiftsFitness AccessoriesOnline GuitarBooks StoreMusical Instrument StoreDabur ChyawanprashBaidyanath ChyawanprashEnergy DrinksToysMilk Drink MixesRakhiChyawanprashIndian FlagProtein Supplements
Flipkart: The One-stop Shopping Destination
E-commerce is revolutionizing the way we all shop in India. Why do you want to hop from one store to another in search of the latest phone when you can find it on the Internet in a single click? Not only mobiles. Flipkart houses everything you can possibly imagine, from trending electronics like laptops, tablets, smartphones, and mobile accessories to in-vogue fashion staples like shoes, clothing and lifestyle accessories; from modern furniture like sofa sets, dining tables, and wardrobes to appliances that make your life easy like washing machines, TVs, ACs, mixer grinder juicers and other time-saving kitchen and small appliances; from home furnishings like cushion covers, mattresses and bedsheets to toys and musical instruments, we got them all covered. You name it, and you can stay assured about finding them all here. For those of you with erratic working hours, Flipkart is your best bet. Shop in your PJs, at night or in the wee hours of the morning. This e-commerce never shuts down.

What's more, with our year-round shopping festivals and events, our prices are irresistible. We're sure you'll find yourself picking up more than what you had in mind. If you are wondering why you should shop from Flipkart when there are multiple options available to you, well, the below will answer your question.

Flipkart Plus
A world of limitless possibilities awaits you - Flipkart Plus was kickstarted as a loyalty reward programme for all its regular customers at zero subscription fee. All you need is 500 supercoins to be a part of this service. For every 100 rupees spent on Flipkart order, Plus members earns 4 supercoins & non-plus members earn 2 supercoins. Free delivery, early access during sales and shopping festivals, exchange offers and priority customer service are the top benefits to a Flipkart Plus member. In short, earn more when you shop more!

What's more, you can even use the Flipkart supercoins for a number of exciting services, like:
An annual Zomato Gold membership
An annual Hotstar Premium membership
6 months Gaana plus subscription
Rupees 550 instant discount on flights on ixigo
Check out https://www.flipkart.com/plus/all-offers for the entire list. Terms and conditions apply.

No Cost EMI
In an attempt to make high-end products accessible to all, our No Cost EMI plan enables you to shop with us under EMI, without shelling out any processing fee. Applicable on select mobiles, laptops, large and small appliances, furniture, electronics and watches, you can now shop without burning a hole in your pocket. If you've been eyeing a product for a long time, chances are it may be up for a no cost EMI. Take a look ASAP! Terms and conditions apply.

EMI on Debit Cards
Did you know debit card holders account for 79.38 crore in the country, while there are only 3.14 crore credit card holders? After enabling EMI on Credit Cards, in another attempt to make online shopping accessible to everyone, Flipkart introduces EMI on Debit Cards, empowering you to shop confidently with us without having to worry about pauses in monthly cash flow. At present, we have partnered with Axis Bank, HDFC Bank, State Bank of India and ICICI Bank for this facility. More power to all our shoppers! Terms and conditions apply.

Mobile Exchange Offers
Get an instant discount on the phone that you have been eyeing on. Exchange your old mobile for a new one after the Flipkart experts calculate the value of your old phone, provided it is in a working condition without damage to the screen. If a phone is applicable for an exchange offer, you will see the 'Buy with Exchange' option on the product description of the phone. So, be smart, always opt for an exchange wherever possible. Terms and conditions apply.

What Can You Buy From Flipkart?
Mobile Phones
From budget phones to state-of-the-art smartphones, we have a mobile for everybody out there. Whether you're looking for larger, fuller screens, power-packed batteries, blazing-fast processors, beautification apps, high-tech selfie cameras or just large internal space, we take care of all the essentials. Shop from top brands in the country like Samsung, Apple, Oppo, Xiaomi, Realme, Vivo, and Honor to name a few. Rest assured, you're buying from only the most reliable names in the market. What's more, with Flipkart's Complete Mobile Protection Plan, you will never again find the need to run around service centres. This plan entails you to a number of post-purchase solutions, starting at as low as Rupees 99 only! Broken screens, liquid damage to phone, hardware and software glitches, and replacements - the Flipkart Complete Mobile Protection covers a comprehensive range of post-purchase problems, with door-to-door services.

Electronic Devices and Accessories
When it comes to laptops, we are not far behind. Filter among dozens of super-fast operating systems, hard disk capacity, RAM, lifestyle, screen size and many other criterias for personalized results in a flash. All you students out there, confused about what laptop to get? Our Back To College Store segregates laptops purpose wise (gaming, browsing and research, project work, entertainment, design, multitasking) with recommendations from top brands and industry experts, facilitating a shopping experience that is quicker and simpler.

Photography lovers, you couldn't land at a better page than ours. Cutting-edge DSLR cameras, ever reliable point-and-shoot cameras, millennial favourite instant cameras or action cameras for adventure junkies: our range of cameras is as much for beginners as it is for professionals. Canon, Nikon, GoPro, Sony, and Fujifilm are some big names you'll find in our store. Photography lovers, you couldn't land at a better page than ours. Cutting-edge DSLR cameras, ever reliable point-and-shoot cameras, millennial favourite instant cameras or action cameras for adventure junkies: our range of cameras is as much for beginners as it is for professionals. Canon, Nikon, GoPro, Sony, and Fujifilm are some big names you'll find in our store.

Turn your home into a theatre with a stunning surround sound system. Choose from our elaborate range of Sony home theatres, JBL soundbars and Philips tower speakers for an experience to remember.

How about jazzing up your phone with our quirky designer cases and covers? Our wide-ranging mobile accessories starting from headphones, power banks, memory cards, mobile chargers, to selfie sticks can prove to be ideal travel companions for you and your phone; never again worry about running out of charge or memory on your next vacation.

Large Appliances
Sleek TVs, power-saving refrigerators, rapid-cooling ACs, resourceful washing machines - discover everything you need to run a house under one roof. Our Dependable TV and Appliance Store ensures zero transit damage, with a replacement guarantee if anything goes wrong; delivery and installation as per your convenience and a double warranty (Official Brand Warranty along with an extended Flipkart Warranty) - rest assured, value for money is what is promised and delivered. Shop from market leaders in the country like Samsung, LG, Whirlpool, Midea, Mi, Vu, Panasonic, Godrej, Sony, Daikin, and Hitachi among many others.

For certain product categories, Customers meeting the eligibility criteria will have the option to buy larger quantities. To know more on the eligibility criteria and terms and conditions, please reach out to Purchases.oni@flipkart.com.

Small Home Appliances
Find handy and practical home appliances designed to make your life simpler: electric kettles, OTGs, microwave ovens, sandwich makers, hand blenders, coffee makers, and many more other time-saving appliances that are truly crafted for a quicker lifestyle. Live life king size with these appliances at home.

Lifestyle
Flipkart, 'India ka Fashion Capital', is your one-stop fashion destination for anything and everything you need to look good. Our exhaustive range of Western and Indian wear, summer and winter clothing, formal and casual footwear, bridal and artificial jewellery, long-lasting make-up, grooming tools and accessories are sure to sweep you off your feet. Shop from crowd favourites like Vero Moda, Forever 21, Only, Arrow, Woodland, Nike, Puma, Revlon, Mac, and Sephora among dozens of other top-of-the-ladder names. From summer staple maxi dresses, no-nonsense cigarette pants, traditional Bandhani kurtis to street-smart biker jackets, you can rely on us for a wardrobe that is up to date. Explore our in-house brands like Metronaut, Anmi, and Denizen, to name a few, for carefully curated designs that are the talk of the town. Get ready to be spoiled for choice.Festivals, office get-togethers, weddings, brunches, or nightwear - Flipkart will have your back each time.

Home and Furniture
Moving to a new place is never easy, especially if you're buying new furniture. Beds, sofa sets, dining tables, wardrobes, and TV units - it's not easy to set up everything again. With the hundreds of options thrown at you, the ride could be overwhelming. What place is reliable, what furniture will stand the test of time? These are questions you must ask before you choose a store. Well, our Durability Certified Furniture Store has not only curated a range of furniture keeping in mind the modern Indian consumer but furniture that comes with a lab certification, ensuring they last you for up to 10 years. Yes, all our furniture has gone through 35 stability and load tests so that you receive only the best-quality furniture. Be FurniSure, always. Names to look out for are Nilkamal, Godrej Interio, Urban Ladder, HomeTown, Durian and Perfect Homes.

You may have your furniture all set up, but they could end up looking flat and incomplete without complementary decor. Curtains, cushion covers, bed sheets, wall shelves, paintings, floor lamps - find everything that turns a house to an inviting home under one roof at Flipkart.

Baby and Kids
Your kids deserve only the best. From bodysuits, booties, diapers to strollers, if you're an expecting mother or a new mother, you will find everything you need to set sail on a smooth parenting journey with the help of our baby care collection. When it comes to safety, hygiene and comfort, you can rely on us without a second thought. Huggies, Pampers, MamyPoko, and Johnson & Johnson: we host only the most-trusted names in the business for your baby.

Books, Sports and Games
Work hard and no play? We don't believe in that. Get access to best-selling fiction and non-fiction books by your favourite authors, thrilling English and Indian blockbusters, most-wanted gaming consoles, and a tempting range of fitness and sports gadgets and equipment bound to inspire you to get moving.

Grocery/Supermart
Launching into the grocery vertical, Flipkart introduces Supermart that is out to bring everyday essentials close to you. From pulses, spices, dairy, personal and sanitary care, breakfast essentials, health drinks, spreads, ready to cook, grooming to cleaning agents, we are happy to present everything you need to run a house. Now buy Grocery products for as low as 1 Rupee only - our 1 Rupee Store presents new products every day for a nominal price of 1 Rupee only. Terms and conditions apply.
ABOUT
Contact Us
About Us
Careers
Flipkart Stories
Press
Corporate Information
GROUP COMPANIES
Myntra
Flipkart Wholesale
Cleartrip
Shopsy
HELP
Payments
Shipping
Cancellation & Returns
FAQ
Report Infringement
CONSUMER POLICY
Cancellation & Returns
Terms Of Use
Security
Privacy
Sitemap
Grievance Redressal
EPR Compliance
Mail Us:
Flipkart Internet Private Limited,
Buildings Alyssa, Begonia &
Clove Embassy Tech Village,
Outer Ring Road, Devarabeesanahalli Village,
Bengaluru, 560103,
Karnataka, India
Social:
Registered Office Address:
Flipkart Internet Private Limited,
Buildings Alyssa, Begonia &
Clove Embassy Tech Village,
Outer Ring Road, Devarabeesanahalli Village,
Bengaluru, 560103,
Karnataka, India
CIN : U51109KA2012PTC066107
Telephone: 044-45614700
Become a Seller
Advertise
Gift Cards
Help Center
© 2007-2024 Flipkart.com
Tag Name: div, Text: Hang on, loading content
Tag Name: div, Text: Hang on, loading content
Tag Name: div, Text: Hang on, loading content
Tag Name: div, Text: 
Tag Name: div, Text: 
Tag Name: div, Text: 
Tag Name: div, Text: 
Tag Name: div, Text: 
Tag Name: div, Text: 
Tag Name: div, Text: 
Tag Name: div, Text: 
Tag Name: div, Text: 
Tag Name: div, Text: 
Tag Name: footer, Text: Top Stories :Brand Directory
MOST SEARCHED FOR ON FLIPKART:iPhone 15iPhone 15 PlusiPhone 15 ProiPhone 15 Pro MaxVivo x 100Spoyl StoreSAMSUNG Flip5SAMSUNG Fold5Flipkart Axis Bank Super Elite Credit card5G Mobile PhonesPrimebook LaptopsMoto Edge 40Grievance RedressalOPPO Reno7 Pro 5GiPhone 13Help CentreTrack OrdersManage OrdersReturn OrdersGift Cards StoreFlipkart Axis Bank Credit CardPay Later
MOBILESRedmi 12 5GRealme 12+ 5GMotorola G84Realme C53Infinix Smart 8Samsung Galaxy S23 5GSamsung Galaxy S21 FE 5G Qualcommvivo V30Samsung Galaxy S24 5GSamsung Galaxy S24+ 5GiPhone 12 64GBiPhone 12 Pro 512GBiPhone 12 128GBVivo Y15SAMSUNG Galaxy S21 FE 5GInfinix HOT 30iRealme 10 Pro 5GMOTOROLA G62 5GNothing PhoneREDMI Note 12 Pro 5GInfinix SMART 7Vivo Y12Oppo A12Motorola 5g PhoneRealme 5g SmartphoneApple 5g PhoneIqoo 5g PhonesOneplus 5g PhonesVivo 5g PhonesOppo 5g Smart PhonesOppo F15Oppo A31Samsung A71Samsung A51Samsung A31iPhone 11iPhone 11 Pro4G MobileNokia MobileSamsung MobileiphoneOppo MobileVivo Mobile
CAMERAGoPro Action CameraNikon CameraCanon CameraSony CameraCanon DSLRNikon DSLR
LAPTOPSAsus ROG AllyMacBook Pro M2Premium LaptopASUS ROG Strix SCAR 16 (2023) Core i9 13th GenASUS ROG Zephyrus M16 (2023) Core i9 13th GenASUS Zenbook 14 OLED (2022)Realme Book Prime Core i5 11th GenMicrosoft Surface Go Pentium 128GBApple LaptopsAcer LaptopsLenovo LaptopsDell LaptopsAsus LaptopsHP LaptopsGaming Laptops2 in 1 LaptopsLaptopsDell latest laptops 2022HP latest laptops 2022Infinix INBook Y1 PlusSAMSUNG Galaxy Book312th Gen Intel Core Laptops
TVSNokia TVPanasonic TVThomson TVMi X ProRealme TVMotorola TVOnePlus TVsLG TVTVSony TVSamsung TVAndroid TelevisionIffalcon TvMi TV
LARGE APPLIANCES:TelevisionWashing MachinesRefrigeratorsAir ConditionersElectric CookersElectric Jug(Heater) / Travel KettlesInduction CooktopsInverters / stabilizerIrons / Iron BoxMixer Grinder JuicerWet GrindersChimneysMicrowave OvensVacuum CleanersWater PurifierFan
CLOTHINGGreen bridal lehengaTopsShoesSunglassesBridal BlouseHalf saree blouse designsDesigner blousesBlouse designsShirtsCotton saree blouse designsTshirtsJeansSareesDressesOne piecesGroom wedding sherwaniDesigner Salwar SuitsBraCotton simple blouse designsBanarasi saree blouse designsStylish blouse astin designTrack PantBlouse neck designsKurtasParty DressesPalazzo SuitsAnarkaliGownsCut out dressSalwar SuitsKurtisDesigner SareesLeggingsShortsGeorgette SareesEthnic Wearuppada pattu sareesBlouse back designJodhpur pants
FOOTWEAR:Adidas ShoesReebok ShoesNike ShoesPuma ShoesBootsBata ShoesWoodland ShoesSkechers ShoesSneakersWomens BootsSports ShoesLoafersSandalsLotto Sports ShoesCasual ShoesWomens Skechers ShoesAsics Sports ShoesFormal ShoesSchool Shoes
GROCERIESPhonePe Grocery VoucherHand WashSoapCashew NutsSunflower OilEggsToilet CleanerHarpic Toilet CleanerDettol SoapMustard OilBiscuitsCheesePatanjali AttaFortune OilAashirvaad AttaTea
BEST SELLING ON FLIPKARTHeadphonesBest Gas GeyserKitchen GeyserNutri BlendersPortable Air CoolerBest Air CoolerBagsHitachi Refrigerator 3 DoorBooksToysCandlesHelmetsWall ClocksBaby FoodChocolatesCyclesCalculatorsLipsticksMaskVertiv UPSFastrack WatchesWalletsEarringsGold CoinsRealme Pad MiniHandbagsconekt SW2 SmartwatchMivi DuoPods a350Speaker Cleaner
FURNITUREFurnitureSofasBedsDining setsWardrobesMattressesTV UnitsTablesChairsShelvesBean BagsOffice ChairsComputer TableOffice TablesRed SofaWakefit BedsWhite SofaWakefit MattressGreen SofaBlack SofaBrown Sofa
BGMH:Whey ProteinHomeopathyCricketCyclesFootballsTreadmillsChristmas GiftsFitness AccessoriesOnline GuitarBooks StoreMusical Instrument StoreDabur ChyawanprashBaidyanath ChyawanprashEnergy DrinksToysMilk Drink MixesRakhiChyawanprashIndian FlagProtein Supplements
Flipkart: The One-stop Shopping Destination
E-commerce is revolutionizing the way we all shop in India. Why do you want to hop from one store to another in search of the latest phone when you can find it on the Internet in a single click? Not only mobiles. Flipkart houses everything you can possibly imagine, from trending electronics like laptops, tablets, smartphones, and mobile accessories to in-vogue fashion staples like shoes, clothing and lifestyle accessories; from modern furniture like sofa sets, dining tables, and wardrobes to appliances that make your life easy like washing machines, TVs, ACs, mixer grinder juicers and other time-saving kitchen and small appliances; from home furnishings like cushion covers, mattresses and bedsheets to toys and musical instruments, we got them all covered. You name it, and you can stay assured about finding them all here. For those of you with erratic working hours, Flipkart is your best bet. Shop in your PJs, at night or in the wee hours of the morning. This e-commerce never shuts down.

What's more, with our year-round shopping festivals and events, our prices are irresistible. We're sure you'll find yourself picking up more than what you had in mind. If you are wondering why you should shop from Flipkart when there are multiple options available to you, well, the below will answer your question.

Flipkart Plus
A world of limitless possibilities awaits you - Flipkart Plus was kickstarted as a loyalty reward programme for all its regular customers at zero subscription fee. All you need is 500 supercoins to be a part of this service. For every 100 rupees spent on Flipkart order, Plus members earns 4 supercoins & non-plus members earn 2 supercoins. Free delivery, early access during sales and shopping festivals, exchange offers and priority customer service are the top benefits to a Flipkart Plus member. In short, earn more when you shop more!

What's more, you can even use the Flipkart supercoins for a number of exciting services, like:
An annual Zomato Gold membership
An annual Hotstar Premium membership
6 months Gaana plus subscription
Rupees 550 instant discount on flights on ixigo
Check out https://www.flipkart.com/plus/all-offers for the entire list. Terms and conditions apply.

No Cost EMI
In an attempt to make high-end products accessible to all, our No Cost EMI plan enables you to shop with us under EMI, without shelling out any processing fee. Applicable on select mobiles, laptops, large and small appliances, furniture, electronics and watches, you can now shop without burning a hole in your pocket. If you've been eyeing a product for a long time, chances are it may be up for a no cost EMI. Take a look ASAP! Terms and conditions apply.

EMI on Debit Cards
Did you know debit card holders account for 79.38 crore in the country, while there are only 3.14 crore credit card holders? After enabling EMI on Credit Cards, in another attempt to make online shopping accessible to everyone, Flipkart introduces EMI on Debit Cards, empowering you to shop confidently with us without having to worry about pauses in monthly cash flow. At present, we have partnered with Axis Bank, HDFC Bank, State Bank of India and ICICI Bank for this facility. More power to all our shoppers! Terms and conditions apply.

Mobile Exchange Offers
Get an instant discount on the phone that you have been eyeing on. Exchange your old mobile for a new one after the Flipkart experts calculate the value of your old phone, provided it is in a working condition without damage to the screen. If a phone is applicable for an exchange offer, you will see the 'Buy with Exchange' option on the product description of the phone. So, be smart, always opt for an exchange wherever possible. Terms and conditions apply.

What Can You Buy From Flipkart?
Mobile Phones
From budget phones to state-of-the-art smartphones, we have a mobile for everybody out there. Whether you're looking for larger, fuller screens, power-packed batteries, blazing-fast processors, beautification apps, high-tech selfie cameras or just large internal space, we take care of all the essentials. Shop from top brands in the country like Samsung, Apple, Oppo, Xiaomi, Realme, Vivo, and Honor to name a few. Rest assured, you're buying from only the most reliable names in the market. What's more, with Flipkart's Complete Mobile Protection Plan, you will never again find the need to run around service centres. This plan entails you to a number of post-purchase solutions, starting at as low as Rupees 99 only! Broken screens, liquid damage to phone, hardware and software glitches, and replacements - the Flipkart Complete Mobile Protection covers a comprehensive range of post-purchase problems, with door-to-door services.

Electronic Devices and Accessories
When it comes to laptops, we are not far behind. Filter among dozens of super-fast operating systems, hard disk capacity, RAM, lifestyle, screen size and many other criterias for personalized results in a flash. All you students out there, confused about what laptop to get? Our Back To College Store segregates laptops purpose wise (gaming, browsing and research, project work, entertainment, design, multitasking) with recommendations from top brands and industry experts, facilitating a shopping experience that is quicker and simpler.

Photography lovers, you couldn't land at a better page than ours. Cutting-edge DSLR cameras, ever reliable point-and-shoot cameras, millennial favourite instant cameras or action cameras for adventure junkies: our range of cameras is as much for beginners as it is for professionals. Canon, Nikon, GoPro, Sony, and Fujifilm are some big names you'll find in our store. Photography lovers, you couldn't land at a better page than ours. Cutting-edge DSLR cameras, ever reliable point-and-shoot cameras, millennial favourite instant cameras or action cameras for adventure junkies: our range of cameras is as much for beginners as it is for professionals. Canon, Nikon, GoPro, Sony, and Fujifilm are some big names you'll find in our store.

Turn your home into a theatre with a stunning surround sound system. Choose from our elaborate range of Sony home theatres, JBL soundbars and Philips tower speakers for an experience to remember.

How about jazzing up your phone with our quirky designer cases and covers? Our wide-ranging mobile accessories starting from headphones, power banks, memory cards, mobile chargers, to selfie sticks can prove to be ideal travel companions for you and your phone; never again worry about running out of charge or memory on your next vacation.

Large Appliances
Sleek TVs, power-saving refrigerators, rapid-cooling ACs, resourceful washing machines - discover everything you need to run a house under one roof. Our Dependable TV and Appliance Store ensures zero transit damage, with a replacement guarantee if anything goes wrong; delivery and installation as per your convenience and a double warranty (Official Brand Warranty along with an extended Flipkart Warranty) - rest assured, value for money is what is promised and delivered. Shop from market leaders in the country like Samsung, LG, Whirlpool, Midea, Mi, Vu, Panasonic, Godrej, Sony, Daikin, and Hitachi among many others.

For certain product categories, Customers meeting the eligibility criteria will have the option to buy larger quantities. To know more on the eligibility criteria and terms and conditions, please reach out to Purchases.oni@flipkart.com.

Small Home Appliances
Find handy and practical home appliances designed to make your life simpler: electric kettles, OTGs, microwave ovens, sandwich makers, hand blenders, coffee makers, and many more other time-saving appliances that are truly crafted for a quicker lifestyle. Live life king size with these appliances at home.

Lifestyle
Flipkart, 'India ka Fashion Capital', is your one-stop fashion destination for anything and everything you need to look good. Our exhaustive range of Western and Indian wear, summer and winter clothing, formal and casual footwear, bridal and artificial jewellery, long-lasting make-up, grooming tools and accessories are sure to sweep you off your feet. Shop from crowd favourites like Vero Moda, Forever 21, Only, Arrow, Woodland, Nike, Puma, Revlon, Mac, and Sephora among dozens of other top-of-the-ladder names. From summer staple maxi dresses, no-nonsense cigarette pants, traditional Bandhani kurtis to street-smart biker jackets, you can rely on us for a wardrobe that is up to date. Explore our in-house brands like Metronaut, Anmi, and Denizen, to name a few, for carefully curated designs that are the talk of the town. Get ready to be spoiled for choice.Festivals, office get-togethers, weddings, brunches, or nightwear - Flipkart will have your back each time.

Home and Furniture
Moving to a new place is never easy, especially if you're buying new furniture. Beds, sofa sets, dining tables, wardrobes, and TV units - it's not easy to set up everything again. With the hundreds of options thrown at you, the ride could be overwhelming. What place is reliable, what furniture will stand the test of time? These are questions you must ask before you choose a store. Well, our Durability Certified Furniture Store has not only curated a range of furniture keeping in mind the modern Indian consumer but furniture that comes with a lab certification, ensuring they last you for up to 10 years. Yes, all our furniture has gone through 35 stability and load tests so that you receive only the best-quality furniture. Be FurniSure, always. Names to look out for are Nilkamal, Godrej Interio, Urban Ladder, HomeTown, Durian and Perfect Homes.

You may have your furniture all set up, but they could end up looking flat and incomplete without complementary decor. Curtains, cushion covers, bed sheets, wall shelves, paintings, floor lamps - find everything that turns a house to an inviting home under one roof at Flipkart.

Baby and Kids
Your kids deserve only the best. From bodysuits, booties, diapers to strollers, if you're an expecting mother or a new mother, you will find everything you need to set sail on a smooth parenting journey with the help of our baby care collection. When it comes to safety, hygiene and comfort, you can rely on us without a second thought. Huggies, Pampers, MamyPoko, and Johnson & Johnson: we host only the most-trusted names in the business for your baby.

Books, Sports and Games
Work hard and no play? We don't believe in that. Get access to best-selling fiction and non-fiction books by your favourite authors, thrilling English and Indian blockbusters, most-wanted gaming consoles, and a tempting range of fitness and sports gadgets and equipment bound to inspire you to get moving.

Grocery/Supermart
Launching into the grocery vertical, Flipkart introduces Supermart that is out to bring everyday essentials close to you. From pulses, spices, dairy, personal and sanitary care, breakfast essentials, health drinks, spreads, ready to cook, grooming to cleaning agents, we are happy to present everything you need to run a house. Now buy Grocery products for as low as 1 Rupee only - our 1 Rupee Store presents new products every day for a nominal price of 1 Rupee only. Terms and conditions apply.
ABOUT
Contact Us
About Us
Careers
Flipkart Stories
Press
Corporate Information
GROUP COMPANIES
Myntra
Flipkart Wholesale
Cleartrip
Shopsy
HELP
Payments
Shipping
Cancellation & Returns
FAQ
Report Infringement
CONSUMER POLICY
Cancellation & Returns
Terms Of Use
Security
Privacy
Sitemap
Grievance Redressal
EPR Compliance
Mail Us:
Flipkart Internet Private Limited,
Buildings Alyssa, Begonia &
Clove Embassy Tech Village,
Outer Ring Road, Devarabeesanahalli Village,
Bengaluru, 560103,
Karnataka, India
Social:
Registered Office Address:
Flipkart Internet Private Limited,
Buildings Alyssa, Begonia &
Clove Embassy Tech Village,
Outer Ring Road, Devarabeesanahalli Village,
Bengaluru, 560103,
Karnataka, India
CIN : U51109KA2012PTC066107
Telephone: 044-45614700
Become a Seller
Advertise
Gift Cards
Help Center
© 2007-2024 Flipkart.com
Tag Name: div, Text: Top Stories :Brand Directory
MOST SEARCHED FOR ON FLIPKART:iPhone 15iPhone 15 PlusiPhone 15 ProiPhone 15 Pro MaxVivo x 100Spoyl StoreSAMSUNG Flip5SAMSUNG Fold5Flipkart Axis Bank Super Elite Credit card5G Mobile PhonesPrimebook LaptopsMoto Edge 40Grievance RedressalOPPO Reno7 Pro 5GiPhone 13Help CentreTrack OrdersManage OrdersReturn OrdersGift Cards StoreFlipkart Axis Bank Credit CardPay Later
MOBILESRedmi 12 5GRealme 12+ 5GMotorola G84Realme C53Infinix Smart 8Samsung Galaxy S23 5GSamsung Galaxy S21 FE 5G Qualcommvivo V30Samsung Galaxy S24 5GSamsung Galaxy S24+ 5GiPhone 12 64GBiPhone 12 Pro 512GBiPhone 12 128GBVivo Y15SAMSUNG Galaxy S21 FE 5GInfinix HOT 30iRealme 10 Pro 5GMOTOROLA G62 5GNothing PhoneREDMI Note 12 Pro 5GInfinix SMART 7Vivo Y12Oppo A12Motorola 5g PhoneRealme 5g SmartphoneApple 5g PhoneIqoo 5g PhonesOneplus 5g PhonesVivo 5g PhonesOppo 5g Smart PhonesOppo F15Oppo A31Samsung A71Samsung A51Samsung A31iPhone 11iPhone 11 Pro4G MobileNokia MobileSamsung MobileiphoneOppo MobileVivo Mobile
CAMERAGoPro Action CameraNikon CameraCanon CameraSony CameraCanon DSLRNikon DSLR
LAPTOPSAsus ROG AllyMacBook Pro M2Premium LaptopASUS ROG Strix SCAR 16 (2023) Core i9 13th GenASUS ROG Zephyrus M16 (2023) Core i9 13th GenASUS Zenbook 14 OLED (2022)Realme Book Prime Core i5 11th GenMicrosoft Surface Go Pentium 128GBApple LaptopsAcer LaptopsLenovo LaptopsDell LaptopsAsus LaptopsHP LaptopsGaming Laptops2 in 1 LaptopsLaptopsDell latest laptops 2022HP latest laptops 2022Infinix INBook Y1 PlusSAMSUNG Galaxy Book312th Gen Intel Core Laptops
TVSNokia TVPanasonic TVThomson TVMi X ProRealme TVMotorola TVOnePlus TVsLG TVTVSony TVSamsung TVAndroid TelevisionIffalcon TvMi TV
LARGE APPLIANCES:TelevisionWashing MachinesRefrigeratorsAir ConditionersElectric CookersElectric Jug(Heater) / Travel KettlesInduction CooktopsInverters / stabilizerIrons / Iron BoxMixer Grinder JuicerWet GrindersChimneysMicrowave OvensVacuum CleanersWater PurifierFan
CLOTHINGGreen bridal lehengaTopsShoesSunglassesBridal BlouseHalf saree blouse designsDesigner blousesBlouse designsShirtsCotton saree blouse designsTshirtsJeansSareesDressesOne piecesGroom wedding sherwaniDesigner Salwar SuitsBraCotton simple blouse designsBanarasi saree blouse designsStylish blouse astin designTrack PantBlouse neck designsKurtasParty DressesPalazzo SuitsAnarkaliGownsCut out dressSalwar SuitsKurtisDesigner SareesLeggingsShortsGeorgette SareesEthnic Wearuppada pattu sareesBlouse back designJodhpur pants
FOOTWEAR:Adidas ShoesReebok ShoesNike ShoesPuma ShoesBootsBata ShoesWoodland ShoesSkechers ShoesSneakersWomens BootsSports ShoesLoafersSandalsLotto Sports ShoesCasual ShoesWomens Skechers ShoesAsics Sports ShoesFormal ShoesSchool Shoes
GROCERIESPhonePe Grocery VoucherHand WashSoapCashew NutsSunflower OilEggsToilet CleanerHarpic Toilet CleanerDettol SoapMustard OilBiscuitsCheesePatanjali AttaFortune OilAashirvaad AttaTea
BEST SELLING ON FLIPKARTHeadphonesBest Gas GeyserKitchen GeyserNutri BlendersPortable Air CoolerBest Air CoolerBagsHitachi Refrigerator 3 DoorBooksToysCandlesHelmetsWall ClocksBaby FoodChocolatesCyclesCalculatorsLipsticksMaskVertiv UPSFastrack WatchesWalletsEarringsGold CoinsRealme Pad MiniHandbagsconekt SW2 SmartwatchMivi DuoPods a350Speaker Cleaner
FURNITUREFurnitureSofasBedsDining setsWardrobesMattressesTV UnitsTablesChairsShelvesBean BagsOffice ChairsComputer TableOffice TablesRed SofaWakefit BedsWhite SofaWakefit MattressGreen SofaBlack SofaBrown Sofa
BGMH:Whey ProteinHomeopathyCricketCyclesFootballsTreadmillsChristmas GiftsFitness AccessoriesOnline GuitarBooks StoreMusical Instrument StoreDabur ChyawanprashBaidyanath ChyawanprashEnergy DrinksToysMilk Drink MixesRakhiChyawanprashIndian FlagProtein Supplements
Flipkart: The One-stop Shopping Destination
E-commerce is revolutionizing the way we all shop in India. Why do you want to hop from one store to another in search of the latest phone when you can find it on the Internet in a single click? Not only mobiles. Flipkart houses everything you can possibly imagine, from trending electronics like laptops, tablets, smartphones, and mobile accessories to in-vogue fashion staples like shoes, clothing and lifestyle accessories; from modern furniture like sofa sets, dining tables, and wardrobes to appliances that make your life easy like washing machines, TVs, ACs, mixer grinder juicers and other time-saving kitchen and small appliances; from home furnishings like cushion covers, mattresses and bedsheets to toys and musical instruments, we got them all covered. You name it, and you can stay assured about finding them all here. For those of you with erratic working hours, Flipkart is your best bet. Shop in your PJs, at night or in the wee hours of the morning. This e-commerce never shuts down.

What's more, with our year-round shopping festivals and events, our prices are irresistible. We're sure you'll find yourself picking up more than what you had in mind. If you are wondering why you should shop from Flipkart when there are multiple options available to you, well, the below will answer your question.

Flipkart Plus
A world of limitless possibilities awaits you - Flipkart Plus was kickstarted as a loyalty reward programme for all its regular customers at zero subscription fee. All you need is 500 supercoins to be a part of this service. For every 100 rupees spent on Flipkart order, Plus members earns 4 supercoins & non-plus members earn 2 supercoins. Free delivery, early access during sales and shopping festivals, exchange offers and priority customer service are the top benefits to a Flipkart Plus member. In short, earn more when you shop more!

What's more, you can even use the Flipkart supercoins for a number of exciting services, like:
An annual Zomato Gold membership
An annual Hotstar Premium membership
6 months Gaana plus subscription
Rupees 550 instant discount on flights on ixigo
Check out https://www.flipkart.com/plus/all-offers for the entire list. Terms and conditions apply.

No Cost EMI
In an attempt to make high-end products accessible to all, our No Cost EMI plan enables you to shop with us under EMI, without shelling out any processing fee. Applicable on select mobiles, laptops, large and small appliances, furniture, electronics and watches, you can now shop without burning a hole in your pocket. If you've been eyeing a product for a long time, chances are it may be up for a no cost EMI. Take a look ASAP! Terms and conditions apply.

EMI on Debit Cards
Did you know debit card holders account for 79.38 crore in the country, while there are only 3.14 crore credit card holders? After enabling EMI on Credit Cards, in another attempt to make online shopping accessible to everyone, Flipkart introduces EMI on Debit Cards, empowering you to shop confidently with us without having to worry about pauses in monthly cash flow. At present, we have partnered with Axis Bank, HDFC Bank, State Bank of India and ICICI Bank for this facility. More power to all our shoppers! Terms and conditions apply.

Mobile Exchange Offers
Get an instant discount on the phone that you have been eyeing on. Exchange your old mobile for a new one after the Flipkart experts calculate the value of your old phone, provided it is in a working condition without damage to the screen. If a phone is applicable for an exchange offer, you will see the 'Buy with Exchange' option on the product description of the phone. So, be smart, always opt for an exchange wherever possible. Terms and conditions apply.

What Can You Buy From Flipkart?
Mobile Phones
From budget phones to state-of-the-art smartphones, we have a mobile for everybody out there. Whether you're looking for larger, fuller screens, power-packed batteries, blazing-fast processors, beautification apps, high-tech selfie cameras or just large internal space, we take care of all the essentials. Shop from top brands in the country like Samsung, Apple, Oppo, Xiaomi, Realme, Vivo, and Honor to name a few. Rest assured, you're buying from only the most reliable names in the market. What's more, with Flipkart's Complete Mobile Protection Plan, you will never again find the need to run around service centres. This plan entails you to a number of post-purchase solutions, starting at as low as Rupees 99 only! Broken screens, liquid damage to phone, hardware and software glitches, and replacements - the Flipkart Complete Mobile Protection covers a comprehensive range of post-purchase problems, with door-to-door services.

Electronic Devices and Accessories
When it comes to laptops, we are not far behind. Filter among dozens of super-fast operating systems, hard disk capacity, RAM, lifestyle, screen size and many other criterias for personalized results in a flash. All you students out there, confused about what laptop to get? Our Back To College Store segregates laptops purpose wise (gaming, browsing and research, project work, entertainment, design, multitasking) with recommendations from top brands and industry experts, facilitating a shopping experience that is quicker and simpler.

Photography lovers, you couldn't land at a better page than ours. Cutting-edge DSLR cameras, ever reliable point-and-shoot cameras, millennial favourite instant cameras or action cameras for adventure junkies: our range of cameras is as much for beginners as it is for professionals. Canon, Nikon, GoPro, Sony, and Fujifilm are some big names you'll find in our store. Photography lovers, you couldn't land at a better page than ours. Cutting-edge DSLR cameras, ever reliable point-and-shoot cameras, millennial favourite instant cameras or action cameras for adventure junkies: our range of cameras is as much for beginners as it is for professionals. Canon, Nikon, GoPro, Sony, and Fujifilm are some big names you'll find in our store.

Turn your home into a theatre with a stunning surround sound system. Choose from our elaborate range of Sony home theatres, JBL soundbars and Philips tower speakers for an experience to remember.

How about jazzing up your phone with our quirky designer cases and covers? Our wide-ranging mobile accessories starting from headphones, power banks, memory cards, mobile chargers, to selfie sticks can prove to be ideal travel companions for you and your phone; never again worry about running out of charge or memory on your next vacation.

Large Appliances
Sleek TVs, power-saving refrigerators, rapid-cooling ACs, resourceful washing machines - discover everything you need to run a house under one roof. Our Dependable TV and Appliance Store ensures zero transit damage, with a replacement guarantee if anything goes wrong; delivery and installation as per your convenience and a double warranty (Official Brand Warranty along with an extended Flipkart Warranty) - rest assured, value for money is what is promised and delivered. Shop from market leaders in the country like Samsung, LG, Whirlpool, Midea, Mi, Vu, Panasonic, Godrej, Sony, Daikin, and Hitachi among many others.

For certain product categories, Customers meeting the eligibility criteria will have the option to buy larger quantities. To know more on the eligibility criteria and terms and conditions, please reach out to Purchases.oni@flipkart.com.

Small Home Appliances
Find handy and practical home appliances designed to make your life simpler: electric kettles, OTGs, microwave ovens, sandwich makers, hand blenders, coffee makers, and many more other time-saving appliances that are truly crafted for a quicker lifestyle. Live life king size with these appliances at home.

Lifestyle
Flipkart, 'India ka Fashion Capital', is your one-stop fashion destination for anything and everything you need to look good. Our exhaustive range of Western and Indian wear, summer and winter clothing, formal and casual footwear, bridal and artificial jewellery, long-lasting make-up, grooming tools and accessories are sure to sweep you off your feet. Shop from crowd favourites like Vero Moda, Forever 21, Only, Arrow, Woodland, Nike, Puma, Revlon, Mac, and Sephora among dozens of other top-of-the-ladder names. From summer staple maxi dresses, no-nonsense cigarette pants, traditional Bandhani kurtis to street-smart biker jackets, you can rely on us for a wardrobe that is up to date. Explore our in-house brands like Metronaut, Anmi, and Denizen, to name a few, for carefully curated designs that are the talk of the town. Get ready to be spoiled for choice.Festivals, office get-togethers, weddings, brunches, or nightwear - Flipkart will have your back each time.

Home and Furniture
Moving to a new place is never easy, especially if you're buying new furniture. Beds, sofa sets, dining tables, wardrobes, and TV units - it's not easy to set up everything again. With the hundreds of options thrown at you, the ride could be overwhelming. What place is reliable, what furniture will stand the test of time? These are questions you must ask before you choose a store. Well, our Durability Certified Furniture Store has not only curated a range of furniture keeping in mind the modern Indian consumer but furniture that comes with a lab certification, ensuring they last you for up to 10 years. Yes, all our furniture has gone through 35 stability and load tests so that you receive only the best-quality furniture. Be FurniSure, always. Names to look out for are Nilkamal, Godrej Interio, Urban Ladder, HomeTown, Durian and Perfect Homes.

You may have your furniture all set up, but they could end up looking flat and incomplete without complementary decor. Curtains, cushion covers, bed sheets, wall shelves, paintings, floor lamps - find everything that turns a house to an inviting home under one roof at Flipkart.

Baby and Kids
Your kids deserve only the best. From bodysuits, booties, diapers to strollers, if you're an expecting mother or a new mother, you will find everything you need to set sail on a smooth parenting journey with the help of our baby care collection. When it comes to safety, hygiene and comfort, you can rely on us without a second thought. Huggies, Pampers, MamyPoko, and Johnson & Johnson: we host only the most-trusted names in the business for your baby.

Books, Sports and Games
Work hard and no play? We don't believe in that. Get access to best-selling fiction and non-fiction books by your favourite authors, thrilling English and Indian blockbusters, most-wanted gaming consoles, and a tempting range of fitness and sports gadgets and equipment bound to inspire you to get moving.

Grocery/Supermart
Launching into the grocery vertical, Flipkart introduces Supermart that is out to bring everyday essentials close to you. From pulses, spices, dairy, personal and sanitary care, breakfast essentials, health drinks, spreads, ready to cook, grooming to cleaning agents, we are happy to present everything you need to run a house. Now buy Grocery products for as low as 1 Rupee only - our 1 Rupee Store presents new products every day for a nominal price of 1 Rupee only. Terms and conditions apply.
ABOUT
Contact Us
About Us
Careers
Flipkart Stories
Press
Corporate Information
GROUP COMPANIES
Myntra
Flipkart Wholesale
Cleartrip
Shopsy
HELP
Payments
Shipping
Cancellation & Returns
FAQ
Report Infringement
CONSUMER POLICY
Cancellation & Returns
Terms Of Use
Security
Privacy
Sitemap
Grievance Redressal
EPR Compliance
Mail Us:
Flipkart Internet Private Limited,
Buildings Alyssa, Begonia &
Clove Embassy Tech Village,
Outer Ring Road, Devarabeesanahalli Village,
Bengaluru, 560103,
Karnataka, India
Social:
Registered Office Address:
Flipkart Internet Private Limited,
Buildings Alyssa, Begonia &
Clove Embassy Tech Village,
Outer Ring Road, Devarabeesanahalli Village,
Bengaluru, 560103,
Karnataka, India
CIN : U51109KA2012PTC066107
Telephone: 044-45614700
Become a Seller
Advertise
Gift Cards
Help Center
© 2007-2024 Flipkart.com
Tag Name: div, Text: Top Stories :Brand Directory
MOST SEARCHED FOR ON FLIPKART:iPhone 15iPhone 15 PlusiPhone 15 ProiPhone 15 Pro MaxVivo x 100Spoyl StoreSAMSUNG Flip5SAMSUNG Fold5Flipkart Axis Bank Super Elite Credit card5G Mobile PhonesPrimebook LaptopsMoto Edge 40Grievance RedressalOPPO Reno7 Pro 5GiPhone 13Help CentreTrack OrdersManage OrdersReturn OrdersGift Cards StoreFlipkart Axis Bank Credit CardPay Later
MOBILESRedmi 12 5GRealme 12+ 5GMotorola G84Realme C53Infinix Smart 8Samsung Galaxy S23 5GSamsung Galaxy S21 FE 5G Qualcommvivo V30Samsung Galaxy S24 5GSamsung Galaxy S24+ 5GiPhone 12 64GBiPhone 12 Pro 512GBiPhone 12 128GBVivo Y15SAMSUNG Galaxy S21 FE 5GInfinix HOT 30iRealme 10 Pro 5GMOTOROLA G62 5GNothing PhoneREDMI Note 12 Pro 5GInfinix SMART 7Vivo Y12Oppo A12Motorola 5g PhoneRealme 5g SmartphoneApple 5g PhoneIqoo 5g PhonesOneplus 5g PhonesVivo 5g PhonesOppo 5g Smart PhonesOppo F15Oppo A31Samsung A71Samsung A51Samsung A31iPhone 11iPhone 11 Pro4G MobileNokia MobileSamsung MobileiphoneOppo MobileVivo Mobile
CAMERAGoPro Action CameraNikon CameraCanon CameraSony CameraCanon DSLRNikon DSLR
LAPTOPSAsus ROG AllyMacBook Pro M2Premium LaptopASUS ROG Strix SCAR 16 (2023) Core i9 13th GenASUS ROG Zephyrus M16 (2023) Core i9 13th GenASUS Zenbook 14 OLED (2022)Realme Book Prime Core i5 11th GenMicrosoft Surface Go Pentium 128GBApple LaptopsAcer LaptopsLenovo LaptopsDell LaptopsAsus LaptopsHP LaptopsGaming Laptops2 in 1 LaptopsLaptopsDell latest laptops 2022HP latest laptops 2022Infinix INBook Y1 PlusSAMSUNG Galaxy Book312th Gen Intel Core Laptops
TVSNokia TVPanasonic TVThomson TVMi X ProRealme TVMotorola TVOnePlus TVsLG TVTVSony TVSamsung TVAndroid TelevisionIffalcon TvMi TV
LARGE APPLIANCES:TelevisionWashing MachinesRefrigeratorsAir ConditionersElectric CookersElectric Jug(Heater) / Travel KettlesInduction CooktopsInverters / stabilizerIrons / Iron BoxMixer Grinder JuicerWet GrindersChimneysMicrowave OvensVacuum CleanersWater PurifierFan
CLOTHINGGreen bridal lehengaTopsShoesSunglassesBridal BlouseHalf saree blouse designsDesigner blousesBlouse designsShirtsCotton saree blouse designsTshirtsJeansSareesDressesOne piecesGroom wedding sherwaniDesigner Salwar SuitsBraCotton simple blouse designsBanarasi saree blouse designsStylish blouse astin designTrack PantBlouse neck designsKurtasParty DressesPalazzo SuitsAnarkaliGownsCut out dressSalwar SuitsKurtisDesigner SareesLeggingsShortsGeorgette SareesEthnic Wearuppada pattu sareesBlouse back designJodhpur pants
FOOTWEAR:Adidas ShoesReebok ShoesNike ShoesPuma ShoesBootsBata ShoesWoodland ShoesSkechers ShoesSneakersWomens BootsSports ShoesLoafersSandalsLotto Sports ShoesCasual ShoesWomens Skechers ShoesAsics Sports ShoesFormal ShoesSchool Shoes
GROCERIESPhonePe Grocery VoucherHand WashSoapCashew NutsSunflower OilEggsToilet CleanerHarpic Toilet CleanerDettol SoapMustard OilBiscuitsCheesePatanjali AttaFortune OilAashirvaad AttaTea
BEST SELLING ON FLIPKARTHeadphonesBest Gas GeyserKitchen GeyserNutri BlendersPortable Air CoolerBest Air CoolerBagsHitachi Refrigerator 3 DoorBooksToysCandlesHelmetsWall ClocksBaby FoodChocolatesCyclesCalculatorsLipsticksMaskVertiv UPSFastrack WatchesWalletsEarringsGold CoinsRealme Pad MiniHandbagsconekt SW2 SmartwatchMivi DuoPods a350Speaker Cleaner
FURNITUREFurnitureSofasBedsDining setsWardrobesMattressesTV UnitsTablesChairsShelvesBean BagsOffice ChairsComputer TableOffice TablesRed SofaWakefit BedsWhite SofaWakefit MattressGreen SofaBlack SofaBrown Sofa
BGMH:Whey ProteinHomeopathyCricketCyclesFootballsTreadmillsChristmas GiftsFitness AccessoriesOnline GuitarBooks StoreMusical Instrument StoreDabur ChyawanprashBaidyanath ChyawanprashEnergy DrinksToysMilk Drink MixesRakhiChyawanprashIndian FlagProtein Supplements
Tag Name: div, Text: Top Stories :Brand Directory
Tag Name: a, Text: Brand Directory
Tag Name: div, Text: MOST SEARCHED FOR ON FLIPKART:iPhone 15iPhone 15 PlusiPhone 15 ProiPhone 15 Pro MaxVivo x 100Spoyl StoreSAMSUNG Flip5SAMSUNG Fold5Flipkart Axis Bank Super Elite Credit card5G Mobile PhonesPrimebook LaptopsMoto Edge 40Grievance RedressalOPPO Reno7 Pro 5GiPhone 13Help CentreTrack OrdersManage OrdersReturn OrdersGift Cards StoreFlipkart Axis Bank Credit CardPay Later
Tag Name: span, Text: MOST SEARCHED FOR ON FLIPKART:
Tag Name: a, Text: iPhone 15
Tag Name: a, Text: iPhone 15 Plus
Tag Name: a, Text: iPhone 15 Pro
Tag Name: a, Text: iPhone 15 Pro Max
Tag Name: a, Text: Vivo x 100
Tag Name: a, Text: Spoyl Store
Tag Name: a, Text: SAMSUNG Flip5
Tag Name: a, Text: SAMSUNG Fold5
Tag Name: a, Text: Flipkart Axis Bank Super Elite Credit card
Tag Name: a, Text: 5G Mobile Phones
Tag Name: a, Text: Primebook Laptops
Tag Name: a, Text: Moto Edge 40
Tag Name: a, Text: Grievance Redressal
Tag Name: a, Text: OPPO Reno7 Pro 5G
Tag Name: a, Text: iPhone 13
Tag Name: a, Text: Help Centre
Tag Name: a, Text: Track Orders
Tag Name: a, Text: Manage Orders
Tag Name: a, Text: Return Orders
Tag Name: a, Text: Gift Cards Store
Tag Name: a, Text: Flipkart Axis Bank Credit Card
Tag Name: a, Text: Pay Later
Tag Name: div, Text: MOBILESRedmi 12 5GRealme 12+ 5GMotorola G84Realme C53Infinix Smart 8Samsung Galaxy S23 5GSamsung Galaxy S21 FE 5G Qualcommvivo V30Samsung Galaxy S24 5GSamsung Galaxy S24+ 5GiPhone 12 64GBiPhone 12 Pro 512GBiPhone 12 128GBVivo Y15SAMSUNG Galaxy S21 FE 5GInfinix HOT 30iRealme 10 Pro 5GMOTOROLA G62 5GNothing PhoneREDMI Note 12 Pro 5GInfinix SMART 7Vivo Y12Oppo A12Motorola 5g PhoneRealme 5g SmartphoneApple 5g PhoneIqoo 5g PhonesOneplus 5g PhonesVivo 5g PhonesOppo 5g Smart PhonesOppo F15Oppo A31Samsung A71Samsung A51Samsung A31iPhone 11iPhone 11 Pro4G MobileNokia MobileSamsung MobileiphoneOppo MobileVivo Mobile
Tag Name: a, Text: MOBILES
Tag Name: a, Text: Redmi 12 5G
Tag Name: a, Text: Realme 12+ 5G
Tag Name: a, Text: Motorola G84
Tag Name: a, Text: Realme C53
Tag Name: a, Text: Infinix Smart 8
Tag Name: a, Text: Samsung Galaxy S23 5G
Tag Name: a, Text: Samsung Galaxy S21 FE 5G Qualcomm
Tag Name: a, Text: vivo V30
Tag Name: a, Text: Samsung Galaxy S24 5G
Tag Name: a, Text: Samsung Galaxy S24+ 5G
Tag Name: a, Text: iPhone 12 64GB
Tag Name: a, Text: iPhone 12 Pro 512GB
Tag Name: a, Text: iPhone 12 128GB
Tag Name: a, Text: Vivo Y15
Tag Name: a, Text: SAMSUNG Galaxy S21 FE 5G
Tag Name: a, Text: Infinix HOT 30i
Tag Name: a, Text: Realme 10 Pro 5G
Tag Name: a, Text: MOTOROLA G62 5G
Tag Name: a, Text: Nothing Phone
Tag Name: a, Text: REDMI Note 12 Pro 5G
Tag Name: a, Text: Infinix SMART 7
Tag Name: a, Text: Vivo Y12
Tag Name: a, Text: Oppo A12
Tag Name: a, Text: Motorola 5g Phone
Tag Name: a, Text: Realme 5g Smartphone
Tag Name: a, Text: Apple 5g Phone
Tag Name: a, Text: Iqoo 5g Phones
Tag Name: a, Text: Oneplus 5g Phones
Tag Name: a, Text: Vivo 5g Phones
Tag Name: a, Text: Oppo 5g Smart Phones
Tag Name: a, Text: Oppo F15
Tag Name: a, Text: Oppo A31
Tag Name: a, Text: Samsung A71
Tag Name: a, Text: Samsung A51
Tag Name: a, Text: Samsung A31
Tag Name: a, Text: iPhone 11
Tag Name: a, Text: iPhone 11 Pro
Tag Name: a, Text: 4G Mobile
Tag Name: a, Text: Nokia Mobile
Tag Name: a, Text: Samsung Mobile
Tag Name: a, Text: iphone
Tag Name: a, Text: Oppo Mobile
Tag Name: a, Text: Vivo Mobile
Tag Name: div, Text: CAMERAGoPro Action CameraNikon CameraCanon CameraSony CameraCanon DSLRNikon DSLR
Tag Name: a, Text: CAMERA
Tag Name: a, Text: GoPro Action Camera
Tag Name: a, Text: Nikon Camera
Tag Name: a, Text: Canon Camera
Tag Name: a, Text: Sony Camera
Tag Name: a, Text: Canon DSLR
Tag Name: a, Text: Nikon DSLR
Tag Name: div, Text: LAPTOPSAsus ROG AllyMacBook Pro M2Premium LaptopASUS ROG Strix SCAR 16 (2023) Core i9 13th GenASUS ROG Zephyrus M16 (2023) Core i9 13th GenASUS Zenbook 14 OLED (2022)Realme Book Prime Core i5 11th GenMicrosoft Surface Go Pentium 128GBApple LaptopsAcer LaptopsLenovo LaptopsDell LaptopsAsus LaptopsHP LaptopsGaming Laptops2 in 1 LaptopsLaptopsDell latest laptops 2022HP latest laptops 2022Infinix INBook Y1 PlusSAMSUNG Galaxy Book312th Gen Intel Core Laptops
Tag Name: a, Text: LAPTOPS
Tag Name: a, Text: Asus ROG Ally
Tag Name: a, Text: MacBook Pro M2
Tag Name: a, Text: Premium Laptop
Tag Name: a, Text: ASUS ROG Strix SCAR 16 (2023) Core i9 13th Gen
Tag Name: a, Text: ASUS ROG Zephyrus M16 (2023) Core i9 13th Gen
Tag Name: a, Text: ASUS Zenbook 14 OLED (2022)
Tag Name: a, Text: Realme Book Prime Core i5 11th Gen
Tag Name: a, Text: Microsoft Surface Go Pentium 128GB
Tag Name: a, Text: Apple Laptops
Tag Name: a, Text: Acer Laptops
Tag Name: a, Text: Lenovo Laptops
Tag Name: a, Text: Dell Laptops
Tag Name: a, Text: Asus Laptops
Tag Name: a, Text: HP Laptops
Tag Name: a, Text: Gaming Laptops
Tag Name: a, Text: 2 in 1 Laptops
Tag Name: a, Text: Laptops
Tag Name: a, Text: Dell latest laptops 2022
Tag Name: a, Text: HP latest laptops 2022
Tag Name: a, Text: Infinix INBook Y1 Plus
Tag Name: a, Text: SAMSUNG Galaxy Book3
Tag Name: a, Text: 12th Gen Intel Core Laptops
Tag Name: div, Text: TVSNokia TVPanasonic TVThomson TVMi X ProRealme TVMotorola TVOnePlus TVsLG TVTVSony TVSamsung TVAndroid TelevisionIffalcon TvMi TV
Tag Name: a, Text: TVS
Tag Name: a, Text: Nokia TV
Tag Name: a, Text: Panasonic TV
Tag Name: a, Text: Thomson TV
Tag Name: a, Text: Mi X Pro
Tag Name: a, Text: Realme TV
Tag Name: a, Text: Motorola TV
Tag Name: a, Text: OnePlus TVs
Tag Name: a, Text: LG TV
Tag Name: a, Text: TV
Tag Name: a, Text: Sony TV
Tag Name: a, Text: Samsung TV
Tag Name: a, Text: Android Television
Tag Name: a, Text: Iffalcon Tv
Tag Name: a, Text: Mi TV
Tag Name: div, Text: LARGE APPLIANCES:TelevisionWashing MachinesRefrigeratorsAir ConditionersElectric CookersElectric Jug(Heater) / Travel KettlesInduction CooktopsInverters / stabilizerIrons / Iron BoxMixer Grinder JuicerWet GrindersChimneysMicrowave OvensVacuum CleanersWater PurifierFan
Tag Name: span, Text: LARGE APPLIANCES:
Tag Name: a, Text: Television
Tag Name: a, Text: Washing Machines
Tag Name: a, Text: Refrigerators
Tag Name: a, Text: Air Conditioners
Tag Name: a, Text: Electric Cookers
Tag Name: a, Text: Electric Jug(Heater) / Travel Kettles
Tag Name: a, Text: Induction Cooktops
Tag Name: a, Text: Inverters / stabilizer
Tag Name: a, Text: Irons / Iron Box
Tag Name: a, Text: Mixer Grinder Juicer
Tag Name: a, Text: Wet Grinders
Tag Name: a, Text: Chimneys
Tag Name: a, Text: Microwave Ovens
Tag Name: a, Text: Vacuum Cleaners
Tag Name: a, Text: Water Purifier
Tag Name: a, Text: Fan
Tag Name: div, Text: CLOTHINGGreen bridal lehengaTopsShoesSunglassesBridal BlouseHalf saree blouse designsDesigner blousesBlouse designsShirtsCotton saree blouse designsTshirtsJeansSareesDressesOne piecesGroom wedding sherwaniDesigner Salwar SuitsBraCotton simple blouse designsBanarasi saree blouse designsStylish blouse astin designTrack PantBlouse neck designsKurtasParty DressesPalazzo SuitsAnarkaliGownsCut out dressSalwar SuitsKurtisDesigner SareesLeggingsShortsGeorgette SareesEthnic Wearuppada pattu sareesBlouse back designJodhpur pants
Tag Name: a, Text: CLOTHING
Tag Name: a, Text: Green bridal lehenga
Tag Name: a, Text: Tops
Tag Name: a, Text: Shoes
Tag Name: a, Text: Sunglasses
Tag Name: a, Text: Bridal Blouse
Tag Name: a, Text: Half saree blouse designs
Tag Name: a, Text: Designer blouses
Tag Name: a, Text: Blouse designs
Tag Name: a, Text: Shirts
Tag Name: a, Text: Cotton saree blouse designs
Tag Name: a, Text: Tshirts
Tag Name: a, Text: Jeans
Tag Name: a, Text: Sarees
Tag Name: a, Text: Dresses
Tag Name: a, Text: One pieces
Tag Name: a, Text: Groom wedding sherwani
Tag Name: a, Text: Designer Salwar Suits
Tag Name: a, Text: Bra
Tag Name: a, Text: Cotton simple blouse designs
Tag Name: a, Text: Banarasi saree blouse designs
Tag Name: a, Text: Stylish blouse astin design
Tag Name: a, Text: Track Pant
Tag Name: a, Text: Blouse neck designs
Tag Name: a, Text: Kurtas
Tag Name: a, Text: Party Dresses
Tag Name: a, Text: Palazzo Suits
Tag Name: a, Text: Anarkali
Tag Name: a, Text: Gowns
Tag Name: a, Text: Cut out dress
Tag Name: a, Text: Salwar Suits
Tag Name: a, Text: Kurtis
Tag Name: a, Text: Designer Sarees
Tag Name: a, Text: Leggings
Tag Name: a, Text: Shorts
Tag Name: a, Text: Georgette Sarees
Tag Name: a, Text: Ethnic Wear
Tag Name: a, Text: uppada pattu sarees
Tag Name: a, Text: Blouse back design
Tag Name: a, Text: Jodhpur pants
Tag Name: div, Text: FOOTWEAR:Adidas ShoesReebok ShoesNike ShoesPuma ShoesBootsBata ShoesWoodland ShoesSkechers ShoesSneakersWomens BootsSports ShoesLoafersSandalsLotto Sports ShoesCasual ShoesWomens Skechers ShoesAsics Sports ShoesFormal ShoesSchool Shoes
Tag Name: span, Text: FOOTWEAR:
Tag Name: a, Text: Adidas Shoes
Tag Name: a, Text: Reebok Shoes
Tag Name: a, Text: Nike Shoes
Tag Name: a, Text: Puma Shoes
Tag Name: a, Text: Boots
Tag Name: a, Text: Bata Shoes
Tag Name: a, Text: Woodland Shoes
Tag Name: a, Text: Skechers Shoes
Tag Name: a, Text: Sneakers
Tag Name: a, Text: Womens Boots
Tag Name: a, Text: Sports Shoes
Tag Name: a, Text: Loafers
Tag Name: a, Text: Sandals
Tag Name: a, Text: Lotto Sports Shoes
Tag Name: a, Text: Casual Shoes
Tag Name: a, Text: Womens Skechers Shoes
Tag Name: a, Text: Asics Sports Shoes
Tag Name: a, Text: Formal Shoes
Tag Name: a, Text: School Shoes
Tag Name: div, Text: GROCERIESPhonePe Grocery VoucherHand WashSoapCashew NutsSunflower OilEggsToilet CleanerHarpic Toilet CleanerDettol SoapMustard OilBiscuitsCheesePatanjali AttaFortune OilAashirvaad AttaTea
Tag Name: a, Text: GROCERIES
Tag Name: a, Text: PhonePe Grocery Voucher
Tag Name: a, Text: Hand Wash
Tag Name: a, Text: Soap
Tag Name: a, Text: Cashew Nuts
Tag Name: a, Text: Sunflower Oil
Tag Name: a, Text: Eggs
Tag Name: a, Text: Toilet Cleaner
Tag Name: a, Text: Harpic Toilet Cleaner
Tag Name: a, Text: Dettol Soap
Tag Name: a, Text: Mustard Oil
Tag Name: a, Text: Biscuits
Tag Name: a, Text: Cheese
Tag Name: a, Text: Patanjali Atta
Tag Name: a, Text: Fortune Oil
Tag Name: a, Text: Aashirvaad Atta
Tag Name: a, Text: Tea
Tag Name: div, Text: BEST SELLING ON FLIPKARTHeadphonesBest Gas GeyserKitchen GeyserNutri BlendersPortable Air CoolerBest Air CoolerBagsHitachi Refrigerator 3 DoorBooksToysCandlesHelmetsWall ClocksBaby FoodChocolatesCyclesCalculatorsLipsticksMaskVertiv UPSFastrack WatchesWalletsEarringsGold CoinsRealme Pad MiniHandbagsconekt SW2 SmartwatchMivi DuoPods a350Speaker Cleaner
Tag Name: a, Text: BEST SELLING ON FLIPKART
Tag Name: a, Text: Headphones
Tag Name: a, Text: Best Gas Geyser
Tag Name: a, Text: Kitchen Geyser
Tag Name: a, Text: Nutri Blenders
Tag Name: a, Text: Portable Air Cooler
Tag Name: a, Text: Best Air Cooler
Tag Name: a, Text: Bags
Tag Name: a, Text: Hitachi Refrigerator 3 Door
Tag Name: a, Text: Books
Tag Name: a, Text: Toys
Tag Name: a, Text: Candles
Tag Name: a, Text: Helmets
Tag Name: a, Text: Wall Clocks
Tag Name: a, Text: Baby Food
Tag Name: a, Text: Chocolates
Tag Name: a, Text: Cycles
Tag Name: a, Text: Calculators
Tag Name: a, Text: Lipsticks
Tag Name: a, Text: Mask
Tag Name: a, Text: Vertiv UPS
Tag Name: a, Text: Fastrack Watches
Tag Name: a, Text: Wallets
Tag Name: a, Text: Earrings
Tag Name: a, Text: Gold Coins
Tag Name: a, Text: Realme Pad Mini
Tag Name: a, Text: Handbags
Tag Name: a, Text: conekt SW2 Smartwatch
Tag Name: a, Text: Mivi DuoPods a350
Tag Name: a, Text: Speaker Cleaner
Tag Name: div, Text: FURNITUREFurnitureSofasBedsDining setsWardrobesMattressesTV UnitsTablesChairsShelvesBean BagsOffice ChairsComputer TableOffice TablesRed SofaWakefit BedsWhite SofaWakefit MattressGreen SofaBlack SofaBrown Sofa
Tag Name: a, Text: FURNITURE
Tag Name: a, Text: Furniture
Tag Name: a, Text: Sofas
Tag Name: a, Text: Beds
Tag Name: a, Text: Dining sets
Tag Name: a, Text: Wardrobes
Tag Name: a, Text: Mattresses
Tag Name: a, Text: TV Units
Tag Name: a, Text: Tables
Tag Name: a, Text: Chairs
Tag Name: a, Text: Shelves
Tag Name: a, Text: Bean Bags
Tag Name: a, Text: Office Chairs
Tag Name: a, Text: Computer Table
Tag Name: a, Text: Office Tables
Tag Name: a, Text: Red Sofa
Tag Name: a, Text: Wakefit Beds
Tag Name: a, Text: White Sofa
Tag Name: a, Text: Wakefit Mattress
Tag Name: a, Text: Green Sofa
Tag Name: a, Text: Black Sofa
Tag Name: a, Text: Brown Sofa
Tag Name: div, Text: BGMH:Whey ProteinHomeopathyCricketCyclesFootballsTreadmillsChristmas GiftsFitness AccessoriesOnline GuitarBooks StoreMusical Instrument StoreDabur ChyawanprashBaidyanath ChyawanprashEnergy DrinksToysMilk Drink MixesRakhiChyawanprashIndian FlagProtein Supplements
Tag Name: span, Text: BGMH:
Tag Name: a, Text: Whey Protein
Tag Name: a, Text: Homeopathy
Tag Name: a, Text: Cricket
Tag Name: a, Text: Cycles
Tag Name: a, Text: Footballs
Tag Name: a, Text: Treadmills
Tag Name: a, Text: Christmas Gifts
Tag Name: a, Text: Fitness Accessories
Tag Name: a, Text: Online Guitar
Tag Name: a, Text: Books Store
Tag Name: a, Text: Musical Instrument Store
Tag Name: a, Text: Dabur Chyawanprash
Tag Name: a, Text: Baidyanath Chyawanprash
Tag Name: a, Text: Energy Drinks
Tag Name: a, Text: Toys
Tag Name: a, Text: Milk Drink Mixes
Tag Name: a, Text: Rakhi
Tag Name: a, Text: Chyawanprash
Tag Name: a, Text: Indian Flag
Tag Name: a, Text: Protein Supplements
Tag Name: div, Text: Flipkart: The One-stop Shopping Destination
E-commerce is revolutionizing the way we all shop in India. Why do you want to hop from one store to another in search of the latest phone when you can find it on the Internet in a single click? Not only mobiles. Flipkart houses everything you can possibly imagine, from trending electronics like laptops, tablets, smartphones, and mobile accessories to in-vogue fashion staples like shoes, clothing and lifestyle accessories; from modern furniture like sofa sets, dining tables, and wardrobes to appliances that make your life easy like washing machines, TVs, ACs, mixer grinder juicers and other time-saving kitchen and small appliances; from home furnishings like cushion covers, mattresses and bedsheets to toys and musical instruments, we got them all covered. You name it, and you can stay assured about finding them all here. For those of you with erratic working hours, Flipkart is your best bet. Shop in your PJs, at night or in the wee hours of the morning. This e-commerce never shuts down.

What's more, with our year-round shopping festivals and events, our prices are irresistible. We're sure you'll find yourself picking up more than what you had in mind. If you are wondering why you should shop from Flipkart when there are multiple options available to you, well, the below will answer your question.

Flipkart Plus
A world of limitless possibilities awaits you - Flipkart Plus was kickstarted as a loyalty reward programme for all its regular customers at zero subscription fee. All you need is 500 supercoins to be a part of this service. For every 100 rupees spent on Flipkart order, Plus members earns 4 supercoins & non-plus members earn 2 supercoins. Free delivery, early access during sales and shopping festivals, exchange offers and priority customer service are the top benefits to a Flipkart Plus member. In short, earn more when you shop more!

What's more, you can even use the Flipkart supercoins for a number of exciting services, like:
An annual Zomato Gold membership
An annual Hotstar Premium membership
6 months Gaana plus subscription
Rupees 550 instant discount on flights on ixigo
Check out https://www.flipkart.com/plus/all-offers for the entire list. Terms and conditions apply.

No Cost EMI
In an attempt to make high-end products accessible to all, our No Cost EMI plan enables you to shop with us under EMI, without shelling out any processing fee. Applicable on select mobiles, laptops, large and small appliances, furniture, electronics and watches, you can now shop without burning a hole in your pocket. If you've been eyeing a product for a long time, chances are it may be up for a no cost EMI. Take a look ASAP! Terms and conditions apply.

EMI on Debit Cards
Did you know debit card holders account for 79.38 crore in the country, while there are only 3.14 crore credit card holders? After enabling EMI on Credit Cards, in another attempt to make online shopping accessible to everyone, Flipkart introduces EMI on Debit Cards, empowering you to shop confidently with us without having to worry about pauses in monthly cash flow. At present, we have partnered with Axis Bank, HDFC Bank, State Bank of India and ICICI Bank for this facility. More power to all our shoppers! Terms and conditions apply.

Mobile Exchange Offers
Get an instant discount on the phone that you have been eyeing on. Exchange your old mobile for a new one after the Flipkart experts calculate the value of your old phone, provided it is in a working condition without damage to the screen. If a phone is applicable for an exchange offer, you will see the 'Buy with Exchange' option on the product description of the phone. So, be smart, always opt for an exchange wherever possible. Terms and conditions apply.

What Can You Buy From Flipkart?
Mobile Phones
From budget phones to state-of-the-art smartphones, we have a mobile for everybody out there. Whether you're looking for larger, fuller screens, power-packed batteries, blazing-fast processors, beautification apps, high-tech selfie cameras or just large internal space, we take care of all the essentials. Shop from top brands in the country like Samsung, Apple, Oppo, Xiaomi, Realme, Vivo, and Honor to name a few. Rest assured, you're buying from only the most reliable names in the market. What's more, with Flipkart's Complete Mobile Protection Plan, you will never again find the need to run around service centres. This plan entails you to a number of post-purchase solutions, starting at as low as Rupees 99 only! Broken screens, liquid damage to phone, hardware and software glitches, and replacements - the Flipkart Complete Mobile Protection covers a comprehensive range of post-purchase problems, with door-to-door services.

Electronic Devices and Accessories
When it comes to laptops, we are not far behind. Filter among dozens of super-fast operating systems, hard disk capacity, RAM, lifestyle, screen size and many other criterias for personalized results in a flash. All you students out there, confused about what laptop to get? Our Back To College Store segregates laptops purpose wise (gaming, browsing and research, project work, entertainment, design, multitasking) with recommendations from top brands and industry experts, facilitating a shopping experience that is quicker and simpler.

Photography lovers, you couldn't land at a better page than ours. Cutting-edge DSLR cameras, ever reliable point-and-shoot cameras, millennial favourite instant cameras or action cameras for adventure junkies: our range of cameras is as much for beginners as it is for professionals. Canon, Nikon, GoPro, Sony, and Fujifilm are some big names you'll find in our store. Photography lovers, you couldn't land at a better page than ours. Cutting-edge DSLR cameras, ever reliable point-and-shoot cameras, millennial favourite instant cameras or action cameras for adventure junkies: our range of cameras is as much for beginners as it is for professionals. Canon, Nikon, GoPro, Sony, and Fujifilm are some big names you'll find in our store.

Turn your home into a theatre with a stunning surround sound system. Choose from our elaborate range of Sony home theatres, JBL soundbars and Philips tower speakers for an experience to remember.

How about jazzing up your phone with our quirky designer cases and covers? Our wide-ranging mobile accessories starting from headphones, power banks, memory cards, mobile chargers, to selfie sticks can prove to be ideal travel companions for you and your phone; never again worry about running out of charge or memory on your next vacation.

Large Appliances
Sleek TVs, power-saving refrigerators, rapid-cooling ACs, resourceful washing machines - discover everything you need to run a house under one roof. Our Dependable TV and Appliance Store ensures zero transit damage, with a replacement guarantee if anything goes wrong; delivery and installation as per your convenience and a double warranty (Official Brand Warranty along with an extended Flipkart Warranty) - rest assured, value for money is what is promised and delivered. Shop from market leaders in the country like Samsung, LG, Whirlpool, Midea, Mi, Vu, Panasonic, Godrej, Sony, Daikin, and Hitachi among many others.

For certain product categories, Customers meeting the eligibility criteria will have the option to buy larger quantities. To know more on the eligibility criteria and terms and conditions, please reach out to Purchases.oni@flipkart.com.

Small Home Appliances
Find handy and practical home appliances designed to make your life simpler: electric kettles, OTGs, microwave ovens, sandwich makers, hand blenders, coffee makers, and many more other time-saving appliances that are truly crafted for a quicker lifestyle. Live life king size with these appliances at home.

Lifestyle
Flipkart, 'India ka Fashion Capital', is your one-stop fashion destination for anything and everything you need to look good. Our exhaustive range of Western and Indian wear, summer and winter clothing, formal and casual footwear, bridal and artificial jewellery, long-lasting make-up, grooming tools and accessories are sure to sweep you off your feet. Shop from crowd favourites like Vero Moda, Forever 21, Only, Arrow, Woodland, Nike, Puma, Revlon, Mac, and Sephora among dozens of other top-of-the-ladder names. From summer staple maxi dresses, no-nonsense cigarette pants, traditional Bandhani kurtis to street-smart biker jackets, you can rely on us for a wardrobe that is up to date. Explore our in-house brands like Metronaut, Anmi, and Denizen, to name a few, for carefully curated designs that are the talk of the town. Get ready to be spoiled for choice.Festivals, office get-togethers, weddings, brunches, or nightwear - Flipkart will have your back each time.

Home and Furniture
Moving to a new place is never easy, especially if you're buying new furniture. Beds, sofa sets, dining tables, wardrobes, and TV units - it's not easy to set up everything again. With the hundreds of options thrown at you, the ride could be overwhelming. What place is reliable, what furniture will stand the test of time? These are questions you must ask before you choose a store. Well, our Durability Certified Furniture Store has not only curated a range of furniture keeping in mind the modern Indian consumer but furniture that comes with a lab certification, ensuring they last you for up to 10 years. Yes, all our furniture has gone through 35 stability and load tests so that you receive only the best-quality furniture. Be FurniSure, always. Names to look out for are Nilkamal, Godrej Interio, Urban Ladder, HomeTown, Durian and Perfect Homes.

You may have your furniture all set up, but they could end up looking flat and incomplete without complementary decor. Curtains, cushion covers, bed sheets, wall shelves, paintings, floor lamps - find everything that turns a house to an inviting home under one roof at Flipkart.

Baby and Kids
Your kids deserve only the best. From bodysuits, booties, diapers to strollers, if you're an expecting mother or a new mother, you will find everything you need to set sail on a smooth parenting journey with the help of our baby care collection. When it comes to safety, hygiene and comfort, you can rely on us without a second thought. Huggies, Pampers, MamyPoko, and Johnson & Johnson: we host only the most-trusted names in the business for your baby.

Books, Sports and Games
Work hard and no play? We don't believe in that. Get access to best-selling fiction and non-fiction books by your favourite authors, thrilling English and Indian blockbusters, most-wanted gaming consoles, and a tempting range of fitness and sports gadgets and equipment bound to inspire you to get moving.

Grocery/Supermart
Launching into the grocery vertical, Flipkart introduces Supermart that is out to bring everyday essentials close to you. From pulses, spices, dairy, personal and sanitary care, breakfast essentials, health drinks, spreads, ready to cook, grooming to cleaning agents, we are happy to present everything you need to run a house. Now buy Grocery products for as low as 1 Rupee only - our 1 Rupee Store presents new products every day for a nominal price of 1 Rupee only. Terms and conditions apply.
Tag Name: div, Text: Flipkart: The One-stop Shopping Destination
E-commerce is revolutionizing the way we all shop in India. Why do you want to hop from one store to another in search of the latest phone when you can find it on the Internet in a single click? Not only mobiles. Flipkart houses everything you can possibly imagine, from trending electronics like laptops, tablets, smartphones, and mobile accessories to in-vogue fashion staples like shoes, clothing and lifestyle accessories; from modern furniture like sofa sets, dining tables, and wardrobes to appliances that make your life easy like washing machines, TVs, ACs, mixer grinder juicers and other time-saving kitchen and small appliances; from home furnishings like cushion covers, mattresses and bedsheets to toys and musical instruments, we got them all covered. You name it, and you can stay assured about finding them all here. For those of you with erratic working hours, Flipkart is your best bet. Shop in your PJs, at night or in the wee hours of the morning. This e-commerce never shuts down.

What's more, with our year-round shopping festivals and events, our prices are irresistible. We're sure you'll find yourself picking up more than what you had in mind. If you are wondering why you should shop from Flipkart when there are multiple options available to you, well, the below will answer your question.

Flipkart Plus
A world of limitless possibilities awaits you - Flipkart Plus was kickstarted as a loyalty reward programme for all its regular customers at zero subscription fee. All you need is 500 supercoins to be a part of this service. For every 100 rupees spent on Flipkart order, Plus members earns 4 supercoins & non-plus members earn 2 supercoins. Free delivery, early access during sales and shopping festivals, exchange offers and priority customer service are the top benefits to a Flipkart Plus member. In short, earn more when you shop more!

What's more, you can even use the Flipkart supercoins for a number of exciting services, like:
An annual Zomato Gold membership
An annual Hotstar Premium membership
6 months Gaana plus subscription
Rupees 550 instant discount on flights on ixigo
Check out https://www.flipkart.com/plus/all-offers for the entire list. Terms and conditions apply.

No Cost EMI
In an attempt to make high-end products accessible to all, our No Cost EMI plan enables you to shop with us under EMI, without shelling out any processing fee. Applicable on select mobiles, laptops, large and small appliances, furniture, electronics and watches, you can now shop without burning a hole in your pocket. If you've been eyeing a product for a long time, chances are it may be up for a no cost EMI. Take a look ASAP! Terms and conditions apply.

EMI on Debit Cards
Did you know debit card holders account for 79.38 crore in the country, while there are only 3.14 crore credit card holders? After enabling EMI on Credit Cards, in another attempt to make online shopping accessible to everyone, Flipkart introduces EMI on Debit Cards, empowering you to shop confidently with us without having to worry about pauses in monthly cash flow. At present, we have partnered with Axis Bank, HDFC Bank, State Bank of India and ICICI Bank for this facility. More power to all our shoppers! Terms and conditions apply.

Mobile Exchange Offers
Get an instant discount on the phone that you have been eyeing on. Exchange your old mobile for a new one after the Flipkart experts calculate the value of your old phone, provided it is in a working condition without damage to the screen. If a phone is applicable for an exchange offer, you will see the 'Buy with Exchange' option on the product description of the phone. So, be smart, always opt for an exchange wherever possible. Terms and conditions apply.

What Can You Buy From Flipkart?
Mobile Phones
From budget phones to state-of-the-art smartphones, we have a mobile for everybody out there. Whether you're looking for larger, fuller screens, power-packed batteries, blazing-fast processors, beautification apps, high-tech selfie cameras or just large internal space, we take care of all the essentials. Shop from top brands in the country like Samsung, Apple, Oppo, Xiaomi, Realme, Vivo, and Honor to name a few. Rest assured, you're buying from only the most reliable names in the market. What's more, with Flipkart's Complete Mobile Protection Plan, you will never again find the need to run around service centres. This plan entails you to a number of post-purchase solutions, starting at as low as Rupees 99 only! Broken screens, liquid damage to phone, hardware and software glitches, and replacements - the Flipkart Complete Mobile Protection covers a comprehensive range of post-purchase problems, with door-to-door services.

Electronic Devices and Accessories
When it comes to laptops, we are not far behind. Filter among dozens of super-fast operating systems, hard disk capacity, RAM, lifestyle, screen size and many other criterias for personalized results in a flash. All you students out there, confused about what laptop to get? Our Back To College Store segregates laptops purpose wise (gaming, browsing and research, project work, entertainment, design, multitasking) with recommendations from top brands and industry experts, facilitating a shopping experience that is quicker and simpler.

Photography lovers, you couldn't land at a better page than ours. Cutting-edge DSLR cameras, ever reliable point-and-shoot cameras, millennial favourite instant cameras or action cameras for adventure junkies: our range of cameras is as much for beginners as it is for professionals. Canon, Nikon, GoPro, Sony, and Fujifilm are some big names you'll find in our store. Photography lovers, you couldn't land at a better page than ours. Cutting-edge DSLR cameras, ever reliable point-and-shoot cameras, millennial favourite instant cameras or action cameras for adventure junkies: our range of cameras is as much for beginners as it is for professionals. Canon, Nikon, GoPro, Sony, and Fujifilm are some big names you'll find in our store.

Turn your home into a theatre with a stunning surround sound system. Choose from our elaborate range of Sony home theatres, JBL soundbars and Philips tower speakers for an experience to remember.

How about jazzing up your phone with our quirky designer cases and covers? Our wide-ranging mobile accessories starting from headphones, power banks, memory cards, mobile chargers, to selfie sticks can prove to be ideal travel companions for you and your phone; never again worry about running out of charge or memory on your next vacation.

Large Appliances
Sleek TVs, power-saving refrigerators, rapid-cooling ACs, resourceful washing machines - discover everything you need to run a house under one roof. Our Dependable TV and Appliance Store ensures zero transit damage, with a replacement guarantee if anything goes wrong; delivery and installation as per your convenience and a double warranty (Official Brand Warranty along with an extended Flipkart Warranty) - rest assured, value for money is what is promised and delivered. Shop from market leaders in the country like Samsung, LG, Whirlpool, Midea, Mi, Vu, Panasonic, Godrej, Sony, Daikin, and Hitachi among many others.

For certain product categories, Customers meeting the eligibility criteria will have the option to buy larger quantities. To know more on the eligibility criteria and terms and conditions, please reach out to Purchases.oni@flipkart.com.

Small Home Appliances
Find handy and practical home appliances designed to make your life simpler: electric kettles, OTGs, microwave ovens, sandwich makers, hand blenders, coffee makers, and many more other time-saving appliances that are truly crafted for a quicker lifestyle. Live life king size with these appliances at home.

Lifestyle
Flipkart, 'India ka Fashion Capital', is your one-stop fashion destination for anything and everything you need to look good. Our exhaustive range of Western and Indian wear, summer and winter clothing, formal and casual footwear, bridal and artificial jewellery, long-lasting make-up, grooming tools and accessories are sure to sweep you off your feet. Shop from crowd favourites like Vero Moda, Forever 21, Only, Arrow, Woodland, Nike, Puma, Revlon, Mac, and Sephora among dozens of other top-of-the-ladder names. From summer staple maxi dresses, no-nonsense cigarette pants, traditional Bandhani kurtis to street-smart biker jackets, you can rely on us for a wardrobe that is up to date. Explore our in-house brands like Metronaut, Anmi, and Denizen, to name a few, for carefully curated designs that are the talk of the town. Get ready to be spoiled for choice.Festivals, office get-togethers, weddings, brunches, or nightwear - Flipkart will have your back each time.

Home and Furniture
Moving to a new place is never easy, especially if you're buying new furniture. Beds, sofa sets, dining tables, wardrobes, and TV units - it's not easy to set up everything again. With the hundreds of options thrown at you, the ride could be overwhelming. What place is reliable, what furniture will stand the test of time? These are questions you must ask before you choose a store. Well, our Durability Certified Furniture Store has not only curated a range of furniture keeping in mind the modern Indian consumer but furniture that comes with a lab certification, ensuring they last you for up to 10 years. Yes, all our furniture has gone through 35 stability and load tests so that you receive only the best-quality furniture. Be FurniSure, always. Names to look out for are Nilkamal, Godrej Interio, Urban Ladder, HomeTown, Durian and Perfect Homes.

You may have your furniture all set up, but they could end up looking flat and incomplete without complementary decor. Curtains, cushion covers, bed sheets, wall shelves, paintings, floor lamps - find everything that turns a house to an inviting home under one roof at Flipkart.

Baby and Kids
Your kids deserve only the best. From bodysuits, booties, diapers to strollers, if you're an expecting mother or a new mother, you will find everything you need to set sail on a smooth parenting journey with the help of our baby care collection. When it comes to safety, hygiene and comfort, you can rely on us without a second thought. Huggies, Pampers, MamyPoko, and Johnson & Johnson: we host only the most-trusted names in the business for your baby.

Books, Sports and Games
Work hard and no play? We don't believe in that. Get access to best-selling fiction and non-fiction books by your favourite authors, thrilling English and Indian blockbusters, most-wanted gaming consoles, and a tempting range of fitness and sports gadgets and equipment bound to inspire you to get moving.

Grocery/Supermart
Launching into the grocery vertical, Flipkart introduces Supermart that is out to bring everyday essentials close to you. From pulses, spices, dairy, personal and sanitary care, breakfast essentials, health drinks, spreads, ready to cook, grooming to cleaning agents, we are happy to present everything you need to run a house. Now buy Grocery products for as low as 1 Rupee only - our 1 Rupee Store presents new products every day for a nominal price of 1 Rupee only. Terms and conditions apply.
Tag Name: div, Text: Flipkart: The One-stop Shopping Destination
E-commerce is revolutionizing the way we all shop in India. Why do you want to hop from one store to another in search of the latest phone when you can find it on the Internet in a single click? Not only mobiles. Flipkart houses everything you can possibly imagine, from trending electronics like laptops, tablets, smartphones, and mobile accessories to in-vogue fashion staples like shoes, clothing and lifestyle accessories; from modern furniture like sofa sets, dining tables, and wardrobes to appliances that make your life easy like washing machines, TVs, ACs, mixer grinder juicers and other time-saving kitchen and small appliances; from home furnishings like cushion covers, mattresses and bedsheets to toys and musical instruments, we got them all covered. You name it, and you can stay assured about finding them all here. For those of you with erratic working hours, Flipkart is your best bet. Shop in your PJs, at night or in the wee hours of the morning. This e-commerce never shuts down.

What's more, with our year-round shopping festivals and events, our prices are irresistible. We're sure you'll find yourself picking up more than what you had in mind. If you are wondering why you should shop from Flipkart when there are multiple options available to you, well, the below will answer your question.

Flipkart Plus
A world of limitless possibilities awaits you - Flipkart Plus was kickstarted as a loyalty reward programme for all its regular customers at zero subscription fee. All you need is 500 supercoins to be a part of this service. For every 100 rupees spent on Flipkart order, Plus members earns 4 supercoins & non-plus members earn 2 supercoins. Free delivery, early access during sales and shopping festivals, exchange offers and priority customer service are the top benefits to a Flipkart Plus member. In short, earn more when you shop more!

What's more, you can even use the Flipkart supercoins for a number of exciting services, like:
An annual Zomato Gold membership
An annual Hotstar Premium membership
6 months Gaana plus subscription
Rupees 550 instant discount on flights on ixigo
Check out https://www.flipkart.com/plus/all-offers for the entire list. Terms and conditions apply.

No Cost EMI
In an attempt to make high-end products accessible to all, our No Cost EMI plan enables you to shop with us under EMI, without shelling out any processing fee. Applicable on select mobiles, laptops, large and small appliances, furniture, electronics and watches, you can now shop without burning a hole in your pocket. If you've been eyeing a product for a long time, chances are it may be up for a no cost EMI. Take a look ASAP! Terms and conditions apply.

EMI on Debit Cards
Did you know debit card holders account for 79.38 crore in the country, while there are only 3.14 crore credit card holders? After enabling EMI on Credit Cards, in another attempt to make online shopping accessible to everyone, Flipkart introduces EMI on Debit Cards, empowering you to shop confidently with us without having to worry about pauses in monthly cash flow. At present, we have partnered with Axis Bank, HDFC Bank, State Bank of India and ICICI Bank for this facility. More power to all our shoppers! Terms and conditions apply.

Mobile Exchange Offers
Get an instant discount on the phone that you have been eyeing on. Exchange your old mobile for a new one after the Flipkart experts calculate the value of your old phone, provided it is in a working condition without damage to the screen. If a phone is applicable for an exchange offer, you will see the 'Buy with Exchange' option on the product description of the phone. So, be smart, always opt for an exchange wherever possible. Terms and conditions apply.

What Can You Buy From Flipkart?
Mobile Phones
From budget phones to state-of-the-art smartphones, we have a mobile for everybody out there. Whether you're looking for larger, fuller screens, power-packed batteries, blazing-fast processors, beautification apps, high-tech selfie cameras or just large internal space, we take care of all the essentials. Shop from top brands in the country like Samsung, Apple, Oppo, Xiaomi, Realme, Vivo, and Honor to name a few. Rest assured, you're buying from only the most reliable names in the market. What's more, with Flipkart's Complete Mobile Protection Plan, you will never again find the need to run around service centres. This plan entails you to a number of post-purchase solutions, starting at as low as Rupees 99 only! Broken screens, liquid damage to phone, hardware and software glitches, and replacements - the Flipkart Complete Mobile Protection covers a comprehensive range of post-purchase problems, with door-to-door services.

Electronic Devices and Accessories
When it comes to laptops, we are not far behind. Filter among dozens of super-fast operating systems, hard disk capacity, RAM, lifestyle, screen size and many other criterias for personalized results in a flash. All you students out there, confused about what laptop to get? Our Back To College Store segregates laptops purpose wise (gaming, browsing and research, project work, entertainment, design, multitasking) with recommendations from top brands and industry experts, facilitating a shopping experience that is quicker and simpler.

Photography lovers, you couldn't land at a better page than ours. Cutting-edge DSLR cameras, ever reliable point-and-shoot cameras, millennial favourite instant cameras or action cameras for adventure junkies: our range of cameras is as much for beginners as it is for professionals. Canon, Nikon, GoPro, Sony, and Fujifilm are some big names you'll find in our store. Photography lovers, you couldn't land at a better page than ours. Cutting-edge DSLR cameras, ever reliable point-and-shoot cameras, millennial favourite instant cameras or action cameras for adventure junkies: our range of cameras is as much for beginners as it is for professionals. Canon, Nikon, GoPro, Sony, and Fujifilm are some big names you'll find in our store.

Turn your home into a theatre with a stunning surround sound system. Choose from our elaborate range of Sony home theatres, JBL soundbars and Philips tower speakers for an experience to remember.

How about jazzing up your phone with our quirky designer cases and covers? Our wide-ranging mobile accessories starting from headphones, power banks, memory cards, mobile chargers, to selfie sticks can prove to be ideal travel companions for you and your phone; never again worry about running out of charge or memory on your next vacation.

Large Appliances
Sleek TVs, power-saving refrigerators, rapid-cooling ACs, resourceful washing machines - discover everything you need to run a house under one roof. Our Dependable TV and Appliance Store ensures zero transit damage, with a replacement guarantee if anything goes wrong; delivery and installation as per your convenience and a double warranty (Official Brand Warranty along with an extended Flipkart Warranty) - rest assured, value for money is what is promised and delivered. Shop from market leaders in the country like Samsung, LG, Whirlpool, Midea, Mi, Vu, Panasonic, Godrej, Sony, Daikin, and Hitachi among many others.

For certain product categories, Customers meeting the eligibility criteria will have the option to buy larger quantities. To know more on the eligibility criteria and terms and conditions, please reach out to Purchases.oni@flipkart.com.

Small Home Appliances
Find handy and practical home appliances designed to make your life simpler: electric kettles, OTGs, microwave ovens, sandwich makers, hand blenders, coffee makers, and many more other time-saving appliances that are truly crafted for a quicker lifestyle. Live life king size with these appliances at home.

Lifestyle
Flipkart, 'India ka Fashion Capital', is your one-stop fashion destination for anything and everything you need to look good. Our exhaustive range of Western and Indian wear, summer and winter clothing, formal and casual footwear, bridal and artificial jewellery, long-lasting make-up, grooming tools and accessories are sure to sweep you off your feet. Shop from crowd favourites like Vero Moda, Forever 21, Only, Arrow, Woodland, Nike, Puma, Revlon, Mac, and Sephora among dozens of other top-of-the-ladder names. From summer staple maxi dresses, no-nonsense cigarette pants, traditional Bandhani kurtis to street-smart biker jackets, you can rely on us for a wardrobe that is up to date. Explore our in-house brands like Metronaut, Anmi, and Denizen, to name a few, for carefully curated designs that are the talk of the town. Get ready to be spoiled for choice.Festivals, office get-togethers, weddings, brunches, or nightwear - Flipkart will have your back each time.

Home and Furniture
Moving to a new place is never easy, especially if you're buying new furniture. Beds, sofa sets, dining tables, wardrobes, and TV units - it's not easy to set up everything again. With the hundreds of options thrown at you, the ride could be overwhelming. What place is reliable, what furniture will stand the test of time? These are questions you must ask before you choose a store. Well, our Durability Certified Furniture Store has not only curated a range of furniture keeping in mind the modern Indian consumer but furniture that comes with a lab certification, ensuring they last you for up to 10 years. Yes, all our furniture has gone through 35 stability and load tests so that you receive only the best-quality furniture. Be FurniSure, always. Names to look out for are Nilkamal, Godrej Interio, Urban Ladder, HomeTown, Durian and Perfect Homes.

You may have your furniture all set up, but they could end up looking flat and incomplete without complementary decor. Curtains, cushion covers, bed sheets, wall shelves, paintings, floor lamps - find everything that turns a house to an inviting home under one roof at Flipkart.

Baby and Kids
Your kids deserve only the best. From bodysuits, booties, diapers to strollers, if you're an expecting mother or a new mother, you will find everything you need to set sail on a smooth parenting journey with the help of our baby care collection. When it comes to safety, hygiene and comfort, you can rely on us without a second thought. Huggies, Pampers, MamyPoko, and Johnson & Johnson: we host only the most-trusted names in the business for your baby.

Books, Sports and Games
Work hard and no play? We don't believe in that. Get access to best-selling fiction and non-fiction books by your favourite authors, thrilling English and Indian blockbusters, most-wanted gaming consoles, and a tempting range of fitness and sports gadgets and equipment bound to inspire you to get moving.

Grocery/Supermart
Launching into the grocery vertical, Flipkart introduces Supermart that is out to bring everyday essentials close to you. From pulses, spices, dairy, personal and sanitary care, breakfast essentials, health drinks, spreads, ready to cook, grooming to cleaning agents, we are happy to present everything you need to run a house. Now buy Grocery products for as low as 1 Rupee only - our 1 Rupee Store presents new products every day for a nominal price of 1 Rupee only. Terms and conditions apply.
Tag Name: h1, Text: Flipkart: The One-stop Shopping Destination
Tag Name: br, Text: 
Tag Name: br, Text: 
Tag Name: br, Text: 
Tag Name: br, Text: 
Tag Name: h2, Text: Flipkart Plus
Tag Name: br, Text: 
Tag Name: br, Text: 
Tag Name: br, Text: 
Tag Name: br, Text: 
Tag Name: br, Text: 
Tag Name: br, Text: 
Tag Name: br, Text: 
Tag Name: br, Text: 
Tag Name: br, Text: 
Tag Name: h2, Text: No Cost EMI
Tag Name: br, Text: 
Tag Name: br, Text: 
Tag Name: h2, Text: EMI on Debit Cards
Tag Name: br, Text: 
Tag Name: br, Text: 
Tag Name: h2, Text: Mobile Exchange Offers
Tag Name: br, Text: 
Tag Name: br, Text: 
Tag Name: h2, Text: What Can You Buy From Flipkart?
Tag Name: h2, Text: Mobile Phones
Tag Name: b, Text: the Flipkart Complete Mobile Protection
Tag Name: br, Text: 
Tag Name: br, Text: 
Tag Name: h2, Text: Electronic Devices and Accessories
Tag Name: b, Text: Back To College Store
Tag Name: br, Text: 
Tag Name: br, Text: 
Tag Name: br, Text: 
Tag Name: br, Text: 
Tag Name: br, Text: 
Tag Name: br, Text: 
Tag Name: br, Text: 
Tag Name: br, Text: 
Tag Name: h2, Text: Large Appliances
Tag Name: b, Text: Dependable TV and Appliance Store
Tag Name: br, Text: 
Tag Name: br, Text: 
Tag Name: a, Text: Purchases.oni@flipkart.com
Tag Name: br, Text: 
Tag Name: br, Text: 
Tag Name: h2, Text: Small Home Appliances
Tag Name: br, Text: 
Tag Name: br, Text: 
Tag Name: h2, Text: Lifestyle
Tag Name: b, Text: 'India ka Fashion Capital'
Tag Name: br, Text: 
Tag Name: br, Text: 
Tag Name: h2, Text: Home and Furniture
Tag Name: b, Text: Durability Certified Furniture Store
Tag Name: b, Text: Be FurniSure
Tag Name: br, Text: 
Tag Name: br, Text: 
Tag Name: br, Text: 
Tag Name: br, Text: 
Tag Name: h2, Text: Baby and Kids
Tag Name: br, Text: 
Tag Name: br, Text: 
Tag Name: h2, Text: Books, Sports and Games
Tag Name: br, Text: 
Tag Name: br, Text: 
Tag Name: h2, Text: Grocery/Supermart
Tag Name: b, Text: Supermart
Tag Name: b, Text: 1 Rupee Store
Tag Name: div, Text: ABOUT
Contact Us
About Us
Careers
Flipkart Stories
Press
Corporate Information
GROUP COMPANIES
Myntra
Flipkart Wholesale
Cleartrip
Shopsy
HELP
Payments
Shipping
Cancellation & Returns
FAQ
Report Infringement
CONSUMER POLICY
Cancellation & Returns
Terms Of Use
Security
Privacy
Sitemap
Grievance Redressal
EPR Compliance
Mail Us:
Flipkart Internet Private Limited,
Buildings Alyssa, Begonia &
Clove Embassy Tech Village,
Outer Ring Road, Devarabeesanahalli Village,
Bengaluru, 560103,
Karnataka, India
Social:
Registered Office Address:
Flipkart Internet Private Limited,
Buildings Alyssa, Begonia &
Clove Embassy Tech Village,
Outer Ring Road, Devarabeesanahalli Village,
Bengaluru, 560103,
Karnataka, India
CIN : U51109KA2012PTC066107
Telephone: 044-45614700
Become a Seller
Advertise
Gift Cards
Help Center
© 2007-2024 Flipkart.com
Tag Name: div, Text: ABOUT
Contact Us
About Us
Careers
Flipkart Stories
Press
Corporate Information
GROUP COMPANIES
Myntra
Flipkart Wholesale
Cleartrip
Shopsy
HELP
Payments
Shipping
Cancellation & Returns
FAQ
Report Infringement
CONSUMER POLICY
Cancellation & Returns
Terms Of Use
Security
Privacy
Sitemap
Grievance Redressal
EPR Compliance
Mail Us:
Flipkart Internet Private Limited,
Buildings Alyssa, Begonia &
Clove Embassy Tech Village,
Outer Ring Road, Devarabeesanahalli Village,
Bengaluru, 560103,
Karnataka, India
Social:
Registered Office Address:
Flipkart Internet Private Limited,
Buildings Alyssa, Begonia &
Clove Embassy Tech Village,
Outer Ring Road, Devarabeesanahalli Village,
Bengaluru, 560103,
Karnataka, India
CIN : U51109KA2012PTC066107
Telephone: 044-45614700
Tag Name: div, Text: ABOUT
Contact Us
About Us
Careers
Flipkart Stories
Press
Corporate Information
Tag Name: div, Text: ABOUT
Tag Name: a, Text: Contact Us
Tag Name: a, Text: About Us
Tag Name: a, Text: Careers
Tag Name: a, Text: Flipkart Stories
Tag Name: a, Text: Press
Tag Name: a, Text: Corporate Information
Tag Name: div, Text: GROUP COMPANIES
Myntra
Flipkart Wholesale
Cleartrip
Shopsy
Tag Name: div, Text: GROUP COMPANIES
Tag Name: a, Text: Myntra
Tag Name: a, Text: Flipkart Wholesale
Tag Name: a, Text: Cleartrip
Tag Name: a, Text: Shopsy
Tag Name: div, Text: HELP
Payments
Shipping
Cancellation & Returns
FAQ
Report Infringement
Tag Name: div, Text: HELP
Tag Name: a, Text: Payments
Tag Name: a, Text: Shipping
Tag Name: a, Text: Cancellation & Returns
Tag Name: a, Text: FAQ
Tag Name: a, Text: Report Infringement
Tag Name: div, Text: CONSUMER POLICY
Cancellation & Returns
Terms Of Use
Security
Privacy
Sitemap
Grievance Redressal
EPR Compliance
Tag Name: div, Text: CONSUMER POLICY
Tag Name: a, Text: Cancellation & Returns
Tag Name: a, Text: Terms Of Use
Tag Name: a, Text: Security
Tag Name: a, Text: Privacy
Tag Name: a, Text: Sitemap
Tag Name: a, Text: Grievance Redressal
Tag Name: a, Text: EPR Compliance
Tag Name: div, Text: Mail Us:
Flipkart Internet Private Limited,
Buildings Alyssa, Begonia &
Clove Embassy Tech Village,
Outer Ring Road, Devarabeesanahalli Village,
Bengaluru, 560103,
Karnataka, India
Social:
Tag Name: div, Text: Mail Us:
Tag Name: div, Text: Flipkart Internet Private Limited,
Buildings Alyssa, Begonia &
Clove Embassy Tech Village,
Outer Ring Road, Devarabeesanahalli Village,
Bengaluru, 560103,
Karnataka, India
Tag Name: p, Text: Flipkart Internet Private Limited,
Tag Name: p, Text: Buildings Alyssa, Begonia &
Tag Name: p, Text: Clove Embassy Tech Village,
Tag Name: p, Text: Outer Ring Road, Devarabeesanahalli Village,
Tag Name: p, Text: Bengaluru, 560103,
Tag Name: p, Text: Karnataka, India
Tag Name: div, Text: Social:
Tag Name: div, Text: 
Tag Name: div, Text: 
Tag Name: a, Text: 
Tag Name: img, Text: 
Tag Name: div, Text: 
Tag Name: a, Text: 
Tag Name: img, Text: 
Tag Name: div, Text: 
Tag Name: a, Text: 
Tag Name: img, Text: 
Tag Name: div, Text: Registered Office Address:
Flipkart Internet Private Limited,
Buildings Alyssa, Begonia &
Clove Embassy Tech Village,
Outer Ring Road, Devarabeesanahalli Village,
Bengaluru, 560103,
Karnataka, India
CIN : U51109KA2012PTC066107
Telephone: 044-45614700
Tag Name: div, Text: Registered Office Address:
Tag Name: div, Text: Flipkart Internet Private Limited,
Buildings Alyssa, Begonia &
Clove Embassy Tech Village,
Outer Ring Road, Devarabeesanahalli Village,
Bengaluru, 560103,
Karnataka, India
CIN : U51109KA2012PTC066107
Telephone: 044-45614700
Tag Name: p, Text: Flipkart Internet Private Limited,
Tag Name: p, Text: Buildings Alyssa, Begonia &
Tag Name: p, Text: Clove Embassy Tech Village,
Tag Name: p, Text: Outer Ring Road, Devarabeesanahalli Village,
Tag Name: p, Text: Bengaluru, 560103,
Tag Name: p, Text: Karnataka, India
Tag Name: p, Text: CIN : U51109KA2012PTC066107
Tag Name: p, Text: 
Tag Name: p, Text: Telephone: 044-45614700
Tag Name: a, Text: 044-45614700
Tag Name: div, Text: Become a Seller
Advertise
Gift Cards
Help Center
© 2007-2024 Flipkart.com
Tag Name: div, Text: Become a Seller
Tag Name: img, Text: 
Tag Name: a, Text: Become a Seller
Tag Name: span, Text: Become a Seller
Tag Name: div, Text: Advertise
Tag Name: img, Text: 
Tag Name: a, Text: Advertise
Tag Name: span, Text: Advertise
Tag Name: div, Text: Gift Cards
Tag Name: img, Text: 
Tag Name: a, Text: Gift Cards
Tag Name: span, Text: Gift Cards
Tag Name: div, Text: Help Center
Tag Name: img, Text: 
Tag Name: a, Text: Help Center
Tag Name: span, Text: Help Center
Tag Name: span, Text: © 2007-2024 Flipkart.com
Tag Name: span, Text: Flipkart.com
Tag Name: img, Text: 
Tag Name: div, Text: Liked the new design ?
Tag Name: div, Text: Liked the new design ?
Tag Name: div, Text: Liked the new design ?
Tag Name: span, Text: Liked the new design ?
Tag Name: img, Text: 
Tag Name: div, Text: 
Tag Name: div, Text: 
Tag Name: img, Text: 
Tag Name: div, Text: 
Tag Name: img, Text: 
Tag Name: div, Text: 
Tag Name: div, Text: 
Tag Name: div, Text: 
Tag Name: div, Text: 
Tag Name: div, Text: 
Tag Name: div, Text: 
Tag Name: div, Text: 
Tag Name: div, Text: 
Tag Name: div, Text: 
Tag Name: div, Text: 
Tag Name: div, Text: 
Tag Name: div, Text: 
Tag Name: div, Text: 
Tag Name: div, Text: 
Tag Name: div, Text: 
Tag Name: div, Text: 
Tag Name: footer, Text: 
Tag Name: script, Text: 
Tag Name: script, Text: 
Tag Name: script, Text: 
Tag Name: script, Text: 
Tag Name: script, Text: 
Tag Name: script, Text: 
Tag Name: script, Text: 
Tag Name: script, Text: 
Tag Name: script, Text: 
Tag Name: script, Text: 
Tag Name: script, Text: 
Tag Name: script, Text: 
Tag Name: script, Text: 
Tag Name: script, Text: 
Tag Name: script, Text: 
Tag Name: div, Text: 
]]></system-out>
    <system-err><![CDATA[SLF4J(W): No SLF4J providers were found.
SLF4J(W): Defaulting to no-operation (NOP) logger implementation
SLF4J(W): See https://www.slf4j.org/codes.html#noProviders for further details.
Starting ChromeDriver 124.0.6367.91 (51df0e5e17a8b0a4f281c1665dbd1b8a0c6b46af-refs/branch-heads/6367@{#984}) on port 25136
Only local connections are allowed.
Please see https://chromedriver.chromium.org/security-considerations for suggestions on keeping ChromeDriver safe.
ChromeDriver was started successfully.
May 01, 2024 3:55:36 PM org.openqa.selenium.remote.ProtocolHandshake createSession
INFO: Detected dialect: W3C
]]></system-err>
  </testcase>
</testsuite>