<?xml version="1.0" encoding="UTF-8"?>
<!-- Generated by org.testng.reporters.JUnitReportReporter -->
<testsuite hostname="SagarTripathis-MacBook-Pro.local" failures="0" tests="1" name="com.example.FlipkartElementTest" time="13.762" errors="0" timestamp="2024-05-01T15:55:50 MYT" skipped="0">
  <testcase classname="com.example.FlipkartElementTest" name="AllListElements" time="13.762"/>
  <system-out/>
</testsuite> <!-- com.example.FlipkartElementTest -->
